2023-10-12 20:08:24.042 INFO  [main]com.gaobug.GaobugApplication.logStarting:55 -Starting GaobugApplication using Java 1.8.0_301 on PC-202308021812 with PID 126444 (D:\seo\xxxseo1second-main\target\classes started by Administrator in D:\seo\xxxseo1second-main)
2023-10-12 20:08:24.047 INFO  [main]com.gaobug.GaobugApplication.logStartupProfileInfo:641 -The following profiles are active: dev
2023-10-12 20:08:24.566 INFO  [main]o.s.d.repository.config.RepositoryConfigurationDelegate.multipleStoresDetected:262 -Multiple Spring Data modules found, entering strict repository configuration mode!
2023-10-12 20:08:24.569 INFO  [main]o.s.d.repository.config.RepositoryConfigurationDelegate.registerRepositoriesIn:132 -Bootstrapping Spring Data Redis repositories in DEFAULT mode.
2023-10-12 20:08:24.586 INFO  [main]o.s.d.repository.config.RepositoryConfigurationDelegate.registerRepositoriesIn:201 -Finished Spring Data repository scanning in 6 ms. Found 0 Redis repository interfaces.
2023-10-12 20:08:24.851 INFO  [main]o.s.boot.web.embedded.tomcat.TomcatWebServer.initialize:108 -Tomcat initialized with port(s): 9156 (http)
2023-10-12 20:08:24.856 INFO  [main]org.apache.coyote.http11.Http11NioProtocol.log:173 -Initializing ProtocolHandler ["http-nio-9156"]
2023-10-12 20:08:24.856 INFO  [main]org.apache.catalina.core.StandardService.log:173 -Starting service [Tomcat]
2023-10-12 20:08:24.856 INFO  [main]org.apache.catalina.core.StandardEngine.log:173 -Starting Servlet engine: [Apache Tomcat/9.0.56]
2023-10-12 20:08:24.894 INFO  [main]o.a.catalina.core.ContainerBase.[Tomcat].[localhost].[/].log:173 -Initializing Spring embedded WebApplicationContext
2023-10-12 20:08:24.894 INFO  [main]o.s.b.w.s.context.ServletWebServerApplicationContext.prepareWebApplicationContext:290 -Root WebApplicationContext: initialization completed in 801 ms
2023-10-12 20:08:25.397 INFO  [main]org.apache.coyote.http11.Http11NioProtocol.log:173 -Starting ProtocolHandler ["http-nio-9156"]
2023-10-12 20:08:25.414 INFO  [main]o.s.boot.web.embedded.tomcat.TomcatWebServer.start:220 -Tomcat started on port(s): 9156 (http) with context path ''
2023-10-12 20:08:25.428 INFO  [main]com.gaobug.GaobugApplication.logStarted:61 -Started GaobugApplication in 1.883 seconds (JVM running for 2.504)
2023-10-12 20:08:30.751 INFO  [http-nio-9156-exec-1]o.a.catalina.core.ContainerBase.[Tomcat].[localhost].[/].log:173 -Initializing Spring DispatcherServlet 'dispatcherServlet'
2023-10-12 20:08:30.751 INFO  [http-nio-9156-exec-1]org.springframework.web.servlet.DispatcherServlet.initServletBean:525 -Initializing Servlet 'dispatcherServlet'
2023-10-12 20:08:30.752 INFO  [http-nio-9156-exec-1]org.springframework.web.servlet.DispatcherServlet.initServletBean:547 -Completed initialization in 1 ms
2023-10-12 20:15:25.582 INFO  [main]com.gaobug.GaobugApplication.logStarting:55 -Starting GaobugApplication using Java 1.8.0_301 on PC-202308021812 with PID 127004 (D:\seo\xxxseo1second-main\target\classes started by Administrator in D:\seo\xxxseo1second-main)
2023-10-12 20:15:25.583 INFO  [main]com.gaobug.GaobugApplication.logStartupProfileInfo:641 -The following profiles are active: dev
2023-10-12 20:15:25.906 INFO  [main]o.s.d.repository.config.RepositoryConfigurationDelegate.multipleStoresDetected:262 -Multiple Spring Data modules found, entering strict repository configuration mode!
2023-10-12 20:15:25.907 INFO  [main]o.s.d.repository.config.RepositoryConfigurationDelegate.registerRepositoriesIn:132 -Bootstrapping Spring Data Redis repositories in DEFAULT mode.
2023-10-12 20:15:25.917 INFO  [main]o.s.d.repository.config.RepositoryConfigurationDelegate.registerRepositoriesIn:201 -Finished Spring Data repository scanning in 3 ms. Found 0 Redis repository interfaces.
2023-10-12 20:15:26.125 INFO  [main]o.s.boot.web.embedded.tomcat.TomcatWebServer.initialize:108 -Tomcat initialized with port(s): 9156 (http)
2023-10-12 20:15:26.129 INFO  [main]org.apache.coyote.http11.Http11NioProtocol.log:173 -Initializing ProtocolHandler ["http-nio-9156"]
2023-10-12 20:15:26.130 INFO  [main]org.apache.catalina.core.StandardService.log:173 -Starting service [Tomcat]
2023-10-12 20:15:26.130 INFO  [main]org.apache.catalina.core.StandardEngine.log:173 -Starting Servlet engine: [Apache Tomcat/9.0.56]
2023-10-12 20:15:26.166 INFO  [main]o.a.catalina.core.ContainerBase.[Tomcat].[localhost].[/].log:173 -Initializing Spring embedded WebApplicationContext
2023-10-12 20:15:26.166 INFO  [main]o.s.b.w.s.context.ServletWebServerApplicationContext.prepareWebApplicationContext:290 -Root WebApplicationContext: initialization completed in 560 ms
2023-10-12 20:15:26.557 INFO  [main]org.apache.coyote.http11.Http11NioProtocol.log:173 -Starting ProtocolHandler ["http-nio-9156"]
2023-10-12 20:15:26.564 INFO  [main]o.s.boot.web.embedded.tomcat.TomcatWebServer.start:220 -Tomcat started on port(s): 9156 (http) with context path ''
2023-10-12 20:15:26.570 INFO  [main]com.gaobug.GaobugApplication.logStarted:61 -Started GaobugApplication in 1.265 seconds (JVM running for 1.603)
2023-10-12 20:15:41.208 INFO  [http-nio-9156-exec-1]o.a.catalina.core.ContainerBase.[Tomcat].[localhost].[/].log:173 -Initializing Spring DispatcherServlet 'dispatcherServlet'
2023-10-12 20:15:41.209 INFO  [http-nio-9156-exec-1]org.springframework.web.servlet.DispatcherServlet.initServletBean:525 -Initializing Servlet 'dispatcherServlet'
2023-10-12 20:15:41.209 INFO  [http-nio-9156-exec-1]org.springframework.web.servlet.DispatcherServlet.initServletBean:547 -Completed initialization in 0 ms
2023-10-12 20:19:39.860 INFO  [main]com.gaobug.GaobugApplication.logStarting:55 -Starting GaobugApplication using Java 1.8.0_301 on PC-202308021812 with PID 125996 (D:\seo\xxxseo1second-main\target\classes started by Administrator in D:\seo\xxxseo1second-main)
2023-10-12 20:19:39.862 INFO  [main]com.gaobug.GaobugApplication.logStartupProfileInfo:641 -The following profiles are active: dev
2023-10-12 20:19:40.443 INFO  [main]o.s.d.repository.config.RepositoryConfigurationDelegate.multipleStoresDetected:262 -Multiple Spring Data modules found, entering strict repository configuration mode!
2023-10-12 20:19:40.445 INFO  [main]o.s.d.repository.config.RepositoryConfigurationDelegate.registerRepositoriesIn:132 -Bootstrapping Spring Data Redis repositories in DEFAULT mode.
2023-10-12 20:19:40.458 INFO  [main]o.s.d.repository.config.RepositoryConfigurationDelegate.registerRepositoriesIn:201 -Finished Spring Data repository scanning in 4 ms. Found 0 Redis repository interfaces.
2023-10-12 20:19:40.735 INFO  [main]o.s.boot.web.embedded.tomcat.TomcatWebServer.initialize:108 -Tomcat initialized with port(s): 9156 (http)
2023-10-12 20:19:40.742 INFO  [main]org.apache.coyote.http11.Http11NioProtocol.log:173 -Initializing ProtocolHandler ["http-nio-9156"]
2023-10-12 20:19:40.742 INFO  [main]org.apache.catalina.core.StandardService.log:173 -Starting service [Tomcat]
2023-10-12 20:19:40.742 INFO  [main]org.apache.catalina.core.StandardEngine.log:173 -Starting Servlet engine: [Apache Tomcat/9.0.56]
2023-10-12 20:19:40.784 INFO  [main]o.a.catalina.core.ContainerBase.[Tomcat].[localhost].[/].log:173 -Initializing Spring embedded WebApplicationContext
2023-10-12 20:19:40.784 INFO  [main]o.s.b.w.s.context.ServletWebServerApplicationContext.prepareWebApplicationContext:290 -Root WebApplicationContext: initialization completed in 839 ms
2023-10-12 20:19:41.381 INFO  [main]org.apache.coyote.http11.Http11NioProtocol.log:173 -Starting ProtocolHandler ["http-nio-9156"]
2023-10-12 20:19:41.390 INFO  [main]o.s.boot.web.embedded.tomcat.TomcatWebServer.start:220 -Tomcat started on port(s): 9156 (http) with context path ''
2023-10-12 20:19:41.395 INFO  [main]com.gaobug.GaobugApplication.logStarted:61 -Started GaobugApplication in 2.07 seconds (JVM running for 3.056)
2023-10-12 20:19:42.209 INFO  [http-nio-9156-exec-1]o.a.catalina.core.ContainerBase.[Tomcat].[localhost].[/].log:173 -Initializing Spring DispatcherServlet 'dispatcherServlet'
2023-10-12 20:19:42.210 INFO  [http-nio-9156-exec-1]org.springframework.web.servlet.DispatcherServlet.initServletBean:525 -Initializing Servlet 'dispatcherServlet'
2023-10-12 20:19:42.211 INFO  [http-nio-9156-exec-1]org.springframework.web.servlet.DispatcherServlet.initServletBean:547 -Completed initialization in 1 ms
2023-10-12 20:20:20.027 INFO  [main]com.gaobug.GaobugApplication.logStarting:55 -Starting GaobugApplication using Java 1.8.0_301 on PC-202308021812 with PID 127908 (D:\seo\xxxseo1second-main\target\classes started by Administrator in D:\seo\xxxseo1second-main)
2023-10-12 20:20:20.029 INFO  [main]com.gaobug.GaobugApplication.logStartupProfileInfo:641 -The following profiles are active: dev
2023-10-12 20:20:20.495 INFO  [main]o.s.d.repository.config.RepositoryConfigurationDelegate.multipleStoresDetected:262 -Multiple Spring Data modules found, entering strict repository configuration mode!
2023-10-12 20:20:20.496 INFO  [main]o.s.d.repository.config.RepositoryConfigurationDelegate.registerRepositoriesIn:132 -Bootstrapping Spring Data Redis repositories in DEFAULT mode.
2023-10-12 20:20:20.511 INFO  [main]o.s.d.repository.config.RepositoryConfigurationDelegate.registerRepositoriesIn:201 -Finished Spring Data repository scanning in 4 ms. Found 0 Redis repository interfaces.
2023-10-12 20:20:20.748 INFO  [main]o.s.boot.web.embedded.tomcat.TomcatWebServer.initialize:108 -Tomcat initialized with port(s): 9156 (http)
2023-10-12 20:20:20.755 INFO  [main]org.apache.coyote.http11.Http11NioProtocol.log:173 -Initializing ProtocolHandler ["http-nio-9156"]
2023-10-12 20:20:20.755 INFO  [main]org.apache.catalina.core.StandardService.log:173 -Starting service [Tomcat]
2023-10-12 20:20:20.755 INFO  [main]org.apache.catalina.core.StandardEngine.log:173 -Starting Servlet engine: [Apache Tomcat/9.0.56]
2023-10-12 20:20:20.800 INFO  [main]o.a.catalina.core.ContainerBase.[Tomcat].[localhost].[/].log:173 -Initializing Spring embedded WebApplicationContext
2023-10-12 20:20:20.801 INFO  [main]o.s.b.w.s.context.ServletWebServerApplicationContext.prepareWebApplicationContext:290 -Root WebApplicationContext: initialization completed in 746 ms
2023-10-12 20:20:21.298 INFO  [main]org.apache.coyote.http11.Http11NioProtocol.log:173 -Starting ProtocolHandler ["http-nio-9156"]
2023-10-12 20:20:21.308 INFO  [main]o.s.boot.web.embedded.tomcat.TomcatWebServer.start:220 -Tomcat started on port(s): 9156 (http) with context path ''
2023-10-12 20:20:21.319 INFO  [main]com.gaobug.GaobugApplication.logStarted:61 -Started GaobugApplication in 1.706 seconds (JVM running for 2.11)
2023-10-12 20:20:21.654 INFO  [http-nio-9156-exec-1]o.a.catalina.core.ContainerBase.[Tomcat].[localhost].[/].log:173 -Initializing Spring DispatcherServlet 'dispatcherServlet'
2023-10-12 20:20:21.654 INFO  [http-nio-9156-exec-1]org.springframework.web.servlet.DispatcherServlet.initServletBean:525 -Initializing Servlet 'dispatcherServlet'
2023-10-12 20:20:21.655 INFO  [http-nio-9156-exec-1]org.springframework.web.servlet.DispatcherServlet.initServletBean:547 -Completed initialization in 1 ms
2023-10-12 20:21:04.464 INFO  [main]com.gaobug.GaobugApplication.logStarting:55 -Starting GaobugApplication using Java 1.8.0_301 on PC-202308021812 with PID 111400 (D:\seo\xxxseo1second-main\target\classes started by Administrator in D:\seo\xxxseo1second-main)
2023-10-12 20:21:04.468 INFO  [main]com.gaobug.GaobugApplication.logStartupProfileInfo:641 -The following profiles are active: dev
2023-10-12 20:21:05.039 INFO  [main]o.s.d.repository.config.RepositoryConfigurationDelegate.multipleStoresDetected:262 -Multiple Spring Data modules found, entering strict repository configuration mode!
2023-10-12 20:21:05.040 INFO  [main]o.s.d.repository.config.RepositoryConfigurationDelegate.registerRepositoriesIn:132 -Bootstrapping Spring Data Redis repositories in DEFAULT mode.
2023-10-12 20:21:05.061 INFO  [main]o.s.d.repository.config.RepositoryConfigurationDelegate.registerRepositoriesIn:201 -Finished Spring Data repository scanning in 6 ms. Found 0 Redis repository interfaces.
2023-10-12 20:21:05.365 INFO  [main]o.s.boot.web.embedded.tomcat.TomcatWebServer.initialize:108 -Tomcat initialized with port(s): 9156 (http)
2023-10-12 20:21:05.369 INFO  [main]org.apache.coyote.http11.Http11NioProtocol.log:173 -Initializing ProtocolHandler ["http-nio-9156"]
2023-10-12 20:21:05.370 INFO  [main]org.apache.catalina.core.StandardService.log:173 -Starting service [Tomcat]
2023-10-12 20:21:05.370 INFO  [main]org.apache.catalina.core.StandardEngine.log:173 -Starting Servlet engine: [Apache Tomcat/9.0.56]
2023-10-12 20:21:05.421 INFO  [main]o.a.catalina.core.ContainerBase.[Tomcat].[localhost].[/].log:173 -Initializing Spring embedded WebApplicationContext
2023-10-12 20:21:05.422 INFO  [main]o.s.b.w.s.context.ServletWebServerApplicationContext.prepareWebApplicationContext:290 -Root WebApplicationContext: initialization completed in 931 ms
2023-10-12 20:21:06.187 INFO  [main]org.apache.coyote.http11.Http11NioProtocol.log:173 -Starting ProtocolHandler ["http-nio-9156"]
2023-10-12 20:21:06.194 INFO  [main]o.s.boot.web.embedded.tomcat.TomcatWebServer.start:220 -Tomcat started on port(s): 9156 (http) with context path ''
2023-10-12 20:21:06.204 INFO  [main]com.gaobug.GaobugApplication.logStarted:61 -Started GaobugApplication in 2.063 seconds (JVM running for 2.476)
2023-10-12 20:21:07.301 INFO  [http-nio-9156-exec-1]o.a.catalina.core.ContainerBase.[Tomcat].[localhost].[/].log:173 -Initializing Spring DispatcherServlet 'dispatcherServlet'
2023-10-12 20:21:07.302 INFO  [http-nio-9156-exec-1]org.springframework.web.servlet.DispatcherServlet.initServletBean:525 -Initializing Servlet 'dispatcherServlet'
2023-10-12 20:21:07.306 INFO  [http-nio-9156-exec-1]org.springframework.web.servlet.DispatcherServlet.initServletBean:547 -Completed initialization in 3 ms
2023-10-12 20:22:49.851 INFO  [main]com.gaobug.GaobugApplication.logStarting:55 -Starting GaobugApplication using Java 1.8.0_301 on PC-202308021812 with PID 124408 (D:\seo\xxxseo1second-main\target\classes started by Administrator in D:\seo\xxxseo1second-main)
2023-10-12 20:22:49.853 INFO  [main]com.gaobug.GaobugApplication.logStartupProfileInfo:641 -The following profiles are active: dev
2023-10-12 20:22:50.376 INFO  [main]o.s.d.repository.config.RepositoryConfigurationDelegate.multipleStoresDetected:262 -Multiple Spring Data modules found, entering strict repository configuration mode!
2023-10-12 20:22:50.379 INFO  [main]o.s.d.repository.config.RepositoryConfigurationDelegate.registerRepositoriesIn:132 -Bootstrapping Spring Data Redis repositories in DEFAULT mode.
2023-10-12 20:22:50.405 INFO  [main]o.s.d.repository.config.RepositoryConfigurationDelegate.registerRepositoriesIn:201 -Finished Spring Data repository scanning in 6 ms. Found 0 Redis repository interfaces.
2023-10-12 20:22:50.903 INFO  [main]o.s.boot.web.embedded.tomcat.TomcatWebServer.initialize:108 -Tomcat initialized with port(s): 9156 (http)
2023-10-12 20:22:50.913 INFO  [main]org.apache.coyote.http11.Http11NioProtocol.log:173 -Initializing ProtocolHandler ["http-nio-9156"]
2023-10-12 20:22:50.915 INFO  [main]org.apache.catalina.core.StandardService.log:173 -Starting service [Tomcat]
2023-10-12 20:22:50.918 INFO  [main]org.apache.catalina.core.StandardEngine.log:173 -Starting Servlet engine: [Apache Tomcat/9.0.56]
2023-10-12 20:22:50.977 INFO  [main]o.a.catalina.core.ContainerBase.[Tomcat].[localhost].[/].log:173 -Initializing Spring embedded WebApplicationContext
2023-10-12 20:22:50.978 INFO  [main]o.s.b.w.s.context.ServletWebServerApplicationContext.prepareWebApplicationContext:290 -Root WebApplicationContext: initialization completed in 1090 ms
2023-10-12 20:22:51.879 INFO  [main]org.apache.coyote.http11.Http11NioProtocol.log:173 -Starting ProtocolHandler ["http-nio-9156"]
2023-10-12 20:22:51.890 INFO  [main]o.s.boot.web.embedded.tomcat.TomcatWebServer.start:220 -Tomcat started on port(s): 9156 (http) with context path ''
2023-10-12 20:22:51.896 INFO  [main]com.gaobug.GaobugApplication.logStarted:61 -Started GaobugApplication in 2.451 seconds (JVM running for 2.84)
2023-10-12 20:22:52.448 INFO  [http-nio-9156-exec-1]o.a.catalina.core.ContainerBase.[Tomcat].[localhost].[/].log:173 -Initializing Spring DispatcherServlet 'dispatcherServlet'
2023-10-12 20:22:52.449 INFO  [http-nio-9156-exec-1]org.springframework.web.servlet.DispatcherServlet.initServletBean:525 -Initializing Servlet 'dispatcherServlet'
2023-10-12 20:22:52.452 INFO  [http-nio-9156-exec-1]org.springframework.web.servlet.DispatcherServlet.initServletBean:547 -Completed initialization in 2 ms
2023-10-12 20:26:17.527 INFO  [main]com.gaobug.GaobugApplication.logStarting:55 -Starting GaobugApplication using Java 1.8.0_301 on PC-202308021812 with PID 118488 (D:\seo\xxxseo1second-main\target\classes started by Administrator in D:\seo\xxxseo1second-main)
2023-10-12 20:26:17.528 INFO  [main]com.gaobug.GaobugApplication.logStartupProfileInfo:641 -The following profiles are active: dev
2023-10-12 20:26:18.085 INFO  [main]o.s.d.repository.config.RepositoryConfigurationDelegate.multipleStoresDetected:262 -Multiple Spring Data modules found, entering strict repository configuration mode!
2023-10-12 20:26:18.086 INFO  [main]o.s.d.repository.config.RepositoryConfigurationDelegate.registerRepositoriesIn:132 -Bootstrapping Spring Data Redis repositories in DEFAULT mode.
2023-10-12 20:26:18.105 INFO  [main]o.s.d.repository.config.RepositoryConfigurationDelegate.registerRepositoriesIn:201 -Finished Spring Data repository scanning in 9 ms. Found 0 Redis repository interfaces.
2023-10-12 20:26:18.446 INFO  [main]o.s.boot.web.embedded.tomcat.TomcatWebServer.initialize:108 -Tomcat initialized with port(s): 9156 (http)
2023-10-12 20:26:18.453 INFO  [main]org.apache.coyote.http11.Http11NioProtocol.log:173 -Initializing ProtocolHandler ["http-nio-9156"]
2023-10-12 20:26:18.454 INFO  [main]org.apache.catalina.core.StandardService.log:173 -Starting service [Tomcat]
2023-10-12 20:26:18.454 INFO  [main]org.apache.catalina.core.StandardEngine.log:173 -Starting Servlet engine: [Apache Tomcat/9.0.56]
2023-10-12 20:26:18.493 INFO  [main]o.a.catalina.core.ContainerBase.[Tomcat].[localhost].[/].log:173 -Initializing Spring embedded WebApplicationContext
2023-10-12 20:26:18.493 INFO  [main]o.s.b.w.s.context.ServletWebServerApplicationContext.prepareWebApplicationContext:290 -Root WebApplicationContext: initialization completed in 928 ms
2023-10-12 20:26:18.945 INFO  [main]org.apache.coyote.http11.Http11NioProtocol.log:173 -Starting ProtocolHandler ["http-nio-9156"]
2023-10-12 20:26:18.955 INFO  [main]o.s.boot.web.embedded.tomcat.TomcatWebServer.start:220 -Tomcat started on port(s): 9156 (http) with context path ''
2023-10-12 20:26:18.961 INFO  [main]com.gaobug.GaobugApplication.logStarted:61 -Started GaobugApplication in 1.861 seconds (JVM running for 2.314)
2023-10-12 20:26:19.496 INFO  [http-nio-9156-exec-1]o.a.catalina.core.ContainerBase.[Tomcat].[localhost].[/].log:173 -Initializing Spring DispatcherServlet 'dispatcherServlet'
2023-10-12 20:26:19.496 INFO  [http-nio-9156-exec-1]org.springframework.web.servlet.DispatcherServlet.initServletBean:525 -Initializing Servlet 'dispatcherServlet'
2023-10-12 20:26:19.499 INFO  [http-nio-9156-exec-1]org.springframework.web.servlet.DispatcherServlet.initServletBean:547 -Completed initialization in 3 ms
2023-10-12 20:28:12.442 INFO  [main]com.gaobug.GaobugApplication.logStarting:55 -Starting GaobugApplication using Java 1.8.0_301 on PC-202308021812 with PID 127988 (D:\seo\xxxseo1second-main\target\classes started by Administrator in D:\seo\xxxseo1second-main)
2023-10-12 20:28:12.444 INFO  [main]com.gaobug.GaobugApplication.logStartupProfileInfo:641 -The following profiles are active: dev
2023-10-12 20:28:12.901 INFO  [main]o.s.d.repository.config.RepositoryConfigurationDelegate.multipleStoresDetected:262 -Multiple Spring Data modules found, entering strict repository configuration mode!
2023-10-12 20:28:12.903 INFO  [main]o.s.d.repository.config.RepositoryConfigurationDelegate.registerRepositoriesIn:132 -Bootstrapping Spring Data Redis repositories in DEFAULT mode.
2023-10-12 20:28:12.915 INFO  [main]o.s.d.repository.config.RepositoryConfigurationDelegate.registerRepositoriesIn:201 -Finished Spring Data repository scanning in 4 ms. Found 0 Redis repository interfaces.
2023-10-12 20:28:13.164 INFO  [main]o.s.boot.web.embedded.tomcat.TomcatWebServer.initialize:108 -Tomcat initialized with port(s): 9156 (http)
2023-10-12 20:28:13.169 INFO  [main]org.apache.coyote.http11.Http11NioProtocol.log:173 -Initializing ProtocolHandler ["http-nio-9156"]
2023-10-12 20:28:13.169 INFO  [main]org.apache.catalina.core.StandardService.log:173 -Starting service [Tomcat]
2023-10-12 20:28:13.169 INFO  [main]org.apache.catalina.core.StandardEngine.log:173 -Starting Servlet engine: [Apache Tomcat/9.0.56]
2023-10-12 20:28:13.210 INFO  [main]o.a.catalina.core.ContainerBase.[Tomcat].[localhost].[/].log:173 -Initializing Spring embedded WebApplicationContext
2023-10-12 20:28:13.210 INFO  [main]o.s.b.w.s.context.ServletWebServerApplicationContext.prepareWebApplicationContext:290 -Root WebApplicationContext: initialization completed in 735 ms
2023-10-12 20:28:13.694 INFO  [main]org.apache.coyote.http11.Http11NioProtocol.log:173 -Starting ProtocolHandler ["http-nio-9156"]
2023-10-12 20:28:13.706 INFO  [main]o.s.boot.web.embedded.tomcat.TomcatWebServer.start:220 -Tomcat started on port(s): 9156 (http) with context path ''
2023-10-12 20:28:13.712 INFO  [main]com.gaobug.GaobugApplication.logStarted:61 -Started GaobugApplication in 1.65 seconds (JVM running for 2.298)
2023-10-12 20:28:14.217 INFO  [http-nio-9156-exec-1]o.a.catalina.core.ContainerBase.[Tomcat].[localhost].[/].log:173 -Initializing Spring DispatcherServlet 'dispatcherServlet'
2023-10-12 20:28:14.218 INFO  [http-nio-9156-exec-1]org.springframework.web.servlet.DispatcherServlet.initServletBean:525 -Initializing Servlet 'dispatcherServlet'
2023-10-12 20:28:14.219 INFO  [http-nio-9156-exec-1]org.springframework.web.servlet.DispatcherServlet.initServletBean:547 -Completed initialization in 1 ms
2023-10-12 20:31:46.370 INFO  [main]com.gaobug.GaobugApplication.logStarting:55 -Starting GaobugApplication using Java 1.8.0_301 on PC-202308021812 with PID 120428 (D:\seo\xxxseo1second-main\target\classes started by Administrator in D:\seo\xxxseo1second-main)
2023-10-12 20:31:46.372 INFO  [main]com.gaobug.GaobugApplication.logStartupProfileInfo:641 -The following profiles are active: dev
2023-10-12 20:31:46.856 INFO  [main]o.s.d.repository.config.RepositoryConfigurationDelegate.multipleStoresDetected:262 -Multiple Spring Data modules found, entering strict repository configuration mode!
2023-10-12 20:31:46.857 INFO  [main]o.s.d.repository.config.RepositoryConfigurationDelegate.registerRepositoriesIn:132 -Bootstrapping Spring Data Redis repositories in DEFAULT mode.
2023-10-12 20:31:46.870 INFO  [main]o.s.d.repository.config.RepositoryConfigurationDelegate.registerRepositoriesIn:201 -Finished Spring Data repository scanning in 5 ms. Found 0 Redis repository interfaces.
2023-10-12 20:31:47.136 INFO  [main]o.s.boot.web.embedded.tomcat.TomcatWebServer.initialize:108 -Tomcat initialized with port(s): 9156 (http)
2023-10-12 20:31:47.141 INFO  [main]org.apache.coyote.http11.Http11NioProtocol.log:173 -Initializing ProtocolHandler ["http-nio-9156"]
2023-10-12 20:31:47.141 INFO  [main]org.apache.catalina.core.StandardService.log:173 -Starting service [Tomcat]
2023-10-12 20:31:47.141 INFO  [main]org.apache.catalina.core.StandardEngine.log:173 -Starting Servlet engine: [Apache Tomcat/9.0.56]
2023-10-12 20:31:47.180 INFO  [main]o.a.catalina.core.ContainerBase.[Tomcat].[localhost].[/].log:173 -Initializing Spring embedded WebApplicationContext
2023-10-12 20:31:47.180 INFO  [main]o.s.b.w.s.context.ServletWebServerApplicationContext.prepareWebApplicationContext:290 -Root WebApplicationContext: initialization completed in 784 ms
2023-10-12 20:31:47.710 INFO  [main]org.apache.coyote.http11.Http11NioProtocol.log:173 -Starting ProtocolHandler ["http-nio-9156"]
2023-10-12 20:31:47.721 INFO  [main]o.s.boot.web.embedded.tomcat.TomcatWebServer.start:220 -Tomcat started on port(s): 9156 (http) with context path ''
2023-10-12 20:31:47.727 INFO  [main]com.gaobug.GaobugApplication.logStarted:61 -Started GaobugApplication in 1.774 seconds (JVM running for 2.68)
2023-10-12 20:31:47.980 INFO  [http-nio-9156-exec-1]o.a.catalina.core.ContainerBase.[Tomcat].[localhost].[/].log:173 -Initializing Spring DispatcherServlet 'dispatcherServlet'
2023-10-12 20:31:47.980 INFO  [http-nio-9156-exec-1]org.springframework.web.servlet.DispatcherServlet.initServletBean:525 -Initializing Servlet 'dispatcherServlet'
2023-10-12 20:31:47.980 INFO  [http-nio-9156-exec-1]org.springframework.web.servlet.DispatcherServlet.initServletBean:547 -Completed initialization in 0 ms
2023-10-12 20:32:30.460 INFO  [main]com.gaobug.GaobugApplication.logStarting:55 -Starting GaobugApplication using Java 1.8.0_301 on PC-202308021812 with PID 127488 (D:\seo\xxxseo1second-main\target\classes started by Administrator in D:\seo\xxxseo1second-main)
2023-10-12 20:32:30.462 INFO  [main]com.gaobug.GaobugApplication.logStartupProfileInfo:641 -The following profiles are active: dev
2023-10-12 20:32:30.795 INFO  [main]o.s.d.repository.config.RepositoryConfigurationDelegate.multipleStoresDetected:262 -Multiple Spring Data modules found, entering strict repository configuration mode!
2023-10-12 20:32:30.796 INFO  [main]o.s.d.repository.config.RepositoryConfigurationDelegate.registerRepositoriesIn:132 -Bootstrapping Spring Data Redis repositories in DEFAULT mode.
2023-10-12 20:32:30.806 INFO  [main]o.s.d.repository.config.RepositoryConfigurationDelegate.registerRepositoriesIn:201 -Finished Spring Data repository scanning in 3 ms. Found 0 Redis repository interfaces.
2023-10-12 20:32:31.000 INFO  [main]o.s.boot.web.embedded.tomcat.TomcatWebServer.initialize:108 -Tomcat initialized with port(s): 9156 (http)
2023-10-12 20:32:31.004 INFO  [main]org.apache.coyote.http11.Http11NioProtocol.log:173 -Initializing ProtocolHandler ["http-nio-9156"]
2023-10-12 20:32:31.004 INFO  [main]org.apache.catalina.core.StandardService.log:173 -Starting service [Tomcat]
2023-10-12 20:32:31.004 INFO  [main]org.apache.catalina.core.StandardEngine.log:173 -Starting Servlet engine: [Apache Tomcat/9.0.56]
2023-10-12 20:32:31.039 INFO  [main]o.a.catalina.core.ContainerBase.[Tomcat].[localhost].[/].log:173 -Initializing Spring embedded WebApplicationContext
2023-10-12 20:32:31.039 INFO  [main]o.s.b.w.s.context.ServletWebServerApplicationContext.prepareWebApplicationContext:290 -Root WebApplicationContext: initialization completed in 553 ms
2023-10-12 20:32:31.451 INFO  [main]org.apache.coyote.http11.Http11NioProtocol.log:173 -Starting ProtocolHandler ["http-nio-9156"]
2023-10-12 20:32:31.460 INFO  [main]o.s.boot.web.embedded.tomcat.TomcatWebServer.start:220 -Tomcat started on port(s): 9156 (http) with context path ''
2023-10-12 20:32:31.470 INFO  [main]com.gaobug.GaobugApplication.logStarted:61 -Started GaobugApplication in 1.729 seconds (JVM running for 2.123)
2023-10-12 20:32:32.744 INFO  [http-nio-9156-exec-1]o.a.catalina.core.ContainerBase.[Tomcat].[localhost].[/].log:173 -Initializing Spring DispatcherServlet 'dispatcherServlet'
2023-10-12 20:32:32.744 INFO  [http-nio-9156-exec-1]org.springframework.web.servlet.DispatcherServlet.initServletBean:525 -Initializing Servlet 'dispatcherServlet'
2023-10-12 20:32:32.745 INFO  [http-nio-9156-exec-1]org.springframework.web.servlet.DispatcherServlet.initServletBean:547 -Completed initialization in 0 ms
2023-10-12 20:33:05.095 INFO  [main]com.gaobug.GaobugApplication.logStarting:55 -Starting GaobugApplication using Java 1.8.0_301 on PC-202308021812 with PID 117344 (D:\seo\xxxseo1second-main\target\classes started by Administrator in D:\seo\xxxseo1second-main)
2023-10-12 20:33:05.096 INFO  [main]com.gaobug.GaobugApplication.logStartupProfileInfo:641 -The following profiles are active: dev
2023-10-12 20:33:05.428 INFO  [main]o.s.d.repository.config.RepositoryConfigurationDelegate.multipleStoresDetected:262 -Multiple Spring Data modules found, entering strict repository configuration mode!
2023-10-12 20:33:05.429 INFO  [main]o.s.d.repository.config.RepositoryConfigurationDelegate.registerRepositoriesIn:132 -Bootstrapping Spring Data Redis repositories in DEFAULT mode.
2023-10-12 20:33:05.440 INFO  [main]o.s.d.repository.config.RepositoryConfigurationDelegate.registerRepositoriesIn:201 -Finished Spring Data repository scanning in 3 ms. Found 0 Redis repository interfaces.
2023-10-12 20:33:05.662 INFO  [main]o.s.boot.web.embedded.tomcat.TomcatWebServer.initialize:108 -Tomcat initialized with port(s): 9156 (http)
2023-10-12 20:33:05.669 INFO  [main]org.apache.coyote.http11.Http11NioProtocol.log:173 -Initializing ProtocolHandler ["http-nio-9156"]
2023-10-12 20:33:05.669 INFO  [main]org.apache.catalina.core.StandardService.log:173 -Starting service [Tomcat]
2023-10-12 20:33:05.670 INFO  [main]org.apache.catalina.core.StandardEngine.log:173 -Starting Servlet engine: [Apache Tomcat/9.0.56]
2023-10-12 20:33:05.708 INFO  [main]o.a.catalina.core.ContainerBase.[Tomcat].[localhost].[/].log:173 -Initializing Spring embedded WebApplicationContext
2023-10-12 20:33:05.708 INFO  [main]o.s.b.w.s.context.ServletWebServerApplicationContext.prepareWebApplicationContext:290 -Root WebApplicationContext: initialization completed in 591 ms
2023-10-12 20:33:06.125 INFO  [main]org.apache.coyote.http11.Http11NioProtocol.log:173 -Starting ProtocolHandler ["http-nio-9156"]
2023-10-12 20:33:06.135 INFO  [main]o.s.boot.web.embedded.tomcat.TomcatWebServer.start:220 -Tomcat started on port(s): 9156 (http) with context path ''
2023-10-12 20:33:06.140 INFO  [main]com.gaobug.GaobugApplication.logStarted:61 -Started GaobugApplication in 1.306 seconds (JVM running for 1.62)
2023-10-12 20:35:40.625 INFO  [main]com.gaobug.GaobugApplication.logStarting:55 -Starting GaobugApplication using Java 1.8.0_301 on PC-202308021812 with PID 118924 (D:\seo\xxxseo1second-main\target\classes started by Administrator in D:\seo\xxxseo1second-main)
2023-10-12 20:35:40.630 INFO  [main]com.gaobug.GaobugApplication.logStartupProfileInfo:641 -The following profiles are active: dev
2023-10-12 20:35:41.216 INFO  [main]o.s.d.repository.config.RepositoryConfigurationDelegate.multipleStoresDetected:262 -Multiple Spring Data modules found, entering strict repository configuration mode!
2023-10-12 20:35:41.219 INFO  [main]o.s.d.repository.config.RepositoryConfigurationDelegate.registerRepositoriesIn:132 -Bootstrapping Spring Data Redis repositories in DEFAULT mode.
2023-10-12 20:35:41.236 INFO  [main]o.s.d.repository.config.RepositoryConfigurationDelegate.registerRepositoriesIn:201 -Finished Spring Data repository scanning in 3 ms. Found 0 Redis repository interfaces.
2023-10-12 20:35:41.433 INFO  [main]o.s.boot.web.embedded.tomcat.TomcatWebServer.initialize:108 -Tomcat initialized with port(s): 9156 (http)
2023-10-12 20:35:41.437 INFO  [main]org.apache.coyote.http11.Http11NioProtocol.log:173 -Initializing ProtocolHandler ["http-nio-9156"]
2023-10-12 20:35:41.438 INFO  [main]org.apache.catalina.core.StandardService.log:173 -Starting service [Tomcat]
2023-10-12 20:35:41.438 INFO  [main]org.apache.catalina.core.StandardEngine.log:173 -Starting Servlet engine: [Apache Tomcat/9.0.56]
2023-10-12 20:35:41.481 INFO  [main]o.a.catalina.core.ContainerBase.[Tomcat].[localhost].[/].log:173 -Initializing Spring embedded WebApplicationContext
2023-10-12 20:35:41.482 INFO  [main]o.s.b.w.s.context.ServletWebServerApplicationContext.prepareWebApplicationContext:290 -Root WebApplicationContext: initialization completed in 809 ms
2023-10-12 20:35:42.196 INFO  [main]org.apache.coyote.http11.Http11NioProtocol.log:173 -Starting ProtocolHandler ["http-nio-9156"]
2023-10-12 20:35:42.262 INFO  [main]o.s.boot.web.embedded.tomcat.TomcatWebServer.start:220 -Tomcat started on port(s): 9156 (http) with context path ''
2023-10-12 20:35:42.272 INFO  [main]com.gaobug.GaobugApplication.logStarted:61 -Started GaobugApplication in 2.493 seconds (JVM running for 3.326)
2023-10-12 20:35:43.252 INFO  [http-nio-9156-exec-1]o.a.catalina.core.ContainerBase.[Tomcat].[localhost].[/].log:173 -Initializing Spring DispatcherServlet 'dispatcherServlet'
2023-10-12 20:35:43.252 INFO  [http-nio-9156-exec-1]org.springframework.web.servlet.DispatcherServlet.initServletBean:525 -Initializing Servlet 'dispatcherServlet'
2023-10-12 20:35:43.253 INFO  [http-nio-9156-exec-1]org.springframework.web.servlet.DispatcherServlet.initServletBean:547 -Completed initialization in 1 ms
2023-10-12 20:38:20.061 INFO  [main]com.gaobug.GaobugApplication.logStarting:55 -Starting GaobugApplication using Java 1.8.0_301 on PC-202308021812 with PID 113200 (D:\seo\xxxseo1second-main\target\classes started by Administrator in D:\seo\xxxseo1second-main)
2023-10-12 20:38:20.064 INFO  [main]com.gaobug.GaobugApplication.logStartupProfileInfo:641 -The following profiles are active: dev
2023-10-12 20:38:20.754 INFO  [main]o.s.d.repository.config.RepositoryConfigurationDelegate.multipleStoresDetected:262 -Multiple Spring Data modules found, entering strict repository configuration mode!
2023-10-12 20:38:20.757 INFO  [main]o.s.d.repository.config.RepositoryConfigurationDelegate.registerRepositoriesIn:132 -Bootstrapping Spring Data Redis repositories in DEFAULT mode.
2023-10-12 20:38:20.775 INFO  [main]o.s.d.repository.config.RepositoryConfigurationDelegate.registerRepositoriesIn:201 -Finished Spring Data repository scanning in 7 ms. Found 0 Redis repository interfaces.
2023-10-12 20:38:21.072 INFO  [main]o.s.boot.web.embedded.tomcat.TomcatWebServer.initialize:108 -Tomcat initialized with port(s): 9156 (http)
2023-10-12 20:38:21.083 INFO  [main]org.apache.coyote.http11.Http11NioProtocol.log:173 -Initializing ProtocolHandler ["http-nio-9156"]
2023-10-12 20:38:21.084 INFO  [main]org.apache.catalina.core.StandardService.log:173 -Starting service [Tomcat]
2023-10-12 20:38:21.084 INFO  [main]org.apache.catalina.core.StandardEngine.log:173 -Starting Servlet engine: [Apache Tomcat/9.0.56]
2023-10-12 20:38:21.127 INFO  [main]o.a.catalina.core.ContainerBase.[Tomcat].[localhost].[/].log:173 -Initializing Spring embedded WebApplicationContext
2023-10-12 20:38:21.127 INFO  [main]o.s.b.w.s.context.ServletWebServerApplicationContext.prepareWebApplicationContext:290 -Root WebApplicationContext: initialization completed in 997 ms
2023-10-12 20:38:21.952 INFO  [main]org.apache.coyote.http11.Http11NioProtocol.log:173 -Starting ProtocolHandler ["http-nio-9156"]
2023-10-12 20:38:21.971 INFO  [main]o.s.boot.web.embedded.tomcat.TomcatWebServer.start:220 -Tomcat started on port(s): 9156 (http) with context path ''
2023-10-12 20:38:21.980 INFO  [main]com.gaobug.GaobugApplication.logStarted:61 -Started GaobugApplication in 3.02 seconds (JVM running for 3.519)
2023-10-12 20:38:22.276 INFO  [http-nio-9156-exec-1]o.a.catalina.core.ContainerBase.[Tomcat].[localhost].[/].log:173 -Initializing Spring DispatcherServlet 'dispatcherServlet'
2023-10-12 20:38:22.277 INFO  [http-nio-9156-exec-1]org.springframework.web.servlet.DispatcherServlet.initServletBean:525 -Initializing Servlet 'dispatcherServlet'
2023-10-12 20:38:22.277 INFO  [http-nio-9156-exec-1]org.springframework.web.servlet.DispatcherServlet.initServletBean:547 -Completed initialization in 0 ms
2023-10-12 20:39:38.355 INFO  [main]com.gaobug.GaobugApplication.logStarting:55 -Starting GaobugApplication using Java 1.8.0_301 on PC-202308021812 with PID 117484 (D:\seo\xxxseo1second-main\target\classes started by Administrator in D:\seo\xxxseo1second-main)
2023-10-12 20:39:38.359 INFO  [main]com.gaobug.GaobugApplication.logStartupProfileInfo:641 -The following profiles are active: dev
2023-10-12 20:39:38.781 INFO  [main]o.s.d.repository.config.RepositoryConfigurationDelegate.multipleStoresDetected:262 -Multiple Spring Data modules found, entering strict repository configuration mode!
2023-10-12 20:39:38.784 INFO  [main]o.s.d.repository.config.RepositoryConfigurationDelegate.registerRepositoriesIn:132 -Bootstrapping Spring Data Redis repositories in DEFAULT mode.
2023-10-12 20:39:38.800 INFO  [main]o.s.d.repository.config.RepositoryConfigurationDelegate.registerRepositoriesIn:201 -Finished Spring Data repository scanning in 5 ms. Found 0 Redis repository interfaces.
2023-10-12 20:39:39.029 INFO  [main]o.s.boot.web.embedded.tomcat.TomcatWebServer.initialize:108 -Tomcat initialized with port(s): 9156 (http)
2023-10-12 20:39:39.034 INFO  [main]org.apache.coyote.http11.Http11NioProtocol.log:173 -Initializing ProtocolHandler ["http-nio-9156"]
2023-10-12 20:39:39.035 INFO  [main]org.apache.catalina.core.StandardService.log:173 -Starting service [Tomcat]
2023-10-12 20:39:39.035 INFO  [main]org.apache.catalina.core.StandardEngine.log:173 -Starting Servlet engine: [Apache Tomcat/9.0.56]
2023-10-12 20:39:39.071 INFO  [main]o.a.catalina.core.ContainerBase.[Tomcat].[localhost].[/].log:173 -Initializing Spring embedded WebApplicationContext
2023-10-12 20:39:39.071 INFO  [main]o.s.b.w.s.context.ServletWebServerApplicationContext.prepareWebApplicationContext:290 -Root WebApplicationContext: initialization completed in 670 ms
2023-10-12 20:39:39.585 INFO  [main]org.apache.coyote.http11.Http11NioProtocol.log:173 -Starting ProtocolHandler ["http-nio-9156"]
2023-10-12 20:39:39.596 INFO  [main]o.s.boot.web.embedded.tomcat.TomcatWebServer.start:220 -Tomcat started on port(s): 9156 (http) with context path ''
2023-10-12 20:39:39.605 INFO  [main]com.gaobug.GaobugApplication.logStarted:61 -Started GaobugApplication in 1.658 seconds (JVM running for 2.047)
2023-10-12 20:39:39.813 INFO  [http-nio-9156-exec-1]o.a.catalina.core.ContainerBase.[Tomcat].[localhost].[/].log:173 -Initializing Spring DispatcherServlet 'dispatcherServlet'
2023-10-12 20:39:39.813 INFO  [http-nio-9156-exec-1]org.springframework.web.servlet.DispatcherServlet.initServletBean:525 -Initializing Servlet 'dispatcherServlet'
2023-10-12 20:39:39.814 INFO  [http-nio-9156-exec-1]org.springframework.web.servlet.DispatcherServlet.initServletBean:547 -Completed initialization in 1 ms
2023-10-12 20:41:33.556 INFO  [main]com.gaobug.GaobugApplication.logStarting:55 -Starting GaobugApplication using Java 1.8.0_301 on PC-202308021812 with PID 39628 (D:\seo\xxxseo1second-main\target\classes started by Administrator in D:\seo\xxxseo1second-main)
2023-10-12 20:41:33.558 INFO  [main]com.gaobug.GaobugApplication.logStartupProfileInfo:641 -The following profiles are active: dev
2023-10-12 20:41:33.943 INFO  [main]o.s.d.repository.config.RepositoryConfigurationDelegate.multipleStoresDetected:262 -Multiple Spring Data modules found, entering strict repository configuration mode!
2023-10-12 20:41:33.944 INFO  [main]o.s.d.repository.config.RepositoryConfigurationDelegate.registerRepositoriesIn:132 -Bootstrapping Spring Data Redis repositories in DEFAULT mode.
2023-10-12 20:41:33.957 INFO  [main]o.s.d.repository.config.RepositoryConfigurationDelegate.registerRepositoriesIn:201 -Finished Spring Data repository scanning in 3 ms. Found 0 Redis repository interfaces.
2023-10-12 20:41:34.244 INFO  [main]o.s.boot.web.embedded.tomcat.TomcatWebServer.initialize:108 -Tomcat initialized with port(s): 9156 (http)
2023-10-12 20:41:34.251 INFO  [main]org.apache.coyote.http11.Http11NioProtocol.log:173 -Initializing ProtocolHandler ["http-nio-9156"]
2023-10-12 20:41:34.251 INFO  [main]org.apache.catalina.core.StandardService.log:173 -Starting service [Tomcat]
2023-10-12 20:41:34.252 INFO  [main]org.apache.catalina.core.StandardEngine.log:173 -Starting Servlet engine: [Apache Tomcat/9.0.56]
2023-10-12 20:41:34.293 INFO  [main]o.a.catalina.core.ContainerBase.[Tomcat].[localhost].[/].log:173 -Initializing Spring embedded WebApplicationContext
2023-10-12 20:41:34.293 INFO  [main]o.s.b.w.s.context.ServletWebServerApplicationContext.prepareWebApplicationContext:290 -Root WebApplicationContext: initialization completed in 705 ms
2023-10-12 20:41:34.723 INFO  [main]org.apache.coyote.http11.Http11NioProtocol.log:173 -Starting ProtocolHandler ["http-nio-9156"]
2023-10-12 20:41:34.729 INFO  [main]o.s.boot.web.embedded.tomcat.TomcatWebServer.start:220 -Tomcat started on port(s): 9156 (http) with context path ''
2023-10-12 20:41:34.736 INFO  [main]com.gaobug.GaobugApplication.logStarted:61 -Started GaobugApplication in 1.499 seconds (JVM running for 1.932)
2023-10-12 20:41:55.346 INFO  [http-nio-9156-exec-1]o.a.catalina.core.ContainerBase.[Tomcat].[localhost].[/].log:173 -Initializing Spring DispatcherServlet 'dispatcherServlet'
2023-10-12 20:41:55.346 INFO  [http-nio-9156-exec-1]org.springframework.web.servlet.DispatcherServlet.initServletBean:525 -Initializing Servlet 'dispatcherServlet'
2023-10-12 20:41:55.347 INFO  [http-nio-9156-exec-1]org.springframework.web.servlet.DispatcherServlet.initServletBean:547 -Completed initialization in 1 ms
2023-10-12 20:45:02.020 INFO  [main]com.gaobug.GaobugApplication.logStarting:55 -Starting GaobugApplication using Java 1.8.0_301 on PC-202308021812 with PID 96508 (D:\seo\xxxseo1second-main\target\classes started by Administrator in D:\seo\xxxseo1second-main)
2023-10-12 20:45:02.023 INFO  [main]com.gaobug.GaobugApplication.logStartupProfileInfo:641 -The following profiles are active: dev
2023-10-12 20:45:02.394 INFO  [main]o.s.d.repository.config.RepositoryConfigurationDelegate.multipleStoresDetected:262 -Multiple Spring Data modules found, entering strict repository configuration mode!
2023-10-12 20:45:02.396 INFO  [main]o.s.d.repository.config.RepositoryConfigurationDelegate.registerRepositoriesIn:132 -Bootstrapping Spring Data Redis repositories in DEFAULT mode.
2023-10-12 20:45:02.406 INFO  [main]o.s.d.repository.config.RepositoryConfigurationDelegate.registerRepositoriesIn:201 -Finished Spring Data repository scanning in 3 ms. Found 0 Redis repository interfaces.
2023-10-12 20:45:02.807 INFO  [main]o.s.boot.web.embedded.tomcat.TomcatWebServer.initialize:108 -Tomcat initialized with port(s): 9156 (http)
2023-10-12 20:45:02.811 INFO  [main]org.apache.coyote.http11.Http11NioProtocol.log:173 -Initializing ProtocolHandler ["http-nio-9156"]
2023-10-12 20:45:02.812 INFO  [main]org.apache.catalina.core.StandardService.log:173 -Starting service [Tomcat]
2023-10-12 20:45:02.812 INFO  [main]org.apache.catalina.core.StandardEngine.log:173 -Starting Servlet engine: [Apache Tomcat/9.0.56]
2023-10-12 20:45:02.855 INFO  [main]o.a.catalina.core.ContainerBase.[Tomcat].[localhost].[/].log:173 -Initializing Spring embedded WebApplicationContext
2023-10-12 20:45:02.856 INFO  [main]o.s.b.w.s.context.ServletWebServerApplicationContext.prepareWebApplicationContext:290 -Root WebApplicationContext: initialization completed in 812 ms
2023-10-12 20:45:03.436 INFO  [main]org.apache.coyote.http11.Http11NioProtocol.log:173 -Starting ProtocolHandler ["http-nio-9156"]
2023-10-12 20:45:03.443 INFO  [main]o.s.boot.web.embedded.tomcat.TomcatWebServer.start:220 -Tomcat started on port(s): 9156 (http) with context path ''
2023-10-12 20:45:03.450 INFO  [main]com.gaobug.GaobugApplication.logStarted:61 -Started GaobugApplication in 1.699 seconds (JVM running for 2.009)
2023-10-12 20:45:06.845 INFO  [http-nio-9156-exec-1]o.a.catalina.core.ContainerBase.[Tomcat].[localhost].[/].log:173 -Initializing Spring DispatcherServlet 'dispatcherServlet'
2023-10-12 20:45:06.846 INFO  [http-nio-9156-exec-1]org.springframework.web.servlet.DispatcherServlet.initServletBean:525 -Initializing Servlet 'dispatcherServlet'
2023-10-12 20:45:06.847 INFO  [http-nio-9156-exec-1]org.springframework.web.servlet.DispatcherServlet.initServletBean:547 -Completed initialization in 1 ms
2023-10-12 20:46:34.542 INFO  [main]com.gaobug.GaobugApplication.logStarting:55 -Starting GaobugApplication using Java 1.8.0_301 on PC-202308021812 with PID 124844 (D:\seo\xxxseo1second-main\target\classes started by Administrator in D:\seo\xxxseo1second-main)
2023-10-12 20:46:34.544 INFO  [main]com.gaobug.GaobugApplication.logStartupProfileInfo:641 -The following profiles are active: dev
2023-10-12 20:46:34.885 INFO  [main]o.s.d.repository.config.RepositoryConfigurationDelegate.multipleStoresDetected:262 -Multiple Spring Data modules found, entering strict repository configuration mode!
2023-10-12 20:46:34.886 INFO  [main]o.s.d.repository.config.RepositoryConfigurationDelegate.registerRepositoriesIn:132 -Bootstrapping Spring Data Redis repositories in DEFAULT mode.
2023-10-12 20:46:34.896 INFO  [main]o.s.d.repository.config.RepositoryConfigurationDelegate.registerRepositoriesIn:201 -Finished Spring Data repository scanning in 3 ms. Found 0 Redis repository interfaces.
2023-10-12 20:46:35.099 INFO  [main]o.s.boot.web.embedded.tomcat.TomcatWebServer.initialize:108 -Tomcat initialized with port(s): 9156 (http)
2023-10-12 20:46:35.104 INFO  [main]org.apache.coyote.http11.Http11NioProtocol.log:173 -Initializing ProtocolHandler ["http-nio-9156"]
2023-10-12 20:46:35.104 INFO  [main]org.apache.catalina.core.StandardService.log:173 -Starting service [Tomcat]
2023-10-12 20:46:35.104 INFO  [main]org.apache.catalina.core.StandardEngine.log:173 -Starting Servlet engine: [Apache Tomcat/9.0.56]
2023-10-12 20:46:35.143 INFO  [main]o.a.catalina.core.ContainerBase.[Tomcat].[localhost].[/].log:173 -Initializing Spring embedded WebApplicationContext
2023-10-12 20:46:35.144 INFO  [main]o.s.b.w.s.context.ServletWebServerApplicationContext.prepareWebApplicationContext:290 -Root WebApplicationContext: initialization completed in 562 ms
2023-10-12 20:46:35.801 INFO  [main]org.apache.coyote.http11.Http11NioProtocol.log:173 -Starting ProtocolHandler ["http-nio-9156"]
2023-10-12 20:46:35.820 INFO  [main]o.s.boot.web.embedded.tomcat.TomcatWebServer.start:220 -Tomcat started on port(s): 9156 (http) with context path ''
2023-10-12 20:46:35.832 INFO  [main]com.gaobug.GaobugApplication.logStarted:61 -Started GaobugApplication in 1.742 seconds (JVM running for 2.112)
2023-10-12 20:46:37.163 INFO  [http-nio-9156-exec-1]o.a.catalina.core.ContainerBase.[Tomcat].[localhost].[/].log:173 -Initializing Spring DispatcherServlet 'dispatcherServlet'
2023-10-12 20:46:37.164 INFO  [http-nio-9156-exec-1]org.springframework.web.servlet.DispatcherServlet.initServletBean:525 -Initializing Servlet 'dispatcherServlet'
2023-10-12 20:46:37.164 INFO  [http-nio-9156-exec-1]org.springframework.web.servlet.DispatcherServlet.initServletBean:547 -Completed initialization in 0 ms
2023-10-12 20:46:50.349 INFO  [main]com.gaobug.GaobugApplication.logStarting:55 -Starting GaobugApplication using Java 1.8.0_301 on PC-202308021812 with PID 127592 (D:\seo\xxxseo1second-main\target\classes started by Administrator in D:\seo\xxxseo1second-main)
2023-10-12 20:46:50.350 INFO  [main]com.gaobug.GaobugApplication.logStartupProfileInfo:641 -The following profiles are active: dev
2023-10-12 20:46:50.803 INFO  [main]o.s.d.repository.config.RepositoryConfigurationDelegate.multipleStoresDetected:262 -Multiple Spring Data modules found, entering strict repository configuration mode!
2023-10-12 20:46:50.804 INFO  [main]o.s.d.repository.config.RepositoryConfigurationDelegate.registerRepositoriesIn:132 -Bootstrapping Spring Data Redis repositories in DEFAULT mode.
2023-10-12 20:46:50.824 INFO  [main]o.s.d.repository.config.RepositoryConfigurationDelegate.registerRepositoriesIn:201 -Finished Spring Data repository scanning in 5 ms. Found 0 Redis repository interfaces.
2023-10-12 20:46:51.362 INFO  [main]o.s.boot.web.embedded.tomcat.TomcatWebServer.initialize:108 -Tomcat initialized with port(s): 9156 (http)
2023-10-12 20:46:51.371 INFO  [main]org.apache.coyote.http11.Http11NioProtocol.log:173 -Initializing ProtocolHandler ["http-nio-9156"]
2023-10-12 20:46:51.372 INFO  [main]org.apache.catalina.core.StandardService.log:173 -Starting service [Tomcat]
2023-10-12 20:46:51.372 INFO  [main]org.apache.catalina.core.StandardEngine.log:173 -Starting Servlet engine: [Apache Tomcat/9.0.56]
2023-10-12 20:46:51.434 INFO  [main]o.a.catalina.core.ContainerBase.[Tomcat].[localhost].[/].log:173 -Initializing Spring embedded WebApplicationContext
2023-10-12 20:46:51.434 INFO  [main]o.s.b.w.s.context.ServletWebServerApplicationContext.prepareWebApplicationContext:290 -Root WebApplicationContext: initialization completed in 1059 ms
2023-10-12 20:46:51.894 INFO  [main]org.apache.coyote.http11.Http11NioProtocol.log:173 -Starting ProtocolHandler ["http-nio-9156"]
2023-10-12 20:46:51.902 INFO  [main]o.s.boot.web.embedded.tomcat.TomcatWebServer.start:220 -Tomcat started on port(s): 9156 (http) with context path ''
2023-10-12 20:46:51.907 INFO  [main]com.gaobug.GaobugApplication.logStarted:61 -Started GaobugApplication in 1.911 seconds (JVM running for 2.332)
2023-10-12 20:46:52.323 INFO  [http-nio-9156-exec-1]o.a.catalina.core.ContainerBase.[Tomcat].[localhost].[/].log:173 -Initializing Spring DispatcherServlet 'dispatcherServlet'
2023-10-12 20:46:52.323 INFO  [http-nio-9156-exec-1]org.springframework.web.servlet.DispatcherServlet.initServletBean:525 -Initializing Servlet 'dispatcherServlet'
2023-10-12 20:46:52.323 INFO  [http-nio-9156-exec-1]org.springframework.web.servlet.DispatcherServlet.initServletBean:547 -Completed initialization in 0 ms
