2022-09-30 15:01:41.946 INFO  [main]com.gaobug.GaobugApplication.logStarting:55 -Starting GaobugApplication using Java 1.8.0_301 on PC-20220222BTLW with PID 81164 (E:\lr\数据处理内容\Javaproduct\greatSeo\xxxx\target\classes started by Administrator in E:\lr\数据处理内容\Javaproduct\greatSeo\xxxx)
2022-09-30 15:01:41.948 INFO  [main]com.gaobug.GaobugApplication.logStartupProfileInfo:641 -The following profiles are active: dev
2022-09-30 15:01:42.274 INFO  [main]o.s.d.repository.config.RepositoryConfigurationDelegate.multipleStoresDetected:262 -Multiple Spring Data modules found, entering strict repository configuration mode!
2022-09-30 15:01:42.277 INFO  [main]o.s.d.repository.config.RepositoryConfigurationDelegate.registerRepositoriesIn:132 -Bootstrapping Spring Data Redis repositories in DEFAULT mode.
2022-09-30 15:01:42.289 INFO  [main]o.s.d.repository.config.RepositoryConfigurationDelegate.registerRepositoriesIn:201 -Finished Spring Data repository scanning in 4 ms. Found 0 Redis repository interfaces.
2022-09-30 15:01:42.526 INFO  [main]o.s.boot.web.embedded.tomcat.TomcatWebServer.initialize:108 -Tomcat initialized with port(s): 7092 (http)
2022-09-30 15:01:42.532 INFO  [main]org.apache.coyote.http11.Http11NioProtocol.log:173 -Initializing ProtocolHandler ["http-nio-7092"]
2022-09-30 15:01:42.532 INFO  [main]org.apache.catalina.core.StandardService.log:173 -Starting service [Tomcat]
2022-09-30 15:01:42.532 INFO  [main]org.apache.catalina.core.StandardEngine.log:173 -Starting Servlet engine: [Apache Tomcat/9.0.56]
2022-09-30 15:01:42.571 INFO  [main]o.a.catalina.core.ContainerBase.[Tomcat].[localhost].[/].log:173 -Initializing Spring embedded WebApplicationContext
2022-09-30 15:01:42.571 INFO  [main]o.s.b.w.s.context.ServletWebServerApplicationContext.prepareWebApplicationContext:290 -Root WebApplicationContext: initialization completed in 602 ms
2022-09-30 15:01:45.339 INFO  [main]org.apache.coyote.http11.Http11NioProtocol.log:173 -Starting ProtocolHandler ["http-nio-7092"]
2022-09-30 15:01:45.347 INFO  [main]o.s.boot.web.embedded.tomcat.TomcatWebServer.start:220 -Tomcat started on port(s): 7092 (http) with context path ''
2022-09-30 15:01:45.353 INFO  [main]com.gaobug.GaobugApplication.logStarted:61 -Started GaobugApplication in 3.77 seconds (JVM running for 4.207)
2022-09-30 15:03:02.765 INFO  [http-nio-7092-exec-1]o.a.catalina.core.ContainerBase.[Tomcat].[localhost].[/].log:173 -Initializing Spring DispatcherServlet 'dispatcherServlet'
2022-09-30 15:03:02.765 INFO  [http-nio-7092-exec-1]org.springframework.web.servlet.DispatcherServlet.initServletBean:525 -Initializing Servlet 'dispatcherServlet'
2022-09-30 15:03:02.766 INFO  [http-nio-7092-exec-1]org.springframework.web.servlet.DispatcherServlet.initServletBean:547 -Completed initialization in 0 ms
2022-09-30 15:22:18.717 INFO  [main]com.gaobug.GaobugApplication.logStarting:55 -Starting GaobugApplication using Java 1.8.0_301 on PC-20220222BTLW with PID 45348 (E:\lr\数据处理内容\Javaproduct\greatSeo\xxxx\target\classes started by Administrator in E:\lr\数据处理内容\Javaproduct\greatSeo\xxxx)
2022-09-30 15:22:18.719 INFO  [main]com.gaobug.GaobugApplication.logStartupProfileInfo:641 -The following profiles are active: dev
2022-09-30 15:22:19.006 INFO  [main]o.s.d.repository.config.RepositoryConfigurationDelegate.multipleStoresDetected:262 -Multiple Spring Data modules found, entering strict repository configuration mode!
2022-09-30 15:22:19.007 INFO  [main]o.s.d.repository.config.RepositoryConfigurationDelegate.registerRepositoriesIn:132 -Bootstrapping Spring Data Redis repositories in DEFAULT mode.
2022-09-30 15:22:19.018 INFO  [main]o.s.d.repository.config.RepositoryConfigurationDelegate.registerRepositoriesIn:201 -Finished Spring Data repository scanning in 3 ms. Found 0 Redis repository interfaces.
2022-09-30 15:22:19.242 INFO  [main]o.s.boot.web.embedded.tomcat.TomcatWebServer.initialize:108 -Tomcat initialized with port(s): 7092 (http)
2022-09-30 15:22:19.247 INFO  [main]org.apache.coyote.http11.Http11NioProtocol.log:173 -Initializing ProtocolHandler ["http-nio-7092"]
2022-09-30 15:22:19.247 INFO  [main]org.apache.catalina.core.StandardService.log:173 -Starting service [Tomcat]
2022-09-30 15:22:19.247 INFO  [main]org.apache.catalina.core.StandardEngine.log:173 -Starting Servlet engine: [Apache Tomcat/9.0.56]
2022-09-30 15:22:19.286 INFO  [main]o.a.catalina.core.ContainerBase.[Tomcat].[localhost].[/].log:173 -Initializing Spring embedded WebApplicationContext
2022-09-30 15:22:19.286 INFO  [main]o.s.b.w.s.context.ServletWebServerApplicationContext.prepareWebApplicationContext:290 -Root WebApplicationContext: initialization completed in 546 ms
2022-09-30 15:22:24.798 INFO  [main]org.apache.coyote.http11.Http11NioProtocol.log:173 -Starting ProtocolHandler ["http-nio-7092"]
2022-09-30 15:22:24.806 INFO  [main]o.s.boot.web.embedded.tomcat.TomcatWebServer.start:220 -Tomcat started on port(s): 7092 (http) with context path ''
2022-09-30 15:22:24.811 INFO  [main]com.gaobug.GaobugApplication.logStarted:61 -Started GaobugApplication in 6.426 seconds (JVM running for 6.781)
2022-09-30 15:22:25.273 INFO  [http-nio-7092-exec-1]o.a.catalina.core.ContainerBase.[Tomcat].[localhost].[/].log:173 -Initializing Spring DispatcherServlet 'dispatcherServlet'
2022-09-30 15:22:25.273 INFO  [http-nio-7092-exec-1]org.springframework.web.servlet.DispatcherServlet.initServletBean:525 -Initializing Servlet 'dispatcherServlet'
2022-09-30 15:22:25.274 INFO  [http-nio-7092-exec-1]org.springframework.web.servlet.DispatcherServlet.initServletBean:547 -Completed initialization in 1 ms
2022-09-30 15:24:24.323 INFO  [main]com.gaobug.GaobugApplication.logStarting:55 -Starting GaobugApplication using Java 1.8.0_301 on PC-20220222BTLW with PID 14096 (E:\lr\数据处理内容\Javaproduct\greatSeo\xxxx\target\classes started by Administrator in E:\lr\数据处理内容\Javaproduct\greatSeo\xxxx)
2022-09-30 15:24:24.326 INFO  [main]com.gaobug.GaobugApplication.logStartupProfileInfo:641 -The following profiles are active: dev
2022-09-30 15:24:24.621 INFO  [main]o.s.d.repository.config.RepositoryConfigurationDelegate.multipleStoresDetected:262 -Multiple Spring Data modules found, entering strict repository configuration mode!
2022-09-30 15:24:24.622 INFO  [main]o.s.d.repository.config.RepositoryConfigurationDelegate.registerRepositoriesIn:132 -Bootstrapping Spring Data Redis repositories in DEFAULT mode.
2022-09-30 15:24:24.634 INFO  [main]o.s.d.repository.config.RepositoryConfigurationDelegate.registerRepositoriesIn:201 -Finished Spring Data repository scanning in 4 ms. Found 0 Redis repository interfaces.
2022-09-30 15:24:24.854 INFO  [main]o.s.boot.web.embedded.tomcat.TomcatWebServer.initialize:108 -Tomcat initialized with port(s): 7092 (http)
2022-09-30 15:24:24.859 INFO  [main]org.apache.coyote.http11.Http11NioProtocol.log:173 -Initializing ProtocolHandler ["http-nio-7092"]
2022-09-30 15:24:24.859 INFO  [main]org.apache.catalina.core.StandardService.log:173 -Starting service [Tomcat]
2022-09-30 15:24:24.859 INFO  [main]org.apache.catalina.core.StandardEngine.log:173 -Starting Servlet engine: [Apache Tomcat/9.0.56]
2022-09-30 15:24:24.896 INFO  [main]o.a.catalina.core.ContainerBase.[Tomcat].[localhost].[/].log:173 -Initializing Spring embedded WebApplicationContext
2022-09-30 15:24:24.896 INFO  [main]o.s.b.w.s.context.ServletWebServerApplicationContext.prepareWebApplicationContext:290 -Root WebApplicationContext: initialization completed in 550 ms
2022-09-30 15:24:29.590 INFO  [main]org.apache.coyote.http11.Http11NioProtocol.log:173 -Starting ProtocolHandler ["http-nio-7092"]
2022-09-30 15:24:29.600 INFO  [main]o.s.boot.web.embedded.tomcat.TomcatWebServer.start:220 -Tomcat started on port(s): 7092 (http) with context path ''
2022-09-30 15:24:29.606 INFO  [main]com.gaobug.GaobugApplication.logStarted:61 -Started GaobugApplication in 5.529 seconds (JVM running for 5.879)
2022-09-30 15:24:29.988 INFO  [http-nio-7092-exec-1]o.a.catalina.core.ContainerBase.[Tomcat].[localhost].[/].log:173 -Initializing Spring DispatcherServlet 'dispatcherServlet'
2022-09-30 15:24:29.988 INFO  [http-nio-7092-exec-1]org.springframework.web.servlet.DispatcherServlet.initServletBean:525 -Initializing Servlet 'dispatcherServlet'
2022-09-30 15:24:29.989 INFO  [http-nio-7092-exec-1]org.springframework.web.servlet.DispatcherServlet.initServletBean:547 -Completed initialization in 1 ms
2022-09-30 15:27:18.571 INFO  [main]com.gaobug.GaobugApplication.logStarting:55 -Starting GaobugApplication using Java 1.8.0_301 on PC-20220222BTLW with PID 39536 (E:\lr\数据处理内容\Javaproduct\greatSeo\xxxx\target\classes started by Administrator in E:\lr\数据处理内容\Javaproduct\greatSeo\xxxx)
2022-09-30 15:27:18.573 INFO  [main]com.gaobug.GaobugApplication.logStartupProfileInfo:641 -The following profiles are active: dev
2022-09-30 15:27:18.864 INFO  [main]o.s.d.repository.config.RepositoryConfigurationDelegate.multipleStoresDetected:262 -Multiple Spring Data modules found, entering strict repository configuration mode!
2022-09-30 15:27:18.866 INFO  [main]o.s.d.repository.config.RepositoryConfigurationDelegate.registerRepositoriesIn:132 -Bootstrapping Spring Data Redis repositories in DEFAULT mode.
2022-09-30 15:27:18.876 INFO  [main]o.s.d.repository.config.RepositoryConfigurationDelegate.registerRepositoriesIn:201 -Finished Spring Data repository scanning in 3 ms. Found 0 Redis repository interfaces.
2022-09-30 15:27:19.080 INFO  [main]o.s.boot.web.embedded.tomcat.TomcatWebServer.initialize:108 -Tomcat initialized with port(s): 7092 (http)
2022-09-30 15:27:19.084 INFO  [main]org.apache.coyote.http11.Http11NioProtocol.log:173 -Initializing ProtocolHandler ["http-nio-7092"]
2022-09-30 15:27:19.085 INFO  [main]org.apache.catalina.core.StandardService.log:173 -Starting service [Tomcat]
2022-09-30 15:27:19.085 INFO  [main]org.apache.catalina.core.StandardEngine.log:173 -Starting Servlet engine: [Apache Tomcat/9.0.56]
2022-09-30 15:27:19.121 INFO  [main]o.a.catalina.core.ContainerBase.[Tomcat].[localhost].[/].log:173 -Initializing Spring embedded WebApplicationContext
2022-09-30 15:27:19.121 INFO  [main]o.s.b.w.s.context.ServletWebServerApplicationContext.prepareWebApplicationContext:290 -Root WebApplicationContext: initialization completed in 527 ms
2022-09-30 15:27:23.742 INFO  [main]org.apache.coyote.http11.Http11NioProtocol.log:173 -Starting ProtocolHandler ["http-nio-7092"]
2022-09-30 15:27:23.751 INFO  [main]o.s.boot.web.embedded.tomcat.TomcatWebServer.start:220 -Tomcat started on port(s): 7092 (http) with context path ''
2022-09-30 15:27:23.757 INFO  [main]com.gaobug.GaobugApplication.logStarted:61 -Started GaobugApplication in 5.427 seconds (JVM running for 5.787)
2022-09-30 15:27:24.200 INFO  [http-nio-7092-exec-1]o.a.catalina.core.ContainerBase.[Tomcat].[localhost].[/].log:173 -Initializing Spring DispatcherServlet 'dispatcherServlet'
2022-09-30 15:27:24.200 INFO  [http-nio-7092-exec-1]org.springframework.web.servlet.DispatcherServlet.initServletBean:525 -Initializing Servlet 'dispatcherServlet'
2022-09-30 15:27:24.200 INFO  [http-nio-7092-exec-1]org.springframework.web.servlet.DispatcherServlet.initServletBean:547 -Completed initialization in 0 ms
2022-09-30 15:30:45.486 INFO  [main]com.gaobug.GaobugApplication.logStarting:55 -Starting GaobugApplication using Java 1.8.0_301 on PC-20220222BTLW with PID 60716 (E:\lr\数据处理内容\Javaproduct\greatSeo\xxxx\target\classes started by Administrator in E:\lr\数据处理内容\Javaproduct\greatSeo\xxxx)
2022-09-30 15:30:45.488 INFO  [main]com.gaobug.GaobugApplication.logStartupProfileInfo:641 -The following profiles are active: dev
2022-09-30 15:30:45.849 INFO  [main]o.s.d.repository.config.RepositoryConfigurationDelegate.multipleStoresDetected:262 -Multiple Spring Data modules found, entering strict repository configuration mode!
2022-09-30 15:30:45.850 INFO  [main]o.s.d.repository.config.RepositoryConfigurationDelegate.registerRepositoriesIn:132 -Bootstrapping Spring Data Redis repositories in DEFAULT mode.
2022-09-30 15:30:45.861 INFO  [main]o.s.d.repository.config.RepositoryConfigurationDelegate.registerRepositoriesIn:201 -Finished Spring Data repository scanning in 4 ms. Found 0 Redis repository interfaces.
2022-09-30 15:30:46.082 INFO  [main]o.s.boot.web.embedded.tomcat.TomcatWebServer.initialize:108 -Tomcat initialized with port(s): 7092 (http)
2022-09-30 15:30:46.087 INFO  [main]org.apache.coyote.http11.Http11NioProtocol.log:173 -Initializing ProtocolHandler ["http-nio-7092"]
2022-09-30 15:30:46.087 INFO  [main]org.apache.catalina.core.StandardService.log:173 -Starting service [Tomcat]
2022-09-30 15:30:46.088 INFO  [main]org.apache.catalina.core.StandardEngine.log:173 -Starting Servlet engine: [Apache Tomcat/9.0.56]
2022-09-30 15:30:46.128 INFO  [main]o.a.catalina.core.ContainerBase.[Tomcat].[localhost].[/].log:173 -Initializing Spring embedded WebApplicationContext
2022-09-30 15:30:46.128 INFO  [main]o.s.b.w.s.context.ServletWebServerApplicationContext.prepareWebApplicationContext:290 -Root WebApplicationContext: initialization completed in 619 ms
2022-09-30 15:30:50.811 INFO  [main]org.apache.coyote.http11.Http11NioProtocol.log:173 -Starting ProtocolHandler ["http-nio-7092"]
2022-09-30 15:30:50.819 INFO  [main]o.s.boot.web.embedded.tomcat.TomcatWebServer.start:220 -Tomcat started on port(s): 7092 (http) with context path ''
2022-09-30 15:30:50.825 INFO  [main]com.gaobug.GaobugApplication.logStarted:61 -Started GaobugApplication in 5.584 seconds (JVM running for 5.954)
2022-09-30 15:30:51.348 INFO  [http-nio-7092-exec-1]o.a.catalina.core.ContainerBase.[Tomcat].[localhost].[/].log:173 -Initializing Spring DispatcherServlet 'dispatcherServlet'
2022-09-30 15:30:51.348 INFO  [http-nio-7092-exec-1]org.springframework.web.servlet.DispatcherServlet.initServletBean:525 -Initializing Servlet 'dispatcherServlet'
2022-09-30 15:30:51.349 INFO  [http-nio-7092-exec-1]org.springframework.web.servlet.DispatcherServlet.initServletBean:547 -Completed initialization in 1 ms
2022-09-30 15:32:52.095 INFO  [main]com.gaobug.GaobugApplication.logStarting:55 -Starting GaobugApplication using Java 1.8.0_301 on PC-20220222BTLW with PID 78444 (E:\lr\数据处理内容\Javaproduct\greatSeo\xxxx\target\classes started by Administrator in E:\lr\数据处理内容\Javaproduct\greatSeo\xxxx)
2022-09-30 15:32:52.097 INFO  [main]com.gaobug.GaobugApplication.logStartupProfileInfo:641 -The following profiles are active: dev
2022-09-30 15:32:52.379 INFO  [main]o.s.d.repository.config.RepositoryConfigurationDelegate.multipleStoresDetected:262 -Multiple Spring Data modules found, entering strict repository configuration mode!
2022-09-30 15:32:52.380 INFO  [main]o.s.d.repository.config.RepositoryConfigurationDelegate.registerRepositoriesIn:132 -Bootstrapping Spring Data Redis repositories in DEFAULT mode.
2022-09-30 15:32:52.390 INFO  [main]o.s.d.repository.config.RepositoryConfigurationDelegate.registerRepositoriesIn:201 -Finished Spring Data repository scanning in 3 ms. Found 0 Redis repository interfaces.
2022-09-30 15:32:52.604 INFO  [main]o.s.boot.web.embedded.tomcat.TomcatWebServer.initialize:108 -Tomcat initialized with port(s): 7092 (http)
2022-09-30 15:32:52.609 INFO  [main]org.apache.coyote.http11.Http11NioProtocol.log:173 -Initializing ProtocolHandler ["http-nio-7092"]
2022-09-30 15:32:52.609 INFO  [main]org.apache.catalina.core.StandardService.log:173 -Starting service [Tomcat]
2022-09-30 15:32:52.609 INFO  [main]org.apache.catalina.core.StandardEngine.log:173 -Starting Servlet engine: [Apache Tomcat/9.0.56]
2022-09-30 15:32:52.648 INFO  [main]o.a.catalina.core.ContainerBase.[Tomcat].[localhost].[/].log:173 -Initializing Spring embedded WebApplicationContext
2022-09-30 15:32:52.648 INFO  [main]o.s.b.w.s.context.ServletWebServerApplicationContext.prepareWebApplicationContext:290 -Root WebApplicationContext: initialization completed in 526 ms
2022-09-30 15:32:57.364 INFO  [main]org.apache.coyote.http11.Http11NioProtocol.log:173 -Starting ProtocolHandler ["http-nio-7092"]
2022-09-30 15:32:57.371 INFO  [main]o.s.boot.web.embedded.tomcat.TomcatWebServer.start:220 -Tomcat started on port(s): 7092 (http) with context path ''
2022-09-30 15:32:57.377 INFO  [main]com.gaobug.GaobugApplication.logStarted:61 -Started GaobugApplication in 5.615 seconds (JVM running for 5.982)
2022-09-30 15:33:05.757 INFO  [main]com.gaobug.GaobugApplication.logStarting:55 -Starting GaobugApplication using Java 1.8.0_301 on PC-20220222BTLW with PID 7476 (E:\lr\数据处理内容\Javaproduct\greatSeo\xxxx\target\classes started by Administrator in E:\lr\数据处理内容\Javaproduct\greatSeo\xxxx)
2022-09-30 15:33:05.759 INFO  [main]com.gaobug.GaobugApplication.logStartupProfileInfo:641 -The following profiles are active: dev
2022-09-30 15:33:06.134 INFO  [main]o.s.d.repository.config.RepositoryConfigurationDelegate.multipleStoresDetected:262 -Multiple Spring Data modules found, entering strict repository configuration mode!
2022-09-30 15:33:06.136 INFO  [main]o.s.d.repository.config.RepositoryConfigurationDelegate.registerRepositoriesIn:132 -Bootstrapping Spring Data Redis repositories in DEFAULT mode.
2022-09-30 15:33:06.154 INFO  [main]o.s.d.repository.config.RepositoryConfigurationDelegate.registerRepositoriesIn:201 -Finished Spring Data repository scanning in 5 ms. Found 0 Redis repository interfaces.
2022-09-30 15:33:06.392 INFO  [main]o.s.boot.web.embedded.tomcat.TomcatWebServer.initialize:108 -Tomcat initialized with port(s): 7092 (http)
2022-09-30 15:33:06.397 INFO  [main]org.apache.coyote.http11.Http11NioProtocol.log:173 -Initializing ProtocolHandler ["http-nio-7092"]
2022-09-30 15:33:06.398 INFO  [main]org.apache.catalina.core.StandardService.log:173 -Starting service [Tomcat]
2022-09-30 15:33:06.398 INFO  [main]org.apache.catalina.core.StandardEngine.log:173 -Starting Servlet engine: [Apache Tomcat/9.0.56]
2022-09-30 15:33:06.436 INFO  [main]o.a.catalina.core.ContainerBase.[Tomcat].[localhost].[/].log:173 -Initializing Spring embedded WebApplicationContext
2022-09-30 15:33:06.436 INFO  [main]o.s.b.w.s.context.ServletWebServerApplicationContext.prepareWebApplicationContext:290 -Root WebApplicationContext: initialization completed in 652 ms
2022-09-30 15:33:11.046 INFO  [main]org.apache.coyote.http11.Http11NioProtocol.log:173 -Starting ProtocolHandler ["http-nio-7092"]
2022-09-30 15:33:11.054 INFO  [main]o.s.boot.web.embedded.tomcat.TomcatWebServer.start:220 -Tomcat started on port(s): 7092 (http) with context path ''
2022-09-30 15:33:11.059 INFO  [main]com.gaobug.GaobugApplication.logStarted:61 -Started GaobugApplication in 5.569 seconds (JVM running for 5.884)
2022-09-30 15:33:19.920 INFO  [http-nio-7092-exec-1]o.a.catalina.core.ContainerBase.[Tomcat].[localhost].[/].log:173 -Initializing Spring DispatcherServlet 'dispatcherServlet'
2022-09-30 15:33:19.921 INFO  [http-nio-7092-exec-1]org.springframework.web.servlet.DispatcherServlet.initServletBean:525 -Initializing Servlet 'dispatcherServlet'
2022-09-30 15:33:19.922 INFO  [http-nio-7092-exec-1]org.springframework.web.servlet.DispatcherServlet.initServletBean:547 -Completed initialization in 1 ms
2022-09-30 15:33:39.977 INFO  [main]com.gaobug.GaobugApplication.logStarting:55 -Starting GaobugApplication using Java 1.8.0_301 on PC-20220222BTLW with PID 59608 (E:\lr\数据处理内容\Javaproduct\greatSeo\xxxx\target\classes started by Administrator in E:\lr\数据处理内容\Javaproduct\greatSeo\xxxx)
2022-09-30 15:33:39.979 INFO  [main]com.gaobug.GaobugApplication.logStartupProfileInfo:641 -The following profiles are active: dev
2022-09-30 15:33:40.276 INFO  [main]o.s.d.repository.config.RepositoryConfigurationDelegate.multipleStoresDetected:262 -Multiple Spring Data modules found, entering strict repository configuration mode!
2022-09-30 15:33:40.277 INFO  [main]o.s.d.repository.config.RepositoryConfigurationDelegate.registerRepositoriesIn:132 -Bootstrapping Spring Data Redis repositories in DEFAULT mode.
2022-09-30 15:33:40.287 INFO  [main]o.s.d.repository.config.RepositoryConfigurationDelegate.registerRepositoriesIn:201 -Finished Spring Data repository scanning in 3 ms. Found 0 Redis repository interfaces.
2022-09-30 15:33:40.510 INFO  [main]o.s.boot.web.embedded.tomcat.TomcatWebServer.initialize:108 -Tomcat initialized with port(s): 7092 (http)
2022-09-30 15:33:40.516 INFO  [main]org.apache.coyote.http11.Http11NioProtocol.log:173 -Initializing ProtocolHandler ["http-nio-7092"]
2022-09-30 15:33:40.517 INFO  [main]org.apache.catalina.core.StandardService.log:173 -Starting service [Tomcat]
2022-09-30 15:33:40.517 INFO  [main]org.apache.catalina.core.StandardEngine.log:173 -Starting Servlet engine: [Apache Tomcat/9.0.56]
2022-09-30 15:33:40.563 INFO  [main]o.a.catalina.core.ContainerBase.[Tomcat].[localhost].[/].log:173 -Initializing Spring embedded WebApplicationContext
2022-09-30 15:33:40.563 INFO  [main]o.s.b.w.s.context.ServletWebServerApplicationContext.prepareWebApplicationContext:290 -Root WebApplicationContext: initialization completed in 563 ms
2022-09-30 15:33:45.244 INFO  [main]org.apache.coyote.http11.Http11NioProtocol.log:173 -Starting ProtocolHandler ["http-nio-7092"]
2022-09-30 15:33:45.252 INFO  [main]o.s.boot.web.embedded.tomcat.TomcatWebServer.start:220 -Tomcat started on port(s): 7092 (http) with context path ''
2022-09-30 15:33:45.257 INFO  [main]com.gaobug.GaobugApplication.logStarted:61 -Started GaobugApplication in 5.533 seconds (JVM running for 5.898)
2022-09-30 15:33:46.857 INFO  [http-nio-7092-exec-1]o.a.catalina.core.ContainerBase.[Tomcat].[localhost].[/].log:173 -Initializing Spring DispatcherServlet 'dispatcherServlet'
2022-09-30 15:33:46.857 INFO  [http-nio-7092-exec-1]org.springframework.web.servlet.DispatcherServlet.initServletBean:525 -Initializing Servlet 'dispatcherServlet'
2022-09-30 15:33:46.858 INFO  [http-nio-7092-exec-1]org.springframework.web.servlet.DispatcherServlet.initServletBean:547 -Completed initialization in 1 ms
2022-09-30 15:36:45.782 INFO  [main]com.gaobug.GaobugApplication.logStarting:55 -Starting GaobugApplication using Java 1.8.0_301 on PC-20220222BTLW with PID 24876 (E:\lr\数据处理内容\Javaproduct\greatSeo\xxxx\target\classes started by Administrator in E:\lr\数据处理内容\Javaproduct\greatSeo\xxxx)
2022-09-30 15:36:45.784 INFO  [main]com.gaobug.GaobugApplication.logStartupProfileInfo:641 -The following profiles are active: dev
2022-09-30 15:36:46.076 INFO  [main]o.s.d.repository.config.RepositoryConfigurationDelegate.multipleStoresDetected:262 -Multiple Spring Data modules found, entering strict repository configuration mode!
2022-09-30 15:36:46.077 INFO  [main]o.s.d.repository.config.RepositoryConfigurationDelegate.registerRepositoriesIn:132 -Bootstrapping Spring Data Redis repositories in DEFAULT mode.
2022-09-30 15:36:46.088 INFO  [main]o.s.d.repository.config.RepositoryConfigurationDelegate.registerRepositoriesIn:201 -Finished Spring Data repository scanning in 3 ms. Found 0 Redis repository interfaces.
2022-09-30 15:36:46.296 INFO  [main]o.s.boot.web.embedded.tomcat.TomcatWebServer.initialize:108 -Tomcat initialized with port(s): 7092 (http)
2022-09-30 15:36:46.301 INFO  [main]org.apache.coyote.http11.Http11NioProtocol.log:173 -Initializing ProtocolHandler ["http-nio-7092"]
2022-09-30 15:36:46.301 INFO  [main]org.apache.catalina.core.StandardService.log:173 -Starting service [Tomcat]
2022-09-30 15:36:46.301 INFO  [main]org.apache.catalina.core.StandardEngine.log:173 -Starting Servlet engine: [Apache Tomcat/9.0.56]
2022-09-30 15:36:46.338 INFO  [main]o.a.catalina.core.ContainerBase.[Tomcat].[localhost].[/].log:173 -Initializing Spring embedded WebApplicationContext
2022-09-30 15:36:46.339 INFO  [main]o.s.b.w.s.context.ServletWebServerApplicationContext.prepareWebApplicationContext:290 -Root WebApplicationContext: initialization completed in 535 ms
2022-09-30 15:36:51.114 INFO  [main]org.apache.coyote.http11.Http11NioProtocol.log:173 -Starting ProtocolHandler ["http-nio-7092"]
2022-09-30 15:36:51.123 INFO  [main]o.s.boot.web.embedded.tomcat.TomcatWebServer.start:220 -Tomcat started on port(s): 7092 (http) with context path ''
2022-09-30 15:36:51.128 INFO  [main]com.gaobug.GaobugApplication.logStarted:61 -Started GaobugApplication in 5.602 seconds (JVM running for 5.954)
2022-09-30 15:36:51.605 INFO  [http-nio-7092-exec-1]o.a.catalina.core.ContainerBase.[Tomcat].[localhost].[/].log:173 -Initializing Spring DispatcherServlet 'dispatcherServlet'
2022-09-30 15:36:51.605 INFO  [http-nio-7092-exec-1]org.springframework.web.servlet.DispatcherServlet.initServletBean:525 -Initializing Servlet 'dispatcherServlet'
2022-09-30 15:36:51.606 INFO  [http-nio-7092-exec-1]org.springframework.web.servlet.DispatcherServlet.initServletBean:547 -Completed initialization in 1 ms
2022-09-30 15:40:15.866 INFO  [main]com.gaobug.GaobugApplication.logStarting:55 -Starting GaobugApplication using Java 1.8.0_301 on PC-20220222BTLW with PID 25268 (E:\lr\数据处理内容\Javaproduct\greatSeo\xxxx\target\classes started by Administrator in E:\lr\数据处理内容\Javaproduct\greatSeo\xxxx)
2022-09-30 15:40:15.868 INFO  [main]com.gaobug.GaobugApplication.logStartupProfileInfo:641 -The following profiles are active: dev
2022-09-30 15:40:16.165 INFO  [main]o.s.d.repository.config.RepositoryConfigurationDelegate.multipleStoresDetected:262 -Multiple Spring Data modules found, entering strict repository configuration mode!
2022-09-30 15:40:16.166 INFO  [main]o.s.d.repository.config.RepositoryConfigurationDelegate.registerRepositoriesIn:132 -Bootstrapping Spring Data Redis repositories in DEFAULT mode.
2022-09-30 15:40:16.176 INFO  [main]o.s.d.repository.config.RepositoryConfigurationDelegate.registerRepositoriesIn:201 -Finished Spring Data repository scanning in 3 ms. Found 0 Redis repository interfaces.
2022-09-30 15:40:16.379 INFO  [main]o.s.boot.web.embedded.tomcat.TomcatWebServer.initialize:108 -Tomcat initialized with port(s): 7092 (http)
2022-09-30 15:40:16.383 INFO  [main]org.apache.coyote.http11.Http11NioProtocol.log:173 -Initializing ProtocolHandler ["http-nio-7092"]
2022-09-30 15:40:16.384 INFO  [main]org.apache.catalina.core.StandardService.log:173 -Starting service [Tomcat]
2022-09-30 15:40:16.384 INFO  [main]org.apache.catalina.core.StandardEngine.log:173 -Starting Servlet engine: [Apache Tomcat/9.0.56]
2022-09-30 15:40:16.424 INFO  [main]o.a.catalina.core.ContainerBase.[Tomcat].[localhost].[/].log:173 -Initializing Spring embedded WebApplicationContext
2022-09-30 15:40:16.425 INFO  [main]o.s.b.w.s.context.ServletWebServerApplicationContext.prepareWebApplicationContext:290 -Root WebApplicationContext: initialization completed in 537 ms
2022-09-30 15:40:21.053 INFO  [main]org.apache.coyote.http11.Http11NioProtocol.log:173 -Starting ProtocolHandler ["http-nio-7092"]
2022-09-30 15:40:21.063 INFO  [main]o.s.boot.web.embedded.tomcat.TomcatWebServer.start:220 -Tomcat started on port(s): 7092 (http) with context path ''
2022-09-30 15:40:21.068 INFO  [main]com.gaobug.GaobugApplication.logStarted:61 -Started GaobugApplication in 5.452 seconds (JVM running for 5.82)
2022-09-30 15:40:21.131 INFO  [http-nio-7092-exec-1]o.a.catalina.core.ContainerBase.[Tomcat].[localhost].[/].log:173 -Initializing Spring DispatcherServlet 'dispatcherServlet'
2022-09-30 15:40:21.131 INFO  [http-nio-7092-exec-1]org.springframework.web.servlet.DispatcherServlet.initServletBean:525 -Initializing Servlet 'dispatcherServlet'
2022-09-30 15:40:21.132 INFO  [http-nio-7092-exec-1]org.springframework.web.servlet.DispatcherServlet.initServletBean:547 -Completed initialization in 1 ms
2022-09-30 16:06:37.870 INFO  [main]com.gaobug.GaobugApplication.logStarting:55 -Starting GaobugApplication using Java 1.8.0_301 on PC-20220222BTLW with PID 71780 (E:\lr\数据处理内容\Javaproduct\greatSeo\xxxx\target\classes started by Administrator in E:\lr\数据处理内容\Javaproduct\greatSeo\xxxx)
2022-09-30 16:06:37.872 INFO  [main]com.gaobug.GaobugApplication.logStartupProfileInfo:641 -The following profiles are active: dev
2022-09-30 16:06:38.152 INFO  [main]o.s.d.repository.config.RepositoryConfigurationDelegate.multipleStoresDetected:262 -Multiple Spring Data modules found, entering strict repository configuration mode!
2022-09-30 16:06:38.153 INFO  [main]o.s.d.repository.config.RepositoryConfigurationDelegate.registerRepositoriesIn:132 -Bootstrapping Spring Data Redis repositories in DEFAULT mode.
2022-09-30 16:06:38.164 INFO  [main]o.s.d.repository.config.RepositoryConfigurationDelegate.registerRepositoriesIn:201 -Finished Spring Data repository scanning in 4 ms. Found 0 Redis repository interfaces.
2022-09-30 16:06:38.383 INFO  [main]o.s.boot.web.embedded.tomcat.TomcatWebServer.initialize:108 -Tomcat initialized with port(s): 7092 (http)
2022-09-30 16:06:38.389 INFO  [main]org.apache.coyote.http11.Http11NioProtocol.log:173 -Initializing ProtocolHandler ["http-nio-7092"]
2022-09-30 16:06:38.389 INFO  [main]org.apache.catalina.core.StandardService.log:173 -Starting service [Tomcat]
2022-09-30 16:06:38.389 INFO  [main]org.apache.catalina.core.StandardEngine.log:173 -Starting Servlet engine: [Apache Tomcat/9.0.56]
2022-09-30 16:06:38.426 INFO  [main]o.a.catalina.core.ContainerBase.[Tomcat].[localhost].[/].log:173 -Initializing Spring embedded WebApplicationContext
2022-09-30 16:06:38.426 INFO  [main]o.s.b.w.s.context.ServletWebServerApplicationContext.prepareWebApplicationContext:290 -Root WebApplicationContext: initialization completed in 532 ms
2022-09-30 16:06:43.846 INFO  [main]org.apache.coyote.http11.Http11NioProtocol.log:173 -Starting ProtocolHandler ["http-nio-7092"]
2022-09-30 16:06:43.854 INFO  [main]o.s.boot.web.embedded.tomcat.TomcatWebServer.start:220 -Tomcat started on port(s): 7092 (http) with context path ''
2022-09-30 16:06:43.859 INFO  [main]com.gaobug.GaobugApplication.logStarted:61 -Started GaobugApplication in 6.286 seconds (JVM running for 6.681)
2022-09-30 16:08:39.174 INFO  [http-nio-7092-exec-1]o.a.catalina.core.ContainerBase.[Tomcat].[localhost].[/].log:173 -Initializing Spring DispatcherServlet 'dispatcherServlet'
2022-09-30 16:08:39.174 INFO  [http-nio-7092-exec-1]org.springframework.web.servlet.DispatcherServlet.initServletBean:525 -Initializing Servlet 'dispatcherServlet'
2022-09-30 16:08:39.175 INFO  [http-nio-7092-exec-1]org.springframework.web.servlet.DispatcherServlet.initServletBean:547 -Completed initialization in 1 ms
