2022-12-08 09:12:15.812 INFO  [main]com.gaobug.GaobugApplication.logStarting:55 -Starting GaobugApplication using Java 1.8.0_301 on PC-20220222BTLW with PID 38536 (E:\lr\数据处理内容\Javaproduct\greatSeo\xxxseo\target\classes started by Administrator in E:\lr\数据处理内容\Javaproduct\greatSeo\xxxseo)
2022-12-08 09:12:15.814 INFO  [main]com.gaobug.GaobugApplication.logStartupProfileInfo:641 -The following profiles are active: dev
2022-12-08 09:12:16.119 INFO  [main]o.s.d.repository.config.RepositoryConfigurationDelegate.multipleStoresDetected:262 -Multiple Spring Data modules found, entering strict repository configuration mode!
2022-12-08 09:12:16.120 INFO  [main]o.s.d.repository.config.RepositoryConfigurationDelegate.registerRepositoriesIn:132 -Bootstrapping Spring Data Redis repositories in DEFAULT mode.
2022-12-08 09:12:16.132 INFO  [main]o.s.d.repository.config.RepositoryConfigurationDelegate.registerRepositoriesIn:201 -Finished Spring Data repository scanning in 4 ms. Found 0 Redis repository interfaces.
2022-12-08 09:12:16.356 INFO  [main]o.s.boot.web.embedded.tomcat.TomcatWebServer.initialize:108 -Tomcat initialized with port(s): 9156 (http)
2022-12-08 09:12:16.360 INFO  [main]org.apache.coyote.http11.Http11NioProtocol.log:173 -Initializing ProtocolHandler ["http-nio-9156"]
2022-12-08 09:12:16.360 INFO  [main]org.apache.catalina.core.StandardService.log:173 -Starting service [Tomcat]
2022-12-08 09:12:16.360 INFO  [main]org.apache.catalina.core.StandardEngine.log:173 -Starting Servlet engine: [Apache Tomcat/9.0.56]
2022-12-08 09:12:16.399 INFO  [main]o.a.catalina.core.ContainerBase.[Tomcat].[localhost].[/].log:173 -Initializing Spring embedded WebApplicationContext
2022-12-08 09:12:16.399 INFO  [main]o.s.b.w.s.context.ServletWebServerApplicationContext.prepareWebApplicationContext:290 -Root WebApplicationContext: initialization completed in 559 ms
2022-12-08 09:12:16.705 INFO  [main]org.apache.coyote.http11.Http11NioProtocol.log:173 -Starting ProtocolHandler ["http-nio-9156"]
2022-12-08 09:12:16.713 INFO  [main]o.s.boot.web.embedded.tomcat.TomcatWebServer.start:220 -Tomcat started on port(s): 9156 (http) with context path ''
2022-12-08 09:12:16.719 INFO  [main]com.gaobug.GaobugApplication.logStarted:61 -Started GaobugApplication in 1.214 seconds (JVM running for 1.595)
2022-12-08 09:12:23.047 INFO  [http-nio-9156-exec-1]o.a.catalina.core.ContainerBase.[Tomcat].[localhost].[/].log:173 -Initializing Spring DispatcherServlet 'dispatcherServlet'
2022-12-08 09:12:23.047 INFO  [http-nio-9156-exec-1]org.springframework.web.servlet.DispatcherServlet.initServletBean:525 -Initializing Servlet 'dispatcherServlet'
2022-12-08 09:12:23.048 INFO  [http-nio-9156-exec-1]org.springframework.web.servlet.DispatcherServlet.initServletBean:547 -Completed initialization in 0 ms
2022-12-08 09:22:59.021 INFO  [main]com.gaobug.GaobugApplication.logStarting:55 -Starting GaobugApplication using Java 1.8.0_301 on PC-20220222BTLW with PID 15028 (E:\lr\数据处理内容\Javaproduct\greatSeo\xxxseo\target\classes started by Administrator in E:\lr\数据处理内容\Javaproduct\greatSeo\xxxseo)
2022-12-08 09:22:59.023 INFO  [main]com.gaobug.GaobugApplication.logStartupProfileInfo:641 -The following profiles are active: dev
2022-12-08 09:22:59.331 INFO  [main]o.s.d.repository.config.RepositoryConfigurationDelegate.multipleStoresDetected:262 -Multiple Spring Data modules found, entering strict repository configuration mode!
2022-12-08 09:22:59.333 INFO  [main]o.s.d.repository.config.RepositoryConfigurationDelegate.registerRepositoriesIn:132 -Bootstrapping Spring Data Redis repositories in DEFAULT mode.
2022-12-08 09:22:59.345 INFO  [main]o.s.d.repository.config.RepositoryConfigurationDelegate.registerRepositoriesIn:201 -Finished Spring Data repository scanning in 4 ms. Found 0 Redis repository interfaces.
2022-12-08 09:22:59.567 INFO  [main]o.s.boot.web.embedded.tomcat.TomcatWebServer.initialize:108 -Tomcat initialized with port(s): 9156 (http)
2022-12-08 09:22:59.572 INFO  [main]org.apache.coyote.http11.Http11NioProtocol.log:173 -Initializing ProtocolHandler ["http-nio-9156"]
2022-12-08 09:22:59.572 INFO  [main]org.apache.catalina.core.StandardService.log:173 -Starting service [Tomcat]
2022-12-08 09:22:59.572 INFO  [main]org.apache.catalina.core.StandardEngine.log:173 -Starting Servlet engine: [Apache Tomcat/9.0.56]
2022-12-08 09:22:59.614 INFO  [main]o.a.catalina.core.ContainerBase.[Tomcat].[localhost].[/].log:173 -Initializing Spring embedded WebApplicationContext
2022-12-08 09:22:59.614 INFO  [main]o.s.b.w.s.context.ServletWebServerApplicationContext.prepareWebApplicationContext:290 -Root WebApplicationContext: initialization completed in 569 ms
2022-12-08 09:22:59.941 INFO  [main]org.apache.coyote.http11.Http11NioProtocol.log:173 -Starting ProtocolHandler ["http-nio-9156"]
2022-12-08 09:22:59.948 INFO  [main]o.s.boot.web.embedded.tomcat.TomcatWebServer.start:220 -Tomcat started on port(s): 9156 (http) with context path ''
2022-12-08 09:22:59.953 INFO  [main]com.gaobug.GaobugApplication.logStarted:61 -Started GaobugApplication in 1.235 seconds (JVM running for 1.58)
2022-12-08 09:23:00.892 INFO  [http-nio-9156-exec-1]o.a.catalina.core.ContainerBase.[Tomcat].[localhost].[/].log:173 -Initializing Spring DispatcherServlet 'dispatcherServlet'
2022-12-08 09:23:00.893 INFO  [http-nio-9156-exec-1]org.springframework.web.servlet.DispatcherServlet.initServletBean:525 -Initializing Servlet 'dispatcherServlet'
2022-12-08 09:23:00.893 INFO  [http-nio-9156-exec-1]org.springframework.web.servlet.DispatcherServlet.initServletBean:547 -Completed initialization in 0 ms
2022-12-08 09:24:04.777 INFO  [main]com.gaobug.GaobugApplication.logStarting:55 -Starting GaobugApplication using Java 1.8.0_301 on PC-20220222BTLW with PID 20976 (E:\lr\数据处理内容\Javaproduct\greatSeo\xxxseo\target\classes started by Administrator in E:\lr\数据处理内容\Javaproduct\greatSeo\xxxseo)
2022-12-08 09:24:04.779 INFO  [main]com.gaobug.GaobugApplication.logStartupProfileInfo:641 -The following profiles are active: dev
2022-12-08 09:24:05.064 INFO  [main]o.s.d.repository.config.RepositoryConfigurationDelegate.multipleStoresDetected:262 -Multiple Spring Data modules found, entering strict repository configuration mode!
2022-12-08 09:24:05.066 INFO  [main]o.s.d.repository.config.RepositoryConfigurationDelegate.registerRepositoriesIn:132 -Bootstrapping Spring Data Redis repositories in DEFAULT mode.
2022-12-08 09:24:05.077 INFO  [main]o.s.d.repository.config.RepositoryConfigurationDelegate.registerRepositoriesIn:201 -Finished Spring Data repository scanning in 4 ms. Found 0 Redis repository interfaces.
2022-12-08 09:24:05.283 INFO  [main]o.s.boot.web.embedded.tomcat.TomcatWebServer.initialize:108 -Tomcat initialized with port(s): 9156 (http)
2022-12-08 09:24:05.288 INFO  [main]org.apache.coyote.http11.Http11NioProtocol.log:173 -Initializing ProtocolHandler ["http-nio-9156"]
2022-12-08 09:24:05.288 INFO  [main]org.apache.catalina.core.StandardService.log:173 -Starting service [Tomcat]
2022-12-08 09:24:05.288 INFO  [main]org.apache.catalina.core.StandardEngine.log:173 -Starting Servlet engine: [Apache Tomcat/9.0.56]
2022-12-08 09:24:05.328 INFO  [main]o.a.catalina.core.ContainerBase.[Tomcat].[localhost].[/].log:173 -Initializing Spring embedded WebApplicationContext
2022-12-08 09:24:05.328 INFO  [main]o.s.b.w.s.context.ServletWebServerApplicationContext.prepareWebApplicationContext:290 -Root WebApplicationContext: initialization completed in 530 ms
2022-12-08 09:24:05.638 INFO  [main]org.apache.coyote.http11.Http11NioProtocol.log:173 -Starting ProtocolHandler ["http-nio-9156"]
2022-12-08 09:24:05.646 INFO  [main]o.s.boot.web.embedded.tomcat.TomcatWebServer.start:220 -Tomcat started on port(s): 9156 (http) with context path ''
2022-12-08 09:24:05.651 INFO  [main]com.gaobug.GaobugApplication.logStarted:61 -Started GaobugApplication in 1.119 seconds (JVM running for 1.433)
2022-12-08 09:24:12.538 INFO  [http-nio-9156-exec-1]o.a.catalina.core.ContainerBase.[Tomcat].[localhost].[/].log:173 -Initializing Spring DispatcherServlet 'dispatcherServlet'
2022-12-08 09:24:12.538 INFO  [http-nio-9156-exec-1]org.springframework.web.servlet.DispatcherServlet.initServletBean:525 -Initializing Servlet 'dispatcherServlet'
2022-12-08 09:24:12.539 INFO  [http-nio-9156-exec-1]org.springframework.web.servlet.DispatcherServlet.initServletBean:547 -Completed initialization in 1 ms
2022-12-08 09:25:49.092 INFO  [main]com.gaobug.GaobugApplication.logStarting:55 -Starting GaobugApplication using Java 1.8.0_301 on PC-20220222BTLW with PID 19656 (E:\lr\数据处理内容\Javaproduct\greatSeo\xxxseo\target\classes started by Administrator in E:\lr\数据处理内容\Javaproduct\greatSeo\xxxseo)
2022-12-08 09:25:49.094 INFO  [main]com.gaobug.GaobugApplication.logStartupProfileInfo:641 -The following profiles are active: dev
2022-12-08 09:25:49.387 INFO  [main]o.s.d.repository.config.RepositoryConfigurationDelegate.multipleStoresDetected:262 -Multiple Spring Data modules found, entering strict repository configuration mode!
2022-12-08 09:25:49.389 INFO  [main]o.s.d.repository.config.RepositoryConfigurationDelegate.registerRepositoriesIn:132 -Bootstrapping Spring Data Redis repositories in DEFAULT mode.
2022-12-08 09:25:49.399 INFO  [main]o.s.d.repository.config.RepositoryConfigurationDelegate.registerRepositoriesIn:201 -Finished Spring Data repository scanning in 4 ms. Found 0 Redis repository interfaces.
2022-12-08 09:25:49.619 INFO  [main]o.s.boot.web.embedded.tomcat.TomcatWebServer.initialize:108 -Tomcat initialized with port(s): 9156 (http)
2022-12-08 09:25:49.624 INFO  [main]org.apache.coyote.http11.Http11NioProtocol.log:173 -Initializing ProtocolHandler ["http-nio-9156"]
2022-12-08 09:25:49.624 INFO  [main]org.apache.catalina.core.StandardService.log:173 -Starting service [Tomcat]
2022-12-08 09:25:49.624 INFO  [main]org.apache.catalina.core.StandardEngine.log:173 -Starting Servlet engine: [Apache Tomcat/9.0.56]
2022-12-08 09:25:49.667 INFO  [main]o.a.catalina.core.ContainerBase.[Tomcat].[localhost].[/].log:173 -Initializing Spring embedded WebApplicationContext
2022-12-08 09:25:49.667 INFO  [main]o.s.b.w.s.context.ServletWebServerApplicationContext.prepareWebApplicationContext:290 -Root WebApplicationContext: initialization completed in 553 ms
2022-12-08 09:25:49.976 INFO  [main]org.apache.coyote.http11.Http11NioProtocol.log:173 -Starting ProtocolHandler ["http-nio-9156"]
2022-12-08 09:25:49.983 INFO  [main]o.s.boot.web.embedded.tomcat.TomcatWebServer.start:220 -Tomcat started on port(s): 9156 (http) with context path ''
2022-12-08 09:25:49.988 INFO  [main]com.gaobug.GaobugApplication.logStarted:61 -Started GaobugApplication in 1.147 seconds (JVM running for 1.459)
2022-12-08 09:25:53.363 INFO  [http-nio-9156-exec-1]o.a.catalina.core.ContainerBase.[Tomcat].[localhost].[/].log:173 -Initializing Spring DispatcherServlet 'dispatcherServlet'
2022-12-08 09:25:53.364 INFO  [http-nio-9156-exec-1]org.springframework.web.servlet.DispatcherServlet.initServletBean:525 -Initializing Servlet 'dispatcherServlet'
2022-12-08 09:25:53.364 INFO  [http-nio-9156-exec-1]org.springframework.web.servlet.DispatcherServlet.initServletBean:547 -Completed initialization in 0 ms
2022-12-08 09:28:16.658 INFO  [main]com.gaobug.GaobugApplication.logStarting:55 -Starting GaobugApplication using Java 1.8.0_301 on PC-20220222BTLW with PID 39416 (E:\lr\数据处理内容\Javaproduct\greatSeo\xxxseo\target\classes started by Administrator in E:\lr\数据处理内容\Javaproduct\greatSeo\xxxseo)
2022-12-08 09:28:16.660 INFO  [main]com.gaobug.GaobugApplication.logStartupProfileInfo:641 -The following profiles are active: dev
2022-12-08 09:28:16.932 INFO  [main]o.s.d.repository.config.RepositoryConfigurationDelegate.multipleStoresDetected:262 -Multiple Spring Data modules found, entering strict repository configuration mode!
2022-12-08 09:28:16.933 INFO  [main]o.s.d.repository.config.RepositoryConfigurationDelegate.registerRepositoriesIn:132 -Bootstrapping Spring Data Redis repositories in DEFAULT mode.
2022-12-08 09:28:16.944 INFO  [main]o.s.d.repository.config.RepositoryConfigurationDelegate.registerRepositoriesIn:201 -Finished Spring Data repository scanning in 3 ms. Found 0 Redis repository interfaces.
2022-12-08 09:28:17.142 INFO  [main]o.s.boot.web.embedded.tomcat.TomcatWebServer.initialize:108 -Tomcat initialized with port(s): 9156 (http)
2022-12-08 09:28:17.147 INFO  [main]org.apache.coyote.http11.Http11NioProtocol.log:173 -Initializing ProtocolHandler ["http-nio-9156"]
2022-12-08 09:28:17.147 INFO  [main]org.apache.catalina.core.StandardService.log:173 -Starting service [Tomcat]
2022-12-08 09:28:17.147 INFO  [main]org.apache.catalina.core.StandardEngine.log:173 -Starting Servlet engine: [Apache Tomcat/9.0.56]
2022-12-08 09:28:17.185 INFO  [main]o.a.catalina.core.ContainerBase.[Tomcat].[localhost].[/].log:173 -Initializing Spring embedded WebApplicationContext
2022-12-08 09:28:17.186 INFO  [main]o.s.b.w.s.context.ServletWebServerApplicationContext.prepareWebApplicationContext:290 -Root WebApplicationContext: initialization completed in 505 ms
2022-12-08 09:28:17.511 INFO  [main]org.apache.coyote.http11.Http11NioProtocol.log:173 -Starting ProtocolHandler ["http-nio-9156"]
2022-12-08 09:28:17.518 INFO  [main]o.s.boot.web.embedded.tomcat.TomcatWebServer.start:220 -Tomcat started on port(s): 9156 (http) with context path ''
2022-12-08 09:28:17.524 INFO  [main]com.gaobug.GaobugApplication.logStarted:61 -Started GaobugApplication in 1.113 seconds (JVM running for 1.434)
2022-12-08 09:28:19.877 INFO  [http-nio-9156-exec-1]o.a.catalina.core.ContainerBase.[Tomcat].[localhost].[/].log:173 -Initializing Spring DispatcherServlet 'dispatcherServlet'
2022-12-08 09:28:19.877 INFO  [http-nio-9156-exec-1]org.springframework.web.servlet.DispatcherServlet.initServletBean:525 -Initializing Servlet 'dispatcherServlet'
2022-12-08 09:28:19.878 INFO  [http-nio-9156-exec-1]org.springframework.web.servlet.DispatcherServlet.initServletBean:547 -Completed initialization in 1 ms
2022-12-08 09:31:59.426 INFO  [main]com.gaobug.GaobugApplication.logStarting:55 -Starting GaobugApplication using Java 1.8.0_301 on PC-20220222BTLW with PID 17716 (E:\lr\数据处理内容\Javaproduct\greatSeo\xxxseo\target\classes started by Administrator in E:\lr\数据处理内容\Javaproduct\greatSeo\xxxseo)
2022-12-08 09:31:59.427 INFO  [main]com.gaobug.GaobugApplication.logStartupProfileInfo:641 -The following profiles are active: dev
2022-12-08 09:31:59.726 INFO  [main]o.s.d.repository.config.RepositoryConfigurationDelegate.multipleStoresDetected:262 -Multiple Spring Data modules found, entering strict repository configuration mode!
2022-12-08 09:31:59.727 INFO  [main]o.s.d.repository.config.RepositoryConfigurationDelegate.registerRepositoriesIn:132 -Bootstrapping Spring Data Redis repositories in DEFAULT mode.
2022-12-08 09:31:59.739 INFO  [main]o.s.d.repository.config.RepositoryConfigurationDelegate.registerRepositoriesIn:201 -Finished Spring Data repository scanning in 4 ms. Found 0 Redis repository interfaces.
2022-12-08 09:31:59.936 INFO  [main]o.s.boot.web.embedded.tomcat.TomcatWebServer.initialize:108 -Tomcat initialized with port(s): 9156 (http)
2022-12-08 09:31:59.940 INFO  [main]org.apache.coyote.http11.Http11NioProtocol.log:173 -Initializing ProtocolHandler ["http-nio-9156"]
2022-12-08 09:31:59.941 INFO  [main]org.apache.catalina.core.StandardService.log:173 -Starting service [Tomcat]
2022-12-08 09:31:59.941 INFO  [main]org.apache.catalina.core.StandardEngine.log:173 -Starting Servlet engine: [Apache Tomcat/9.0.56]
2022-12-08 09:31:59.981 INFO  [main]o.a.catalina.core.ContainerBase.[Tomcat].[localhost].[/].log:173 -Initializing Spring embedded WebApplicationContext
2022-12-08 09:31:59.982 INFO  [main]o.s.b.w.s.context.ServletWebServerApplicationContext.prepareWebApplicationContext:290 -Root WebApplicationContext: initialization completed in 534 ms
2022-12-08 09:32:00.293 INFO  [main]org.apache.coyote.http11.Http11NioProtocol.log:173 -Starting ProtocolHandler ["http-nio-9156"]
2022-12-08 09:32:00.301 INFO  [main]o.s.boot.web.embedded.tomcat.TomcatWebServer.start:220 -Tomcat started on port(s): 9156 (http) with context path ''
2022-12-08 09:32:00.306 INFO  [main]com.gaobug.GaobugApplication.logStarted:61 -Started GaobugApplication in 1.131 seconds (JVM running for 1.441)
2022-12-08 09:33:23.206 INFO  [http-nio-9156-exec-1]o.a.catalina.core.ContainerBase.[Tomcat].[localhost].[/].log:173 -Initializing Spring DispatcherServlet 'dispatcherServlet'
2022-12-08 09:33:23.207 INFO  [http-nio-9156-exec-1]org.springframework.web.servlet.DispatcherServlet.initServletBean:525 -Initializing Servlet 'dispatcherServlet'
2022-12-08 09:33:23.207 INFO  [http-nio-9156-exec-1]org.springframework.web.servlet.DispatcherServlet.initServletBean:547 -Completed initialization in 0 ms
2022-12-08 09:36:57.774 INFO  [main]com.gaobug.GaobugApplication.logStarting:55 -Starting GaobugApplication using Java 1.8.0_301 on PC-20220222BTLW with PID 25964 (E:\lr\数据处理内容\Javaproduct\greatSeo\xxxseo\target\classes started by Administrator in E:\lr\数据处理内容\Javaproduct\greatSeo\xxxseo)
2022-12-08 09:36:57.776 INFO  [main]com.gaobug.GaobugApplication.logStartupProfileInfo:641 -The following profiles are active: dev
2022-12-08 09:36:58.076 INFO  [main]o.s.d.repository.config.RepositoryConfigurationDelegate.multipleStoresDetected:262 -Multiple Spring Data modules found, entering strict repository configuration mode!
2022-12-08 09:36:58.077 INFO  [main]o.s.d.repository.config.RepositoryConfigurationDelegate.registerRepositoriesIn:132 -Bootstrapping Spring Data Redis repositories in DEFAULT mode.
2022-12-08 09:36:58.089 INFO  [main]o.s.d.repository.config.RepositoryConfigurationDelegate.registerRepositoriesIn:201 -Finished Spring Data repository scanning in 4 ms. Found 0 Redis repository interfaces.
2022-12-08 09:36:58.287 INFO  [main]o.s.boot.web.embedded.tomcat.TomcatWebServer.initialize:108 -Tomcat initialized with port(s): 9156 (http)
2022-12-08 09:36:58.292 INFO  [main]org.apache.coyote.http11.Http11NioProtocol.log:173 -Initializing ProtocolHandler ["http-nio-9156"]
2022-12-08 09:36:58.293 INFO  [main]org.apache.catalina.core.StandardService.log:173 -Starting service [Tomcat]
2022-12-08 09:36:58.293 INFO  [main]org.apache.catalina.core.StandardEngine.log:173 -Starting Servlet engine: [Apache Tomcat/9.0.56]
2022-12-08 09:36:58.335 INFO  [main]o.a.catalina.core.ContainerBase.[Tomcat].[localhost].[/].log:173 -Initializing Spring embedded WebApplicationContext
2022-12-08 09:36:58.335 INFO  [main]o.s.b.w.s.context.ServletWebServerApplicationContext.prepareWebApplicationContext:290 -Root WebApplicationContext: initialization completed in 537 ms
2022-12-08 09:36:58.643 INFO  [main]org.apache.coyote.http11.Http11NioProtocol.log:173 -Starting ProtocolHandler ["http-nio-9156"]
2022-12-08 09:36:58.650 INFO  [main]o.s.boot.web.embedded.tomcat.TomcatWebServer.start:220 -Tomcat started on port(s): 9156 (http) with context path ''
2022-12-08 09:36:58.656 INFO  [main]com.gaobug.GaobugApplication.logStarted:61 -Started GaobugApplication in 1.129 seconds (JVM running for 1.435)
2022-12-08 09:37:22.381 INFO  [http-nio-9156-exec-1]o.a.catalina.core.ContainerBase.[Tomcat].[localhost].[/].log:173 -Initializing Spring DispatcherServlet 'dispatcherServlet'
2022-12-08 09:37:22.381 INFO  [http-nio-9156-exec-1]org.springframework.web.servlet.DispatcherServlet.initServletBean:525 -Initializing Servlet 'dispatcherServlet'
2022-12-08 09:37:22.382 INFO  [http-nio-9156-exec-1]org.springframework.web.servlet.DispatcherServlet.initServletBean:547 -Completed initialization in 1 ms
2022-12-08 09:41:31.595 INFO  [main]com.gaobug.GaobugApplication.logStarting:55 -Starting GaobugApplication using Java 1.8.0_301 on PC-20220222BTLW with PID 16460 (E:\lr\数据处理内容\Javaproduct\greatSeo\xxxseo\target\classes started by Administrator in E:\lr\数据处理内容\Javaproduct\greatSeo\xxxseo)
2022-12-08 09:41:31.597 INFO  [main]com.gaobug.GaobugApplication.logStartupProfileInfo:641 -The following profiles are active: dev
2022-12-08 09:41:31.895 INFO  [main]o.s.d.repository.config.RepositoryConfigurationDelegate.multipleStoresDetected:262 -Multiple Spring Data modules found, entering strict repository configuration mode!
2022-12-08 09:41:31.897 INFO  [main]o.s.d.repository.config.RepositoryConfigurationDelegate.registerRepositoriesIn:132 -Bootstrapping Spring Data Redis repositories in DEFAULT mode.
2022-12-08 09:41:31.908 INFO  [main]o.s.d.repository.config.RepositoryConfigurationDelegate.registerRepositoriesIn:201 -Finished Spring Data repository scanning in 4 ms. Found 0 Redis repository interfaces.
2022-12-08 09:41:32.122 INFO  [main]o.s.boot.web.embedded.tomcat.TomcatWebServer.initialize:108 -Tomcat initialized with port(s): 9156 (http)
2022-12-08 09:41:32.128 INFO  [main]org.apache.coyote.http11.Http11NioProtocol.log:173 -Initializing ProtocolHandler ["http-nio-9156"]
2022-12-08 09:41:32.128 INFO  [main]org.apache.catalina.core.StandardService.log:173 -Starting service [Tomcat]
2022-12-08 09:41:32.129 INFO  [main]org.apache.catalina.core.StandardEngine.log:173 -Starting Servlet engine: [Apache Tomcat/9.0.56]
2022-12-08 09:41:32.167 INFO  [main]o.a.catalina.core.ContainerBase.[Tomcat].[localhost].[/].log:173 -Initializing Spring embedded WebApplicationContext
2022-12-08 09:41:32.167 INFO  [main]o.s.b.w.s.context.ServletWebServerApplicationContext.prepareWebApplicationContext:290 -Root WebApplicationContext: initialization completed in 551 ms
2022-12-08 09:41:32.477 INFO  [main]org.apache.coyote.http11.Http11NioProtocol.log:173 -Starting ProtocolHandler ["http-nio-9156"]
2022-12-08 09:41:32.485 INFO  [main]o.s.boot.web.embedded.tomcat.TomcatWebServer.start:220 -Tomcat started on port(s): 9156 (http) with context path ''
2022-12-08 09:41:32.490 INFO  [main]com.gaobug.GaobugApplication.logStarted:61 -Started GaobugApplication in 1.144 seconds (JVM running for 1.468)
2022-12-08 09:41:47.534 INFO  [main]com.gaobug.GaobugApplication.logStarting:55 -Starting GaobugApplication using Java 1.8.0_301 on PC-20220222BTLW with PID 21536 (E:\lr\数据处理内容\Javaproduct\greatSeo\xxxseo\target\classes started by Administrator in E:\lr\数据处理内容\Javaproduct\greatSeo\xxxseo)
2022-12-08 09:41:47.537 INFO  [main]com.gaobug.GaobugApplication.logStartupProfileInfo:641 -The following profiles are active: dev
2022-12-08 09:41:47.834 INFO  [main]o.s.d.repository.config.RepositoryConfigurationDelegate.multipleStoresDetected:262 -Multiple Spring Data modules found, entering strict repository configuration mode!
2022-12-08 09:41:47.835 INFO  [main]o.s.d.repository.config.RepositoryConfigurationDelegate.registerRepositoriesIn:132 -Bootstrapping Spring Data Redis repositories in DEFAULT mode.
2022-12-08 09:41:47.847 INFO  [main]o.s.d.repository.config.RepositoryConfigurationDelegate.registerRepositoriesIn:201 -Finished Spring Data repository scanning in 4 ms. Found 0 Redis repository interfaces.
2022-12-08 09:41:48.052 INFO  [main]o.s.boot.web.embedded.tomcat.TomcatWebServer.initialize:108 -Tomcat initialized with port(s): 9156 (http)
2022-12-08 09:41:48.057 INFO  [main]org.apache.coyote.http11.Http11NioProtocol.log:173 -Initializing ProtocolHandler ["http-nio-9156"]
2022-12-08 09:41:48.057 INFO  [main]org.apache.catalina.core.StandardService.log:173 -Starting service [Tomcat]
2022-12-08 09:41:48.057 INFO  [main]org.apache.catalina.core.StandardEngine.log:173 -Starting Servlet engine: [Apache Tomcat/9.0.56]
2022-12-08 09:41:48.099 INFO  [main]o.a.catalina.core.ContainerBase.[Tomcat].[localhost].[/].log:173 -Initializing Spring embedded WebApplicationContext
2022-12-08 09:41:48.099 INFO  [main]o.s.b.w.s.context.ServletWebServerApplicationContext.prepareWebApplicationContext:290 -Root WebApplicationContext: initialization completed in 542 ms
2022-12-08 09:41:48.411 INFO  [main]org.apache.coyote.http11.Http11NioProtocol.log:173 -Starting ProtocolHandler ["http-nio-9156"]
2022-12-08 09:41:48.418 INFO  [main]o.s.boot.web.embedded.tomcat.TomcatWebServer.start:220 -Tomcat started on port(s): 9156 (http) with context path ''
2022-12-08 09:41:48.423 INFO  [main]com.gaobug.GaobugApplication.logStarted:61 -Started GaobugApplication in 1.202 seconds (JVM running for 1.529)
2022-12-08 09:41:48.635 INFO  [http-nio-9156-exec-1]o.a.catalina.core.ContainerBase.[Tomcat].[localhost].[/].log:173 -Initializing Spring DispatcherServlet 'dispatcherServlet'
2022-12-08 09:41:48.636 INFO  [http-nio-9156-exec-1]org.springframework.web.servlet.DispatcherServlet.initServletBean:525 -Initializing Servlet 'dispatcherServlet'
2022-12-08 09:41:48.636 INFO  [http-nio-9156-exec-1]org.springframework.web.servlet.DispatcherServlet.initServletBean:547 -Completed initialization in 0 ms
2022-12-08 09:44:57.129 INFO  [main]com.gaobug.GaobugApplication.logStarting:55 -Starting GaobugApplication using Java 1.8.0_301 on PC-20220222BTLW with PID 34448 (E:\lr\数据处理内容\Javaproduct\greatSeo\xxxseo\target\classes started by Administrator in E:\lr\数据处理内容\Javaproduct\greatSeo\xxxseo)
2022-12-08 09:44:57.131 INFO  [main]com.gaobug.GaobugApplication.logStartupProfileInfo:641 -The following profiles are active: dev
2022-12-08 09:44:57.431 INFO  [main]o.s.d.repository.config.RepositoryConfigurationDelegate.multipleStoresDetected:262 -Multiple Spring Data modules found, entering strict repository configuration mode!
2022-12-08 09:44:57.432 INFO  [main]o.s.d.repository.config.RepositoryConfigurationDelegate.registerRepositoriesIn:132 -Bootstrapping Spring Data Redis repositories in DEFAULT mode.
2022-12-08 09:44:57.442 INFO  [main]o.s.d.repository.config.RepositoryConfigurationDelegate.registerRepositoriesIn:201 -Finished Spring Data repository scanning in 4 ms. Found 0 Redis repository interfaces.
2022-12-08 09:44:57.647 INFO  [main]o.s.boot.web.embedded.tomcat.TomcatWebServer.initialize:108 -Tomcat initialized with port(s): 9156 (http)
2022-12-08 09:44:57.652 INFO  [main]org.apache.coyote.http11.Http11NioProtocol.log:173 -Initializing ProtocolHandler ["http-nio-9156"]
2022-12-08 09:44:57.653 INFO  [main]org.apache.catalina.core.StandardService.log:173 -Starting service [Tomcat]
2022-12-08 09:44:57.653 INFO  [main]org.apache.catalina.core.StandardEngine.log:173 -Starting Servlet engine: [Apache Tomcat/9.0.56]
2022-12-08 09:44:57.697 INFO  [main]o.a.catalina.core.ContainerBase.[Tomcat].[localhost].[/].log:173 -Initializing Spring embedded WebApplicationContext
2022-12-08 09:44:57.697 INFO  [main]o.s.b.w.s.context.ServletWebServerApplicationContext.prepareWebApplicationContext:290 -Root WebApplicationContext: initialization completed in 545 ms
2022-12-08 09:44:58.010 INFO  [main]org.apache.coyote.http11.Http11NioProtocol.log:173 -Starting ProtocolHandler ["http-nio-9156"]
2022-12-08 09:44:58.019 INFO  [main]o.s.boot.web.embedded.tomcat.TomcatWebServer.start:220 -Tomcat started on port(s): 9156 (http) with context path ''
2022-12-08 09:44:58.024 INFO  [main]com.gaobug.GaobugApplication.logStarted:61 -Started GaobugApplication in 1.156 seconds (JVM running for 1.468)
2022-12-08 09:45:04.331 INFO  [http-nio-9156-exec-1]o.a.catalina.core.ContainerBase.[Tomcat].[localhost].[/].log:173 -Initializing Spring DispatcherServlet 'dispatcherServlet'
2022-12-08 09:45:04.331 INFO  [http-nio-9156-exec-1]org.springframework.web.servlet.DispatcherServlet.initServletBean:525 -Initializing Servlet 'dispatcherServlet'
2022-12-08 09:45:04.332 INFO  [http-nio-9156-exec-1]org.springframework.web.servlet.DispatcherServlet.initServletBean:547 -Completed initialization in 1 ms
2022-12-08 09:48:12.426 INFO  [main]com.gaobug.GaobugApplication.logStarting:55 -Starting GaobugApplication using Java 1.8.0_301 on PC-20220222BTLW with PID 10284 (E:\lr\数据处理内容\Javaproduct\greatSeo\xxxseo\target\classes started by Administrator in E:\lr\数据处理内容\Javaproduct\greatSeo\xxxseo)
2022-12-08 09:48:12.427 INFO  [main]com.gaobug.GaobugApplication.logStartupProfileInfo:641 -The following profiles are active: dev
2022-12-08 09:48:12.720 INFO  [main]o.s.d.repository.config.RepositoryConfigurationDelegate.multipleStoresDetected:262 -Multiple Spring Data modules found, entering strict repository configuration mode!
2022-12-08 09:48:12.721 INFO  [main]o.s.d.repository.config.RepositoryConfigurationDelegate.registerRepositoriesIn:132 -Bootstrapping Spring Data Redis repositories in DEFAULT mode.
2022-12-08 09:48:12.731 INFO  [main]o.s.d.repository.config.RepositoryConfigurationDelegate.registerRepositoriesIn:201 -Finished Spring Data repository scanning in 3 ms. Found 0 Redis repository interfaces.
2022-12-08 09:48:12.937 INFO  [main]o.s.boot.web.embedded.tomcat.TomcatWebServer.initialize:108 -Tomcat initialized with port(s): 9156 (http)
2022-12-08 09:48:12.942 INFO  [main]org.apache.coyote.http11.Http11NioProtocol.log:173 -Initializing ProtocolHandler ["http-nio-9156"]
2022-12-08 09:48:12.942 INFO  [main]org.apache.catalina.core.StandardService.log:173 -Starting service [Tomcat]
2022-12-08 09:48:12.942 INFO  [main]org.apache.catalina.core.StandardEngine.log:173 -Starting Servlet engine: [Apache Tomcat/9.0.56]
2022-12-08 09:48:12.982 INFO  [main]o.a.catalina.core.ContainerBase.[Tomcat].[localhost].[/].log:173 -Initializing Spring embedded WebApplicationContext
2022-12-08 09:48:12.982 INFO  [main]o.s.b.w.s.context.ServletWebServerApplicationContext.prepareWebApplicationContext:290 -Root WebApplicationContext: initialization completed in 534 ms
2022-12-08 09:48:13.308 INFO  [main]org.apache.coyote.http11.Http11NioProtocol.log:173 -Starting ProtocolHandler ["http-nio-9156"]
2022-12-08 09:48:13.317 INFO  [main]o.s.boot.web.embedded.tomcat.TomcatWebServer.start:220 -Tomcat started on port(s): 9156 (http) with context path ''
2022-12-08 09:48:13.323 INFO  [main]com.gaobug.GaobugApplication.logStarted:61 -Started GaobugApplication in 1.148 seconds (JVM running for 1.466)
2022-12-08 09:48:13.345 INFO  [http-nio-9156-exec-1]o.a.catalina.core.ContainerBase.[Tomcat].[localhost].[/].log:173 -Initializing Spring DispatcherServlet 'dispatcherServlet'
2022-12-08 09:48:13.346 INFO  [http-nio-9156-exec-1]org.springframework.web.servlet.DispatcherServlet.initServletBean:525 -Initializing Servlet 'dispatcherServlet'
2022-12-08 09:48:13.346 INFO  [http-nio-9156-exec-1]org.springframework.web.servlet.DispatcherServlet.initServletBean:547 -Completed initialization in 0 ms
2022-12-08 09:52:25.227 INFO  [main]com.gaobug.GaobugApplication.logStarting:55 -Starting GaobugApplication using Java 1.8.0_301 on PC-20220222BTLW with PID 4012 (E:\lr\数据处理内容\Javaproduct\greatSeo\xxxseo\target\classes started by Administrator in E:\lr\数据处理内容\Javaproduct\greatSeo\xxxseo)
2022-12-08 09:52:25.229 INFO  [main]com.gaobug.GaobugApplication.logStartupProfileInfo:641 -The following profiles are active: dev
2022-12-08 09:52:25.518 INFO  [main]o.s.d.repository.config.RepositoryConfigurationDelegate.multipleStoresDetected:262 -Multiple Spring Data modules found, entering strict repository configuration mode!
2022-12-08 09:52:25.519 INFO  [main]o.s.d.repository.config.RepositoryConfigurationDelegate.registerRepositoriesIn:132 -Bootstrapping Spring Data Redis repositories in DEFAULT mode.
2022-12-08 09:52:25.531 INFO  [main]o.s.d.repository.config.RepositoryConfigurationDelegate.registerRepositoriesIn:201 -Finished Spring Data repository scanning in 4 ms. Found 0 Redis repository interfaces.
2022-12-08 09:52:25.726 INFO  [main]o.s.boot.web.embedded.tomcat.TomcatWebServer.initialize:108 -Tomcat initialized with port(s): 9156 (http)
2022-12-08 09:52:25.733 INFO  [main]org.apache.coyote.http11.Http11NioProtocol.log:173 -Initializing ProtocolHandler ["http-nio-9156"]
2022-12-08 09:52:25.734 INFO  [main]org.apache.catalina.core.StandardService.log:173 -Starting service [Tomcat]
2022-12-08 09:52:25.734 INFO  [main]org.apache.catalina.core.StandardEngine.log:173 -Starting Servlet engine: [Apache Tomcat/9.0.56]
2022-12-08 09:52:25.774 INFO  [main]o.a.catalina.core.ContainerBase.[Tomcat].[localhost].[/].log:173 -Initializing Spring embedded WebApplicationContext
2022-12-08 09:52:25.774 INFO  [main]o.s.b.w.s.context.ServletWebServerApplicationContext.prepareWebApplicationContext:290 -Root WebApplicationContext: initialization completed in 525 ms
2022-12-08 09:52:26.082 INFO  [main]org.apache.coyote.http11.Http11NioProtocol.log:173 -Starting ProtocolHandler ["http-nio-9156"]
2022-12-08 09:52:26.089 INFO  [main]o.s.boot.web.embedded.tomcat.TomcatWebServer.start:220 -Tomcat started on port(s): 9156 (http) with context path ''
2022-12-08 09:52:26.094 INFO  [main]com.gaobug.GaobugApplication.logStarted:61 -Started GaobugApplication in 1.115 seconds (JVM running for 1.426)
2022-12-08 09:52:31.809 INFO  [http-nio-9156-exec-1]o.a.catalina.core.ContainerBase.[Tomcat].[localhost].[/].log:173 -Initializing Spring DispatcherServlet 'dispatcherServlet'
2022-12-08 09:52:31.809 INFO  [http-nio-9156-exec-1]org.springframework.web.servlet.DispatcherServlet.initServletBean:525 -Initializing Servlet 'dispatcherServlet'
2022-12-08 09:52:31.810 INFO  [http-nio-9156-exec-1]org.springframework.web.servlet.DispatcherServlet.initServletBean:547 -Completed initialization in 1 ms
2022-12-08 09:55:19.991 INFO  [main]com.gaobug.GaobugApplication.logStarting:55 -Starting GaobugApplication using Java 1.8.0_301 on PC-20220222BTLW with PID 26860 (E:\lr\数据处理内容\Javaproduct\greatSeo\xxxseo\target\classes started by Administrator in E:\lr\数据处理内容\Javaproduct\greatSeo\xxxseo)
2022-12-08 09:55:19.993 INFO  [main]com.gaobug.GaobugApplication.logStartupProfileInfo:641 -The following profiles are active: dev
2022-12-08 09:55:20.294 INFO  [main]o.s.d.repository.config.RepositoryConfigurationDelegate.multipleStoresDetected:262 -Multiple Spring Data modules found, entering strict repository configuration mode!
2022-12-08 09:55:20.295 INFO  [main]o.s.d.repository.config.RepositoryConfigurationDelegate.registerRepositoriesIn:132 -Bootstrapping Spring Data Redis repositories in DEFAULT mode.
2022-12-08 09:55:20.307 INFO  [main]o.s.d.repository.config.RepositoryConfigurationDelegate.registerRepositoriesIn:201 -Finished Spring Data repository scanning in 4 ms. Found 0 Redis repository interfaces.
2022-12-08 09:55:20.523 INFO  [main]o.s.boot.web.embedded.tomcat.TomcatWebServer.initialize:108 -Tomcat initialized with port(s): 9156 (http)
2022-12-08 09:55:20.527 INFO  [main]org.apache.coyote.http11.Http11NioProtocol.log:173 -Initializing ProtocolHandler ["http-nio-9156"]
2022-12-08 09:55:20.527 INFO  [main]org.apache.catalina.core.StandardService.log:173 -Starting service [Tomcat]
2022-12-08 09:55:20.527 INFO  [main]org.apache.catalina.core.StandardEngine.log:173 -Starting Servlet engine: [Apache Tomcat/9.0.56]
2022-12-08 09:55:20.564 INFO  [main]o.a.catalina.core.ContainerBase.[Tomcat].[localhost].[/].log:173 -Initializing Spring embedded WebApplicationContext
2022-12-08 09:55:20.564 INFO  [main]o.s.b.w.s.context.ServletWebServerApplicationContext.prepareWebApplicationContext:290 -Root WebApplicationContext: initialization completed in 550 ms
2022-12-08 09:55:20.881 INFO  [main]org.apache.coyote.http11.Http11NioProtocol.log:173 -Starting ProtocolHandler ["http-nio-9156"]
2022-12-08 09:55:20.888 INFO  [main]o.s.boot.web.embedded.tomcat.TomcatWebServer.start:220 -Tomcat started on port(s): 9156 (http) with context path ''
2022-12-08 09:55:20.893 INFO  [main]com.gaobug.GaobugApplication.logStarted:61 -Started GaobugApplication in 1.15 seconds (JVM running for 1.479)
2022-12-08 09:55:20.980 INFO  [http-nio-9156-exec-1]o.a.catalina.core.ContainerBase.[Tomcat].[localhost].[/].log:173 -Initializing Spring DispatcherServlet 'dispatcherServlet'
2022-12-08 09:55:20.980 INFO  [http-nio-9156-exec-1]org.springframework.web.servlet.DispatcherServlet.initServletBean:525 -Initializing Servlet 'dispatcherServlet'
2022-12-08 09:55:20.980 INFO  [http-nio-9156-exec-1]org.springframework.web.servlet.DispatcherServlet.initServletBean:547 -Completed initialization in 0 ms
2022-12-08 10:03:37.839 INFO  [main]com.gaobug.GaobugApplication.logStarting:55 -Starting GaobugApplication using Java 1.8.0_301 on PC-20220222BTLW with PID 34064 (E:\lr\数据处理内容\Javaproduct\greatSeo\xxxseo\target\classes started by Administrator in E:\lr\数据处理内容\Javaproduct\greatSeo\xxxseo)
2022-12-08 10:03:37.841 INFO  [main]com.gaobug.GaobugApplication.logStartupProfileInfo:641 -The following profiles are active: dev
2022-12-08 10:03:38.157 INFO  [main]o.s.d.repository.config.RepositoryConfigurationDelegate.multipleStoresDetected:262 -Multiple Spring Data modules found, entering strict repository configuration mode!
2022-12-08 10:03:38.158 INFO  [main]o.s.d.repository.config.RepositoryConfigurationDelegate.registerRepositoriesIn:132 -Bootstrapping Spring Data Redis repositories in DEFAULT mode.
2022-12-08 10:03:38.170 INFO  [main]o.s.d.repository.config.RepositoryConfigurationDelegate.registerRepositoriesIn:201 -Finished Spring Data repository scanning in 4 ms. Found 0 Redis repository interfaces.
2022-12-08 10:03:38.392 INFO  [main]o.s.boot.web.embedded.tomcat.TomcatWebServer.initialize:108 -Tomcat initialized with port(s): 9156 (http)
2022-12-08 10:03:38.399 INFO  [main]org.apache.coyote.http11.Http11NioProtocol.log:173 -Initializing ProtocolHandler ["http-nio-9156"]
2022-12-08 10:03:38.399 INFO  [main]org.apache.catalina.core.StandardService.log:173 -Starting service [Tomcat]
2022-12-08 10:03:38.399 INFO  [main]org.apache.catalina.core.StandardEngine.log:173 -Starting Servlet engine: [Apache Tomcat/9.0.56]
2022-12-08 10:03:38.441 INFO  [main]o.a.catalina.core.ContainerBase.[Tomcat].[localhost].[/].log:173 -Initializing Spring embedded WebApplicationContext
2022-12-08 10:03:38.442 INFO  [main]o.s.b.w.s.context.ServletWebServerApplicationContext.prepareWebApplicationContext:290 -Root WebApplicationContext: initialization completed in 572 ms
2022-12-08 10:03:38.792 INFO  [main]org.apache.coyote.http11.Http11NioProtocol.log:173 -Starting ProtocolHandler ["http-nio-9156"]
2022-12-08 10:03:38.800 INFO  [main]o.s.boot.web.embedded.tomcat.TomcatWebServer.start:220 -Tomcat started on port(s): 9156 (http) with context path ''
2022-12-08 10:03:38.806 INFO  [main]com.gaobug.GaobugApplication.logStarted:61 -Started GaobugApplication in 1.303 seconds (JVM running for 1.656)
2022-12-08 10:03:39.476 INFO  [http-nio-9156-exec-1]o.a.catalina.core.ContainerBase.[Tomcat].[localhost].[/].log:173 -Initializing Spring DispatcherServlet 'dispatcherServlet'
2022-12-08 10:03:39.476 INFO  [http-nio-9156-exec-1]org.springframework.web.servlet.DispatcherServlet.initServletBean:525 -Initializing Servlet 'dispatcherServlet'
2022-12-08 10:03:39.477 INFO  [http-nio-9156-exec-1]org.springframework.web.servlet.DispatcherServlet.initServletBean:547 -Completed initialization in 1 ms
2022-12-08 10:07:53.055 INFO  [main]com.gaobug.GaobugApplication.logStarting:55 -Starting GaobugApplication using Java 1.8.0_301 on PC-20220222BTLW with PID 320 (E:\lr\数据处理内容\Javaproduct\greatSeo\xxxseo\target\classes started by Administrator in E:\lr\数据处理内容\Javaproduct\greatSeo\xxxseo)
2022-12-08 10:07:53.057 INFO  [main]com.gaobug.GaobugApplication.logStartupProfileInfo:641 -The following profiles are active: dev
2022-12-08 10:07:53.360 INFO  [main]o.s.d.repository.config.RepositoryConfigurationDelegate.multipleStoresDetected:262 -Multiple Spring Data modules found, entering strict repository configuration mode!
2022-12-08 10:07:53.361 INFO  [main]o.s.d.repository.config.RepositoryConfigurationDelegate.registerRepositoriesIn:132 -Bootstrapping Spring Data Redis repositories in DEFAULT mode.
2022-12-08 10:07:53.372 INFO  [main]o.s.d.repository.config.RepositoryConfigurationDelegate.registerRepositoriesIn:201 -Finished Spring Data repository scanning in 4 ms. Found 0 Redis repository interfaces.
2022-12-08 10:07:53.574 INFO  [main]o.s.boot.web.embedded.tomcat.TomcatWebServer.initialize:108 -Tomcat initialized with port(s): 9156 (http)
2022-12-08 10:07:53.579 INFO  [main]org.apache.coyote.http11.Http11NioProtocol.log:173 -Initializing ProtocolHandler ["http-nio-9156"]
2022-12-08 10:07:53.579 INFO  [main]org.apache.catalina.core.StandardService.log:173 -Starting service [Tomcat]
2022-12-08 10:07:53.579 INFO  [main]org.apache.catalina.core.StandardEngine.log:173 -Starting Servlet engine: [Apache Tomcat/9.0.56]
2022-12-08 10:07:53.618 INFO  [main]o.a.catalina.core.ContainerBase.[Tomcat].[localhost].[/].log:173 -Initializing Spring embedded WebApplicationContext
2022-12-08 10:07:53.618 INFO  [main]o.s.b.w.s.context.ServletWebServerApplicationContext.prepareWebApplicationContext:290 -Root WebApplicationContext: initialization completed in 538 ms
2022-12-08 10:07:57.238 INFO  [main]org.apache.coyote.http11.Http11NioProtocol.log:173 -Starting ProtocolHandler ["http-nio-9156"]
2022-12-08 10:07:57.247 INFO  [main]o.s.boot.web.embedded.tomcat.TomcatWebServer.start:220 -Tomcat started on port(s): 9156 (http) with context path ''
2022-12-08 10:07:57.253 INFO  [main]com.gaobug.GaobugApplication.logStarted:61 -Started GaobugApplication in 4.476 seconds (JVM running for 4.851)
2022-12-08 10:07:59.659 INFO  [http-nio-9156-exec-1]o.a.catalina.core.ContainerBase.[Tomcat].[localhost].[/].log:173 -Initializing Spring DispatcherServlet 'dispatcherServlet'
2022-12-08 10:07:59.660 INFO  [http-nio-9156-exec-1]org.springframework.web.servlet.DispatcherServlet.initServletBean:525 -Initializing Servlet 'dispatcherServlet'
2022-12-08 10:07:59.660 INFO  [http-nio-9156-exec-1]org.springframework.web.servlet.DispatcherServlet.initServletBean:547 -Completed initialization in 0 ms
2022-12-08 10:08:11.454 INFO  [main]com.gaobug.GaobugApplication.logStarting:55 -Starting GaobugApplication using Java 1.8.0_301 on PC-20220222BTLW with PID 18612 (E:\lr\数据处理内容\Javaproduct\greatSeo\xxxseo\target\classes started by Administrator in E:\lr\数据处理内容\Javaproduct\greatSeo\xxxseo)
2022-12-08 10:08:11.455 INFO  [main]com.gaobug.GaobugApplication.logStartupProfileInfo:641 -The following profiles are active: dev
2022-12-08 10:08:11.752 INFO  [main]o.s.d.repository.config.RepositoryConfigurationDelegate.multipleStoresDetected:262 -Multiple Spring Data modules found, entering strict repository configuration mode!
2022-12-08 10:08:11.753 INFO  [main]o.s.d.repository.config.RepositoryConfigurationDelegate.registerRepositoriesIn:132 -Bootstrapping Spring Data Redis repositories in DEFAULT mode.
2022-12-08 10:08:11.764 INFO  [main]o.s.d.repository.config.RepositoryConfigurationDelegate.registerRepositoriesIn:201 -Finished Spring Data repository scanning in 4 ms. Found 0 Redis repository interfaces.
2022-12-08 10:08:11.976 INFO  [main]o.s.boot.web.embedded.tomcat.TomcatWebServer.initialize:108 -Tomcat initialized with port(s): 9156 (http)
2022-12-08 10:08:11.981 INFO  [main]org.apache.coyote.http11.Http11NioProtocol.log:173 -Initializing ProtocolHandler ["http-nio-9156"]
2022-12-08 10:08:11.982 INFO  [main]org.apache.catalina.core.StandardService.log:173 -Starting service [Tomcat]
2022-12-08 10:08:11.982 INFO  [main]org.apache.catalina.core.StandardEngine.log:173 -Starting Servlet engine: [Apache Tomcat/9.0.56]
2022-12-08 10:08:12.020 INFO  [main]o.a.catalina.core.ContainerBase.[Tomcat].[localhost].[/].log:173 -Initializing Spring embedded WebApplicationContext
2022-12-08 10:08:12.020 INFO  [main]o.s.b.w.s.context.ServletWebServerApplicationContext.prepareWebApplicationContext:290 -Root WebApplicationContext: initialization completed in 543 ms
2022-12-08 10:08:14.162 INFO  [main]org.apache.coyote.http11.Http11NioProtocol.log:173 -Starting ProtocolHandler ["http-nio-9156"]
2022-12-08 10:08:14.170 INFO  [main]o.s.boot.web.embedded.tomcat.TomcatWebServer.start:220 -Tomcat started on port(s): 9156 (http) with context path ''
2022-12-08 10:08:14.175 INFO  [main]com.gaobug.GaobugApplication.logStarted:61 -Started GaobugApplication in 2.983 seconds (JVM running for 3.366)
2022-12-08 10:08:14.774 INFO  [http-nio-9156-exec-1]o.a.catalina.core.ContainerBase.[Tomcat].[localhost].[/].log:173 -Initializing Spring DispatcherServlet 'dispatcherServlet'
2022-12-08 10:08:14.774 INFO  [http-nio-9156-exec-1]org.springframework.web.servlet.DispatcherServlet.initServletBean:525 -Initializing Servlet 'dispatcherServlet'
2022-12-08 10:08:14.774 INFO  [http-nio-9156-exec-1]org.springframework.web.servlet.DispatcherServlet.initServletBean:547 -Completed initialization in 0 ms
2022-12-08 10:09:06.654 INFO  [main]com.gaobug.GaobugApplication.logStarting:55 -Starting GaobugApplication using Java 1.8.0_301 on PC-20220222BTLW with PID 11984 (E:\lr\数据处理内容\Javaproduct\greatSeo\xxxseo\target\classes started by Administrator in E:\lr\数据处理内容\Javaproduct\greatSeo\xxxseo)
2022-12-08 10:09:06.656 INFO  [main]com.gaobug.GaobugApplication.logStartupProfileInfo:641 -The following profiles are active: dev
2022-12-08 10:09:06.944 INFO  [main]o.s.d.repository.config.RepositoryConfigurationDelegate.multipleStoresDetected:262 -Multiple Spring Data modules found, entering strict repository configuration mode!
2022-12-08 10:09:06.945 INFO  [main]o.s.d.repository.config.RepositoryConfigurationDelegate.registerRepositoriesIn:132 -Bootstrapping Spring Data Redis repositories in DEFAULT mode.
2022-12-08 10:09:06.956 INFO  [main]o.s.d.repository.config.RepositoryConfigurationDelegate.registerRepositoriesIn:201 -Finished Spring Data repository scanning in 4 ms. Found 0 Redis repository interfaces.
2022-12-08 10:09:07.161 INFO  [main]o.s.boot.web.embedded.tomcat.TomcatWebServer.initialize:108 -Tomcat initialized with port(s): 9156 (http)
2022-12-08 10:09:07.166 INFO  [main]org.apache.coyote.http11.Http11NioProtocol.log:173 -Initializing ProtocolHandler ["http-nio-9156"]
2022-12-08 10:09:07.166 INFO  [main]org.apache.catalina.core.StandardService.log:173 -Starting service [Tomcat]
2022-12-08 10:09:07.166 INFO  [main]org.apache.catalina.core.StandardEngine.log:173 -Starting Servlet engine: [Apache Tomcat/9.0.56]
2022-12-08 10:09:07.208 INFO  [main]o.a.catalina.core.ContainerBase.[Tomcat].[localhost].[/].log:173 -Initializing Spring embedded WebApplicationContext
2022-12-08 10:09:07.208 INFO  [main]o.s.b.w.s.context.ServletWebServerApplicationContext.prepareWebApplicationContext:290 -Root WebApplicationContext: initialization completed in 531 ms
2022-12-08 10:09:10.971 INFO  [main]o.s.boot.web.embedded.tomcat.TomcatWebServer.start:220 -Tomcat started on port(s): 9156 (http) with context path ''
2022-12-08 10:09:10.977 INFO  [main]com.gaobug.GaobugApplication.logStarted:61 -Started GaobugApplication in 4.577 seconds (JVM running for 4.9)
2022-12-08 10:09:13.485 INFO  [main]com.gaobug.GaobugApplication.logStarting:55 -Starting GaobugApplication using Java 1.8.0_301 on PC-20220222BTLW with PID 38756 (E:\lr\数据处理内容\Javaproduct\greatSeo\xxxseo\target\classes started by Administrator in E:\lr\数据处理内容\Javaproduct\greatSeo\xxxseo)
2022-12-08 10:09:13.487 INFO  [main]com.gaobug.GaobugApplication.logStartupProfileInfo:641 -The following profiles are active: dev
2022-12-08 10:09:13.781 INFO  [main]o.s.d.repository.config.RepositoryConfigurationDelegate.multipleStoresDetected:262 -Multiple Spring Data modules found, entering strict repository configuration mode!
2022-12-08 10:09:13.782 INFO  [main]o.s.d.repository.config.RepositoryConfigurationDelegate.registerRepositoriesIn:132 -Bootstrapping Spring Data Redis repositories in DEFAULT mode.
2022-12-08 10:09:13.793 INFO  [main]o.s.d.repository.config.RepositoryConfigurationDelegate.registerRepositoriesIn:201 -Finished Spring Data repository scanning in 3 ms. Found 0 Redis repository interfaces.
2022-12-08 10:09:14.000 INFO  [main]o.s.boot.web.embedded.tomcat.TomcatWebServer.initialize:108 -Tomcat initialized with port(s): 9156 (http)
2022-12-08 10:09:14.004 INFO  [main]org.apache.coyote.http11.Http11NioProtocol.log:173 -Initializing ProtocolHandler ["http-nio-9156"]
2022-12-08 10:09:14.005 INFO  [main]org.apache.catalina.core.StandardService.log:173 -Starting service [Tomcat]
2022-12-08 10:09:14.005 INFO  [main]org.apache.catalina.core.StandardEngine.log:173 -Starting Servlet engine: [Apache Tomcat/9.0.56]
2022-12-08 10:09:14.042 INFO  [main]o.a.catalina.core.ContainerBase.[Tomcat].[localhost].[/].log:173 -Initializing Spring embedded WebApplicationContext
2022-12-08 10:09:14.042 INFO  [main]o.s.b.w.s.context.ServletWebServerApplicationContext.prepareWebApplicationContext:290 -Root WebApplicationContext: initialization completed in 535 ms
2022-12-08 10:09:17.661 INFO  [main]org.apache.coyote.http11.Http11NioProtocol.log:173 -Starting ProtocolHandler ["http-nio-9156"]
2022-12-08 10:09:17.668 INFO  [main]o.s.boot.web.embedded.tomcat.TomcatWebServer.start:220 -Tomcat started on port(s): 9156 (http) with context path ''
2022-12-08 10:09:17.673 INFO  [main]com.gaobug.GaobugApplication.logStarted:61 -Started GaobugApplication in 4.445 seconds (JVM running for 4.797)
2022-12-08 10:09:22.337 INFO  [http-nio-9156-exec-1]o.a.catalina.core.ContainerBase.[Tomcat].[localhost].[/].log:173 -Initializing Spring DispatcherServlet 'dispatcherServlet'
2022-12-08 10:09:22.337 INFO  [http-nio-9156-exec-1]org.springframework.web.servlet.DispatcherServlet.initServletBean:525 -Initializing Servlet 'dispatcherServlet'
2022-12-08 10:09:22.338 INFO  [http-nio-9156-exec-1]org.springframework.web.servlet.DispatcherServlet.initServletBean:547 -Completed initialization in 1 ms
2022-12-08 10:10:26.786 INFO  [main]com.gaobug.GaobugApplication.logStarting:55 -Starting GaobugApplication using Java 1.8.0_301 on PC-20220222BTLW with PID 25604 (E:\lr\数据处理内容\Javaproduct\greatSeo\xxxseo\target\classes started by Administrator in E:\lr\数据处理内容\Javaproduct\greatSeo\xxxseo)
2022-12-08 10:10:26.788 INFO  [main]com.gaobug.GaobugApplication.logStartupProfileInfo:641 -The following profiles are active: dev
2022-12-08 10:10:27.081 INFO  [main]o.s.d.repository.config.RepositoryConfigurationDelegate.multipleStoresDetected:262 -Multiple Spring Data modules found, entering strict repository configuration mode!
2022-12-08 10:10:27.082 INFO  [main]o.s.d.repository.config.RepositoryConfigurationDelegate.registerRepositoriesIn:132 -Bootstrapping Spring Data Redis repositories in DEFAULT mode.
2022-12-08 10:10:27.094 INFO  [main]o.s.d.repository.config.RepositoryConfigurationDelegate.registerRepositoriesIn:201 -Finished Spring Data repository scanning in 4 ms. Found 0 Redis repository interfaces.
2022-12-08 10:10:27.301 INFO  [main]o.s.boot.web.embedded.tomcat.TomcatWebServer.initialize:108 -Tomcat initialized with port(s): 9156 (http)
2022-12-08 10:10:27.306 INFO  [main]org.apache.coyote.http11.Http11NioProtocol.log:173 -Initializing ProtocolHandler ["http-nio-9156"]
2022-12-08 10:10:27.306 INFO  [main]org.apache.catalina.core.StandardService.log:173 -Starting service [Tomcat]
2022-12-08 10:10:27.306 INFO  [main]org.apache.catalina.core.StandardEngine.log:173 -Starting Servlet engine: [Apache Tomcat/9.0.56]
2022-12-08 10:10:27.348 INFO  [main]o.a.catalina.core.ContainerBase.[Tomcat].[localhost].[/].log:173 -Initializing Spring embedded WebApplicationContext
2022-12-08 10:10:27.348 INFO  [main]o.s.b.w.s.context.ServletWebServerApplicationContext.prepareWebApplicationContext:290 -Root WebApplicationContext: initialization completed in 540 ms
2022-12-08 10:10:30.919 INFO  [main]org.apache.coyote.http11.Http11NioProtocol.log:173 -Starting ProtocolHandler ["http-nio-9156"]
2022-12-08 10:10:30.927 INFO  [main]o.s.boot.web.embedded.tomcat.TomcatWebServer.start:220 -Tomcat started on port(s): 9156 (http) with context path ''
2022-12-08 10:10:30.933 INFO  [main]com.gaobug.GaobugApplication.logStarted:61 -Started GaobugApplication in 4.399 seconds (JVM running for 4.738)
2022-12-08 10:10:33.836 INFO  [http-nio-9156-exec-1]o.a.catalina.core.ContainerBase.[Tomcat].[localhost].[/].log:173 -Initializing Spring DispatcherServlet 'dispatcherServlet'
2022-12-08 10:10:33.836 INFO  [http-nio-9156-exec-1]org.springframework.web.servlet.DispatcherServlet.initServletBean:525 -Initializing Servlet 'dispatcherServlet'
2022-12-08 10:10:33.837 INFO  [http-nio-9156-exec-1]org.springframework.web.servlet.DispatcherServlet.initServletBean:547 -Completed initialization in 1 ms
2022-12-08 10:12:22.969 INFO  [main]com.gaobug.GaobugApplication.logStarting:55 -Starting GaobugApplication using Java 1.8.0_301 on PC-20220222BTLW with PID 7272 (E:\lr\数据处理内容\Javaproduct\greatSeo\xxxseo\target\classes started by Administrator in E:\lr\数据处理内容\Javaproduct\greatSeo\xxxseo)
2022-12-08 10:12:22.970 INFO  [main]com.gaobug.GaobugApplication.logStartupProfileInfo:641 -The following profiles are active: dev
2022-12-08 10:12:23.257 INFO  [main]o.s.d.repository.config.RepositoryConfigurationDelegate.multipleStoresDetected:262 -Multiple Spring Data modules found, entering strict repository configuration mode!
2022-12-08 10:12:23.258 INFO  [main]o.s.d.repository.config.RepositoryConfigurationDelegate.registerRepositoriesIn:132 -Bootstrapping Spring Data Redis repositories in DEFAULT mode.
2022-12-08 10:12:23.270 INFO  [main]o.s.d.repository.config.RepositoryConfigurationDelegate.registerRepositoriesIn:201 -Finished Spring Data repository scanning in 4 ms. Found 0 Redis repository interfaces.
2022-12-08 10:12:23.474 INFO  [main]o.s.boot.web.embedded.tomcat.TomcatWebServer.initialize:108 -Tomcat initialized with port(s): 9156 (http)
2022-12-08 10:12:23.479 INFO  [main]org.apache.coyote.http11.Http11NioProtocol.log:173 -Initializing ProtocolHandler ["http-nio-9156"]
2022-12-08 10:12:23.480 INFO  [main]org.apache.catalina.core.StandardService.log:173 -Starting service [Tomcat]
2022-12-08 10:12:23.480 INFO  [main]org.apache.catalina.core.StandardEngine.log:173 -Starting Servlet engine: [Apache Tomcat/9.0.56]
2022-12-08 10:12:23.521 INFO  [main]o.a.catalina.core.ContainerBase.[Tomcat].[localhost].[/].log:173 -Initializing Spring embedded WebApplicationContext
2022-12-08 10:12:23.521 INFO  [main]o.s.b.w.s.context.ServletWebServerApplicationContext.prepareWebApplicationContext:290 -Root WebApplicationContext: initialization completed in 529 ms
2022-12-08 10:12:27.142 INFO  [main]org.apache.coyote.http11.Http11NioProtocol.log:173 -Starting ProtocolHandler ["http-nio-9156"]
2022-12-08 10:12:27.150 INFO  [main]o.s.boot.web.embedded.tomcat.TomcatWebServer.start:220 -Tomcat started on port(s): 9156 (http) with context path ''
2022-12-08 10:12:27.155 INFO  [main]com.gaobug.GaobugApplication.logStarted:61 -Started GaobugApplication in 4.436 seconds (JVM running for 4.76)
2022-12-08 10:12:27.689 INFO  [http-nio-9156-exec-1]o.a.catalina.core.ContainerBase.[Tomcat].[localhost].[/].log:173 -Initializing Spring DispatcherServlet 'dispatcherServlet'
2022-12-08 10:12:27.690 INFO  [http-nio-9156-exec-1]org.springframework.web.servlet.DispatcherServlet.initServletBean:525 -Initializing Servlet 'dispatcherServlet'
2022-12-08 10:12:27.690 INFO  [http-nio-9156-exec-1]org.springframework.web.servlet.DispatcherServlet.initServletBean:547 -Completed initialization in 0 ms
2022-12-08 15:59:36.716 INFO  [main]com.gaobug.GaobugApplication.logStarting:55 -Starting GaobugApplication using Java 1.8.0_301 on PC-20220222BTLW with PID 10792 (E:\lr\数据处理内容\Javaproduct\greatSeo\xxxseo\target\classes started by Administrator in E:\lr\数据处理内容\Javaproduct\greatSeo\xxxseo)
2022-12-08 15:59:36.719 INFO  [main]com.gaobug.GaobugApplication.logStartupProfileInfo:641 -The following profiles are active: dev
2022-12-08 15:59:36.989 INFO  [main]o.s.d.repository.config.RepositoryConfigurationDelegate.multipleStoresDetected:262 -Multiple Spring Data modules found, entering strict repository configuration mode!
2022-12-08 15:59:36.990 INFO  [main]o.s.d.repository.config.RepositoryConfigurationDelegate.registerRepositoriesIn:132 -Bootstrapping Spring Data Redis repositories in DEFAULT mode.
2022-12-08 15:59:37.000 INFO  [main]o.s.d.repository.config.RepositoryConfigurationDelegate.registerRepositoriesIn:201 -Finished Spring Data repository scanning in 3 ms. Found 0 Redis repository interfaces.
2022-12-08 15:59:37.216 INFO  [main]o.s.boot.web.embedded.tomcat.TomcatWebServer.initialize:108 -Tomcat initialized with port(s): 9156 (http)
2022-12-08 15:59:37.221 INFO  [main]org.apache.coyote.http11.Http11NioProtocol.log:173 -Initializing ProtocolHandler ["http-nio-9156"]
2022-12-08 15:59:37.221 INFO  [main]org.apache.catalina.core.StandardService.log:173 -Starting service [Tomcat]
2022-12-08 15:59:37.221 INFO  [main]org.apache.catalina.core.StandardEngine.log:173 -Starting Servlet engine: [Apache Tomcat/9.0.56]
2022-12-08 15:59:37.262 INFO  [main]o.a.catalina.core.ContainerBase.[Tomcat].[localhost].[/].log:173 -Initializing Spring embedded WebApplicationContext
2022-12-08 15:59:37.262 INFO  [main]o.s.b.w.s.context.ServletWebServerApplicationContext.prepareWebApplicationContext:290 -Root WebApplicationContext: initialization completed in 521 ms
2022-12-08 15:59:39.566 INFO  [main]org.apache.coyote.http11.Http11NioProtocol.log:173 -Starting ProtocolHandler ["http-nio-9156"]
2022-12-08 15:59:39.573 INFO  [main]o.s.boot.web.embedded.tomcat.TomcatWebServer.start:220 -Tomcat started on port(s): 9156 (http) with context path ''
2022-12-08 15:59:39.579 INFO  [main]com.gaobug.GaobugApplication.logStarted:61 -Started GaobugApplication in 3.173 seconds (JVM running for 3.57)
2022-12-08 15:59:42.954 INFO  [http-nio-9156-exec-1]o.a.catalina.core.ContainerBase.[Tomcat].[localhost].[/].log:173 -Initializing Spring DispatcherServlet 'dispatcherServlet'
2022-12-08 15:59:42.954 INFO  [http-nio-9156-exec-1]org.springframework.web.servlet.DispatcherServlet.initServletBean:525 -Initializing Servlet 'dispatcherServlet'
2022-12-08 15:59:42.955 INFO  [http-nio-9156-exec-1]org.springframework.web.servlet.DispatcherServlet.initServletBean:547 -Completed initialization in 1 ms
2022-12-08 16:01:37.457 INFO  [main]com.gaobug.GaobugApplication.logStarting:55 -Starting GaobugApplication using Java 1.8.0_301 on PC-20220222BTLW with PID 18860 (E:\lr\数据处理内容\Javaproduct\greatSeo\xxxseo\target\classes started by Administrator in E:\lr\数据处理内容\Javaproduct\greatSeo\xxxseo)
2022-12-08 16:01:37.459 INFO  [main]com.gaobug.GaobugApplication.logStartupProfileInfo:641 -The following profiles are active: dev
2022-12-08 16:01:37.735 INFO  [main]o.s.d.repository.config.RepositoryConfigurationDelegate.multipleStoresDetected:262 -Multiple Spring Data modules found, entering strict repository configuration mode!
2022-12-08 16:01:37.736 INFO  [main]o.s.d.repository.config.RepositoryConfigurationDelegate.registerRepositoriesIn:132 -Bootstrapping Spring Data Redis repositories in DEFAULT mode.
2022-12-08 16:01:37.746 INFO  [main]o.s.d.repository.config.RepositoryConfigurationDelegate.registerRepositoriesIn:201 -Finished Spring Data repository scanning in 3 ms. Found 0 Redis repository interfaces.
2022-12-08 16:01:37.957 INFO  [main]o.s.boot.web.embedded.tomcat.TomcatWebServer.initialize:108 -Tomcat initialized with port(s): 9156 (http)
2022-12-08 16:01:37.962 INFO  [main]org.apache.coyote.http11.Http11NioProtocol.log:173 -Initializing ProtocolHandler ["http-nio-9156"]
2022-12-08 16:01:37.963 INFO  [main]org.apache.catalina.core.StandardService.log:173 -Starting service [Tomcat]
2022-12-08 16:01:37.963 INFO  [main]org.apache.catalina.core.StandardEngine.log:173 -Starting Servlet engine: [Apache Tomcat/9.0.56]
2022-12-08 16:01:38.002 INFO  [main]o.a.catalina.core.ContainerBase.[Tomcat].[localhost].[/].log:173 -Initializing Spring embedded WebApplicationContext
2022-12-08 16:01:38.002 INFO  [main]o.s.b.w.s.context.ServletWebServerApplicationContext.prepareWebApplicationContext:290 -Root WebApplicationContext: initialization completed in 521 ms
2022-12-08 16:01:41.677 INFO  [main]org.apache.coyote.http11.Http11NioProtocol.log:173 -Starting ProtocolHandler ["http-nio-9156"]
2022-12-08 16:01:41.685 INFO  [main]o.s.boot.web.embedded.tomcat.TomcatWebServer.start:220 -Tomcat started on port(s): 9156 (http) with context path ''
2022-12-08 16:01:41.691 INFO  [main]com.gaobug.GaobugApplication.logStarted:61 -Started GaobugApplication in 4.482 seconds (JVM running for 4.798)
2022-12-08 16:01:41.832 INFO  [http-nio-9156-exec-1]o.a.catalina.core.ContainerBase.[Tomcat].[localhost].[/].log:173 -Initializing Spring DispatcherServlet 'dispatcherServlet'
2022-12-08 16:01:41.833 INFO  [http-nio-9156-exec-1]org.springframework.web.servlet.DispatcherServlet.initServletBean:525 -Initializing Servlet 'dispatcherServlet'
2022-12-08 16:01:41.833 INFO  [http-nio-9156-exec-1]org.springframework.web.servlet.DispatcherServlet.initServletBean:547 -Completed initialization in 0 ms
2022-12-08 17:52:16.870 INFO  [main]com.gaobug.GaobugApplication.logStarting:55 -Starting GaobugApplication using Java 1.8.0_301 on PC-20220222BTLW with PID 8380 (E:\lr\数据处理内容\Javaproduct\greatSeo\xxxseo\target\classes started by Administrator in E:\lr\数据处理内容\Javaproduct\greatSeo\xxxseo)
2022-12-08 17:52:16.873 INFO  [main]com.gaobug.GaobugApplication.logStartupProfileInfo:641 -The following profiles are active: dev
2022-12-08 17:52:17.240 INFO  [main]o.s.d.repository.config.RepositoryConfigurationDelegate.multipleStoresDetected:262 -Multiple Spring Data modules found, entering strict repository configuration mode!
2022-12-08 17:52:17.242 INFO  [main]o.s.d.repository.config.RepositoryConfigurationDelegate.registerRepositoriesIn:132 -Bootstrapping Spring Data Redis repositories in DEFAULT mode.
2022-12-08 17:52:17.257 INFO  [main]o.s.d.repository.config.RepositoryConfigurationDelegate.registerRepositoriesIn:201 -Finished Spring Data repository scanning in 4 ms. Found 0 Redis repository interfaces.
2022-12-08 17:52:17.407 INFO  [main]com.gaobug.GaobugApplication.logStarting:55 -Starting GaobugApplication using Java 1.8.0_301 on PC-20220222BTLW with PID 9792 (E:\lr\数据处理内容\Javaproduct\greatSeo\xxxseo\target\classes started by Administrator in E:\lr\数据处理内容\Javaproduct\greatSeo\xxxseo)
2022-12-08 17:52:17.410 INFO  [main]com.gaobug.GaobugApplication.logStartupProfileInfo:641 -The following profiles are active: dev
2022-12-08 17:52:17.588 INFO  [main]o.s.boot.web.embedded.tomcat.TomcatWebServer.initialize:108 -Tomcat initialized with port(s): 9156 (http)
2022-12-08 17:52:17.594 INFO  [main]org.apache.coyote.http11.Http11NioProtocol.log:173 -Initializing ProtocolHandler ["http-nio-9156"]
2022-12-08 17:52:17.594 INFO  [main]org.apache.catalina.core.StandardService.log:173 -Starting service [Tomcat]
2022-12-08 17:52:17.594 INFO  [main]org.apache.catalina.core.StandardEngine.log:173 -Starting Servlet engine: [Apache Tomcat/9.0.56]
2022-12-08 17:52:17.646 INFO  [main]o.a.catalina.core.ContainerBase.[Tomcat].[localhost].[/].log:173 -Initializing Spring embedded WebApplicationContext
2022-12-08 17:52:17.647 INFO  [main]o.s.b.w.s.context.ServletWebServerApplicationContext.prepareWebApplicationContext:290 -Root WebApplicationContext: initialization completed in 744 ms
2022-12-08 17:52:17.736 INFO  [main]o.s.d.repository.config.RepositoryConfigurationDelegate.multipleStoresDetected:262 -Multiple Spring Data modules found, entering strict repository configuration mode!
2022-12-08 17:52:17.737 INFO  [main]o.s.d.repository.config.RepositoryConfigurationDelegate.registerRepositoriesIn:132 -Bootstrapping Spring Data Redis repositories in DEFAULT mode.
2022-12-08 17:52:17.749 INFO  [main]o.s.d.repository.config.RepositoryConfigurationDelegate.registerRepositoriesIn:201 -Finished Spring Data repository scanning in 4 ms. Found 0 Redis repository interfaces.
2022-12-08 17:52:18.001 INFO  [main]o.s.boot.web.embedded.tomcat.TomcatWebServer.initialize:108 -Tomcat initialized with port(s): 9156 (http)
2022-12-08 17:52:18.005 INFO  [main]org.apache.coyote.http11.Http11NioProtocol.log:173 -Initializing ProtocolHandler ["http-nio-9156"]
2022-12-08 17:52:18.005 INFO  [main]org.apache.catalina.core.StandardService.log:173 -Starting service [Tomcat]
2022-12-08 17:52:18.006 INFO  [main]org.apache.catalina.core.StandardEngine.log:173 -Starting Servlet engine: [Apache Tomcat/9.0.56]
2022-12-08 17:52:18.044 INFO  [main]o.a.catalina.core.ContainerBase.[Tomcat].[localhost].[/].log:173 -Initializing Spring embedded WebApplicationContext
2022-12-08 17:52:18.045 INFO  [main]o.s.b.w.s.context.ServletWebServerApplicationContext.prepareWebApplicationContext:290 -Root WebApplicationContext: initialization completed in 605 ms
2022-12-08 17:52:20.179 INFO  [main]org.apache.coyote.http11.Http11NioProtocol.log:173 -Starting ProtocolHandler ["http-nio-9156"]
2022-12-08 17:52:20.190 INFO  [main]o.s.boot.web.embedded.tomcat.TomcatWebServer.start:220 -Tomcat started on port(s): 9156 (http) with context path ''
2022-12-08 17:52:20.197 INFO  [main]com.gaobug.GaobugApplication.logStarted:61 -Started GaobugApplication in 3.671 seconds (JVM running for 4.716)
2022-12-08 17:52:20.609 INFO  [main]org.apache.coyote.http11.Http11NioProtocol.log:173 -Starting ProtocolHandler ["http-nio-9156"]
2022-12-08 17:52:20.614 INFO  [main]org.apache.coyote.http11.Http11NioProtocol.log:173 -Pausing ProtocolHandler ["http-nio-9156"]
2022-12-08 17:52:20.615 INFO  [main]org.apache.catalina.core.StandardService.log:173 -Stopping service [Tomcat]
2022-12-08 17:52:20.619 INFO  [main]org.apache.coyote.http11.Http11NioProtocol.log:173 -Stopping ProtocolHandler ["http-nio-9156"]
2022-12-08 17:52:20.620 INFO  [main]org.apache.coyote.http11.Http11NioProtocol.log:173 -Destroying ProtocolHandler ["http-nio-9156"]
2022-12-08 17:52:20.624 INFO  [main]o.s.b.a.logging.ConditionEvaluationReportLoggingListener.logMessage:136 -

Error starting ApplicationContext. To display the conditions report re-run your application with 'debug' enabled.
2022-12-08 17:52:33.250 INFO  [main]com.gaobug.GaobugApplication.logStarting:55 -Starting GaobugApplication using Java 1.8.0_301 on PC-20220222BTLW with PID 14184 (E:\lr\数据处理内容\Javaproduct\greatSeo\xxxseo\target\classes started by Administrator in E:\lr\数据处理内容\Javaproduct\greatSeo\xxxseo)
2022-12-08 17:52:33.252 INFO  [main]com.gaobug.GaobugApplication.logStartupProfileInfo:641 -The following profiles are active: dev
2022-12-08 17:52:33.576 INFO  [main]o.s.d.repository.config.RepositoryConfigurationDelegate.multipleStoresDetected:262 -Multiple Spring Data modules found, entering strict repository configuration mode!
2022-12-08 17:52:33.577 INFO  [main]o.s.d.repository.config.RepositoryConfigurationDelegate.registerRepositoriesIn:132 -Bootstrapping Spring Data Redis repositories in DEFAULT mode.
2022-12-08 17:52:33.589 INFO  [main]o.s.d.repository.config.RepositoryConfigurationDelegate.registerRepositoriesIn:201 -Finished Spring Data repository scanning in 4 ms. Found 0 Redis repository interfaces.
2022-12-08 17:52:33.824 INFO  [main]o.s.boot.web.embedded.tomcat.TomcatWebServer.initialize:108 -Tomcat initialized with port(s): 9156 (http)
2022-12-08 17:52:33.828 INFO  [main]org.apache.coyote.http11.Http11NioProtocol.log:173 -Initializing ProtocolHandler ["http-nio-9156"]
2022-12-08 17:52:33.829 INFO  [main]org.apache.catalina.core.StandardService.log:173 -Starting service [Tomcat]
2022-12-08 17:52:33.829 INFO  [main]org.apache.catalina.core.StandardEngine.log:173 -Starting Servlet engine: [Apache Tomcat/9.0.56]
2022-12-08 17:52:33.869 INFO  [main]o.a.catalina.core.ContainerBase.[Tomcat].[localhost].[/].log:173 -Initializing Spring embedded WebApplicationContext
2022-12-08 17:52:33.869 INFO  [main]o.s.b.w.s.context.ServletWebServerApplicationContext.prepareWebApplicationContext:290 -Root WebApplicationContext: initialization completed in 588 ms
2022-12-08 17:52:36.315 INFO  [main]org.apache.coyote.http11.Http11NioProtocol.log:173 -Starting ProtocolHandler ["http-nio-9156"]
2022-12-08 17:52:36.322 INFO  [main]o.s.boot.web.embedded.tomcat.TomcatWebServer.start:220 -Tomcat started on port(s): 9156 (http) with context path ''
2022-12-08 17:52:36.328 INFO  [main]com.gaobug.GaobugApplication.logStarted:61 -Started GaobugApplication in 3.398 seconds (JVM running for 3.75)
2022-12-08 17:52:51.030 INFO  [main]com.gaobug.GaobugApplication.logStarting:55 -Starting GaobugApplication using Java 1.8.0_301 on PC-20220222BTLW with PID 12060 (E:\lr\数据处理内容\Javaproduct\greatSeo\xxxseo\target\classes started by Administrator in E:\lr\数据处理内容\Javaproduct\greatSeo\xxxseo)
2022-12-08 17:52:51.032 INFO  [main]com.gaobug.GaobugApplication.logStartupProfileInfo:641 -The following profiles are active: dev
2022-12-08 17:52:51.343 INFO  [main]o.s.d.repository.config.RepositoryConfigurationDelegate.multipleStoresDetected:262 -Multiple Spring Data modules found, entering strict repository configuration mode!
2022-12-08 17:52:51.344 INFO  [main]o.s.d.repository.config.RepositoryConfigurationDelegate.registerRepositoriesIn:132 -Bootstrapping Spring Data Redis repositories in DEFAULT mode.
2022-12-08 17:52:51.356 INFO  [main]o.s.d.repository.config.RepositoryConfigurationDelegate.registerRepositoriesIn:201 -Finished Spring Data repository scanning in 4 ms. Found 0 Redis repository interfaces.
2022-12-08 17:52:51.575 INFO  [main]o.s.boot.web.embedded.tomcat.TomcatWebServer.initialize:108 -Tomcat initialized with port(s): 9156 (http)
2022-12-08 17:52:51.580 INFO  [main]org.apache.coyote.http11.Http11NioProtocol.log:173 -Initializing ProtocolHandler ["http-nio-9156"]
2022-12-08 17:52:51.581 INFO  [main]org.apache.catalina.core.StandardService.log:173 -Starting service [Tomcat]
2022-12-08 17:52:51.581 INFO  [main]org.apache.catalina.core.StandardEngine.log:173 -Starting Servlet engine: [Apache Tomcat/9.0.56]
2022-12-08 17:52:51.624 INFO  [main]o.a.catalina.core.ContainerBase.[Tomcat].[localhost].[/].log:173 -Initializing Spring embedded WebApplicationContext
2022-12-08 17:52:51.624 INFO  [main]o.s.b.w.s.context.ServletWebServerApplicationContext.prepareWebApplicationContext:290 -Root WebApplicationContext: initialization completed in 570 ms
2022-12-08 17:52:55.294 INFO  [main]org.apache.coyote.http11.Http11NioProtocol.log:173 -Starting ProtocolHandler ["http-nio-9156"]
2022-12-08 17:52:55.303 INFO  [main]o.s.boot.web.embedded.tomcat.TomcatWebServer.start:220 -Tomcat started on port(s): 9156 (http) with context path ''
2022-12-08 17:52:55.308 INFO  [main]com.gaobug.GaobugApplication.logStarted:61 -Started GaobugApplication in 4.562 seconds (JVM running for 4.887)
2022-12-08 17:52:55.525 INFO  [http-nio-9156-exec-1]o.a.catalina.core.ContainerBase.[Tomcat].[localhost].[/].log:173 -Initializing Spring DispatcherServlet 'dispatcherServlet'
2022-12-08 17:52:55.525 INFO  [http-nio-9156-exec-1]org.springframework.web.servlet.DispatcherServlet.initServletBean:525 -Initializing Servlet 'dispatcherServlet'
2022-12-08 17:52:55.526 INFO  [http-nio-9156-exec-1]org.springframework.web.servlet.DispatcherServlet.initServletBean:547 -Completed initialization in 1 ms
