2023-02-03 09:57:30.535 INFO  [main]com.gaobug.GaobugApplication.logStarting:55 -Starting GaobugApplication using Java 1.8.0_301 on PC-20220222BTLW with PID 8664 (E:\lr\数据处理内容\Javaproduct\greatSeo\xxxseo1second\target\classes started by Administrator in E:\lr\数据处理内容\Javaproduct\greatSeo\xxxseo1second)
2023-02-03 09:57:30.537 INFO  [main]com.gaobug.GaobugApplication.logStartupProfileInfo:641 -The following profiles are active: dev
2023-02-03 09:57:30.862 INFO  [main]o.s.d.repository.config.RepositoryConfigurationDelegate.multipleStoresDetected:262 -Multiple Spring Data modules found, entering strict repository configuration mode!
2023-02-03 09:57:30.864 INFO  [main]o.s.d.repository.config.RepositoryConfigurationDelegate.registerRepositoriesIn:132 -Bootstrapping Spring Data Redis repositories in DEFAULT mode.
2023-02-03 09:57:30.875 INFO  [main]o.s.d.repository.config.RepositoryConfigurationDelegate.registerRepositoriesIn:201 -Finished Spring Data repository scanning in 4 ms. Found 0 Redis repository interfaces.
2023-02-03 09:57:31.134 INFO  [main]o.s.boot.web.embedded.tomcat.TomcatWebServer.initialize:108 -Tomcat initialized with port(s): 9156 (http)
2023-02-03 09:57:31.139 INFO  [main]org.apache.coyote.http11.Http11NioProtocol.log:173 -Initializing ProtocolHandler ["http-nio-9156"]
2023-02-03 09:57:31.139 INFO  [main]org.apache.catalina.core.StandardService.log:173 -Starting service [Tomcat]
2023-02-03 09:57:31.139 INFO  [main]org.apache.catalina.core.StandardEngine.log:173 -Starting Servlet engine: [Apache Tomcat/9.0.56]
2023-02-03 09:57:31.194 INFO  [main]o.a.catalina.core.ContainerBase.[Tomcat].[localhost].[/].log:173 -Initializing Spring embedded WebApplicationContext
2023-02-03 09:57:31.194 INFO  [main]o.s.b.w.s.context.ServletWebServerApplicationContext.prepareWebApplicationContext:290 -Root WebApplicationContext: initialization completed in 631 ms
2023-02-03 09:57:31.590 INFO  [main]org.apache.coyote.http11.Http11NioProtocol.log:173 -Starting ProtocolHandler ["http-nio-9156"]
2023-02-03 09:57:31.598 INFO  [main]org.apache.coyote.http11.Http11NioProtocol.log:173 -Pausing ProtocolHandler ["http-nio-9156"]
2023-02-03 09:57:31.598 INFO  [main]org.apache.catalina.core.StandardService.log:173 -Stopping service [Tomcat]
2023-02-03 09:57:31.602 INFO  [main]org.apache.coyote.http11.Http11NioProtocol.log:173 -Stopping ProtocolHandler ["http-nio-9156"]
2023-02-03 09:57:31.603 INFO  [main]org.apache.coyote.http11.Http11NioProtocol.log:173 -Destroying ProtocolHandler ["http-nio-9156"]
2023-02-03 09:57:31.606 INFO  [main]o.s.b.a.logging.ConditionEvaluationReportLoggingListener.logMessage:136 -

Error starting ApplicationContext. To display the conditions report re-run your application with 'debug' enabled.
2023-02-03 09:57:37.462 INFO  [main]com.gaobug.GaobugApplication.logStarting:55 -Starting GaobugApplication using Java 1.8.0_301 on PC-20220222BTLW with PID 29048 (E:\lr\数据处理内容\Javaproduct\greatSeo\xxxseo1second\target\classes started by Administrator in E:\lr\数据处理内容\Javaproduct\greatSeo\xxxseo1second)
2023-02-03 09:57:37.465 INFO  [main]com.gaobug.GaobugApplication.logStartupProfileInfo:641 -The following profiles are active: dev
2023-02-03 09:57:37.995 INFO  [main]o.s.d.repository.config.RepositoryConfigurationDelegate.multipleStoresDetected:262 -Multiple Spring Data modules found, entering strict repository configuration mode!
2023-02-03 09:57:37.996 INFO  [main]o.s.d.repository.config.RepositoryConfigurationDelegate.registerRepositoriesIn:132 -Bootstrapping Spring Data Redis repositories in DEFAULT mode.
2023-02-03 09:57:38.013 INFO  [main]o.s.d.repository.config.RepositoryConfigurationDelegate.registerRepositoriesIn:201 -Finished Spring Data repository scanning in 6 ms. Found 0 Redis repository interfaces.
2023-02-03 09:57:38.377 INFO  [main]o.s.boot.web.embedded.tomcat.TomcatWebServer.initialize:108 -Tomcat initialized with port(s): 9156 (http)
2023-02-03 09:57:38.386 INFO  [main]org.apache.coyote.http11.Http11NioProtocol.log:173 -Initializing ProtocolHandler ["http-nio-9156"]
2023-02-03 09:57:38.387 INFO  [main]org.apache.catalina.core.StandardService.log:173 -Starting service [Tomcat]
2023-02-03 09:57:38.388 INFO  [main]org.apache.catalina.core.StandardEngine.log:173 -Starting Servlet engine: [Apache Tomcat/9.0.56]
2023-02-03 09:57:38.442 INFO  [main]o.a.catalina.core.ContainerBase.[Tomcat].[localhost].[/].log:173 -Initializing Spring embedded WebApplicationContext
2023-02-03 09:57:38.442 INFO  [main]o.s.b.w.s.context.ServletWebServerApplicationContext.prepareWebApplicationContext:290 -Root WebApplicationContext: initialization completed in 933 ms
2023-02-03 09:57:38.855 INFO  [main]org.apache.coyote.http11.Http11NioProtocol.log:173 -Starting ProtocolHandler ["http-nio-9156"]
2023-02-03 09:57:38.865 INFO  [main]o.s.boot.web.embedded.tomcat.TomcatWebServer.start:220 -Tomcat started on port(s): 9156 (http) with context path ''
2023-02-03 09:57:38.871 INFO  [main]com.gaobug.GaobugApplication.logStarted:61 -Started GaobugApplication in 1.951 seconds (JVM running for 2.448)
2023-02-03 09:57:47.395 INFO  [http-nio-9156-exec-1]o.a.catalina.core.ContainerBase.[Tomcat].[localhost].[/].log:173 -Initializing Spring DispatcherServlet 'dispatcherServlet'
2023-02-03 09:57:47.395 INFO  [http-nio-9156-exec-1]org.springframework.web.servlet.DispatcherServlet.initServletBean:525 -Initializing Servlet 'dispatcherServlet'
2023-02-03 09:57:47.395 INFO  [http-nio-9156-exec-1]org.springframework.web.servlet.DispatcherServlet.initServletBean:547 -Completed initialization in 0 ms
2023-02-03 10:03:58.346 INFO  [main]com.gaobug.GaobugApplication.logStarting:55 -Starting GaobugApplication using Java 1.8.0_301 on PC-20220222BTLW with PID 17684 (E:\lr\数据处理内容\Javaproduct\greatSeo\xxxseo1second\target\classes started by Administrator in E:\lr\数据处理内容\Javaproduct\greatSeo\xxxseo1second)
2023-02-03 10:03:58.349 INFO  [main]com.gaobug.GaobugApplication.logStartupProfileInfo:641 -The following profiles are active: dev
2023-02-03 10:03:58.712 INFO  [main]o.s.d.repository.config.RepositoryConfigurationDelegate.multipleStoresDetected:262 -Multiple Spring Data modules found, entering strict repository configuration mode!
2023-02-03 10:03:58.714 INFO  [main]o.s.d.repository.config.RepositoryConfigurationDelegate.registerRepositoriesIn:132 -Bootstrapping Spring Data Redis repositories in DEFAULT mode.
2023-02-03 10:03:58.727 INFO  [main]o.s.d.repository.config.RepositoryConfigurationDelegate.registerRepositoriesIn:201 -Finished Spring Data repository scanning in 5 ms. Found 0 Redis repository interfaces.
2023-02-03 10:03:59.011 INFO  [main]o.s.boot.web.embedded.tomcat.TomcatWebServer.initialize:108 -Tomcat initialized with port(s): 9156 (http)
2023-02-03 10:03:59.016 INFO  [main]org.apache.coyote.http11.Http11NioProtocol.log:173 -Initializing ProtocolHandler ["http-nio-9156"]
2023-02-03 10:03:59.017 INFO  [main]org.apache.catalina.core.StandardService.log:173 -Starting service [Tomcat]
2023-02-03 10:03:59.017 INFO  [main]org.apache.catalina.core.StandardEngine.log:173 -Starting Servlet engine: [Apache Tomcat/9.0.56]
2023-02-03 10:03:59.073 INFO  [main]o.a.catalina.core.ContainerBase.[Tomcat].[localhost].[/].log:173 -Initializing Spring embedded WebApplicationContext
2023-02-03 10:03:59.073 INFO  [main]o.s.b.w.s.context.ServletWebServerApplicationContext.prepareWebApplicationContext:290 -Root WebApplicationContext: initialization completed in 696 ms
2023-02-03 10:03:59.489 INFO  [main]org.apache.coyote.http11.Http11NioProtocol.log:173 -Starting ProtocolHandler ["http-nio-9156"]
2023-02-03 10:03:59.500 INFO  [main]o.s.boot.web.embedded.tomcat.TomcatWebServer.start:220 -Tomcat started on port(s): 9156 (http) with context path ''
2023-02-03 10:03:59.509 INFO  [main]com.gaobug.GaobugApplication.logStarted:61 -Started GaobugApplication in 1.517 seconds (JVM running for 1.959)
2023-02-03 10:03:59.579 INFO  [main]com.gaobug.GaobugApplication.logStarting:55 -Starting GaobugApplication using Java 1.8.0_301 on PC-20220222BTLW with PID 32476 (E:\lr\数据处理内容\Javaproduct\greatSeo\xxxseo1second\target\classes started by Administrator in E:\lr\数据处理内容\Javaproduct\greatSeo\xxxseo1second)
2023-02-03 10:03:59.581 INFO  [main]com.gaobug.GaobugApplication.logStartupProfileInfo:641 -The following profiles are active: dev
2023-02-03 10:03:59.887 INFO  [main]o.s.d.repository.config.RepositoryConfigurationDelegate.multipleStoresDetected:262 -Multiple Spring Data modules found, entering strict repository configuration mode!
2023-02-03 10:03:59.889 INFO  [main]o.s.d.repository.config.RepositoryConfigurationDelegate.registerRepositoriesIn:132 -Bootstrapping Spring Data Redis repositories in DEFAULT mode.
2023-02-03 10:03:59.900 INFO  [main]o.s.d.repository.config.RepositoryConfigurationDelegate.registerRepositoriesIn:201 -Finished Spring Data repository scanning in 4 ms. Found 0 Redis repository interfaces.
2023-02-03 10:04:00.125 INFO  [main]o.s.boot.web.embedded.tomcat.TomcatWebServer.initialize:108 -Tomcat initialized with port(s): 9156 (http)
2023-02-03 10:04:00.129 INFO  [main]org.apache.coyote.http11.Http11NioProtocol.log:173 -Initializing ProtocolHandler ["http-nio-9156"]
2023-02-03 10:04:00.130 INFO  [main]org.apache.catalina.core.StandardService.log:173 -Starting service [Tomcat]
2023-02-03 10:04:00.130 INFO  [main]org.apache.catalina.core.StandardEngine.log:173 -Starting Servlet engine: [Apache Tomcat/9.0.56]
2023-02-03 10:04:00.169 INFO  [main]o.a.catalina.core.ContainerBase.[Tomcat].[localhost].[/].log:173 -Initializing Spring embedded WebApplicationContext
2023-02-03 10:04:00.169 INFO  [main]o.s.b.w.s.context.ServletWebServerApplicationContext.prepareWebApplicationContext:290 -Root WebApplicationContext: initialization completed in 565 ms
2023-02-03 10:04:00.647 INFO  [main]org.apache.coyote.http11.Http11NioProtocol.log:173 -Starting ProtocolHandler ["http-nio-9156"]
2023-02-03 10:04:00.653 INFO  [main]org.apache.coyote.http11.Http11NioProtocol.log:173 -Pausing ProtocolHandler ["http-nio-9156"]
2023-02-03 10:04:00.653 INFO  [main]org.apache.catalina.core.StandardService.log:173 -Stopping service [Tomcat]
2023-02-03 10:04:00.658 INFO  [main]org.apache.coyote.http11.Http11NioProtocol.log:173 -Stopping ProtocolHandler ["http-nio-9156"]
2023-02-03 10:04:00.659 INFO  [main]org.apache.coyote.http11.Http11NioProtocol.log:173 -Destroying ProtocolHandler ["http-nio-9156"]
2023-02-03 10:04:00.664 INFO  [main]o.s.b.a.logging.ConditionEvaluationReportLoggingListener.logMessage:136 -

Error starting ApplicationContext. To display the conditions report re-run your application with 'debug' enabled.
2023-02-03 10:04:09.921 INFO  [main]com.gaobug.GaobugApplication.logStarting:55 -Starting GaobugApplication using Java 1.8.0_301 on PC-20220222BTLW with PID 28952 (E:\lr\数据处理内容\Javaproduct\greatSeo\xxxseo1second\target\classes started by Administrator in E:\lr\数据处理内容\Javaproduct\greatSeo\xxxseo1second)
2023-02-03 10:04:09.922 INFO  [main]com.gaobug.GaobugApplication.logStartupProfileInfo:641 -The following profiles are active: dev
2023-02-03 10:04:10.225 INFO  [main]o.s.d.repository.config.RepositoryConfigurationDelegate.multipleStoresDetected:262 -Multiple Spring Data modules found, entering strict repository configuration mode!
2023-02-03 10:04:10.226 INFO  [main]o.s.d.repository.config.RepositoryConfigurationDelegate.registerRepositoriesIn:132 -Bootstrapping Spring Data Redis repositories in DEFAULT mode.
2023-02-03 10:04:10.239 INFO  [main]o.s.d.repository.config.RepositoryConfigurationDelegate.registerRepositoriesIn:201 -Finished Spring Data repository scanning in 5 ms. Found 0 Redis repository interfaces.
2023-02-03 10:04:10.453 INFO  [main]o.s.boot.web.embedded.tomcat.TomcatWebServer.initialize:108 -Tomcat initialized with port(s): 9156 (http)
2023-02-03 10:04:10.458 INFO  [main]org.apache.coyote.http11.Http11NioProtocol.log:173 -Initializing ProtocolHandler ["http-nio-9156"]
2023-02-03 10:04:10.459 INFO  [main]org.apache.catalina.core.StandardService.log:173 -Starting service [Tomcat]
2023-02-03 10:04:10.459 INFO  [main]org.apache.catalina.core.StandardEngine.log:173 -Starting Servlet engine: [Apache Tomcat/9.0.56]
2023-02-03 10:04:10.501 INFO  [main]o.a.catalina.core.ContainerBase.[Tomcat].[localhost].[/].log:173 -Initializing Spring embedded WebApplicationContext
2023-02-03 10:04:10.502 INFO  [main]o.s.b.w.s.context.ServletWebServerApplicationContext.prepareWebApplicationContext:290 -Root WebApplicationContext: initialization completed in 559 ms
2023-02-03 10:04:10.841 INFO  [main]org.apache.coyote.http11.Http11NioProtocol.log:173 -Starting ProtocolHandler ["http-nio-9156"]
2023-02-03 10:04:10.849 INFO  [main]o.s.boot.web.embedded.tomcat.TomcatWebServer.start:220 -Tomcat started on port(s): 9156 (http) with context path ''
2023-02-03 10:04:10.855 INFO  [main]com.gaobug.GaobugApplication.logStarted:61 -Started GaobugApplication in 1.19 seconds (JVM running for 1.505)
2023-02-03 10:04:13.959 INFO  [http-nio-9156-exec-1]o.a.catalina.core.ContainerBase.[Tomcat].[localhost].[/].log:173 -Initializing Spring DispatcherServlet 'dispatcherServlet'
2023-02-03 10:04:13.959 INFO  [http-nio-9156-exec-1]org.springframework.web.servlet.DispatcherServlet.initServletBean:525 -Initializing Servlet 'dispatcherServlet'
2023-02-03 10:04:13.960 INFO  [http-nio-9156-exec-1]org.springframework.web.servlet.DispatcherServlet.initServletBean:547 -Completed initialization in 1 ms
2023-02-03 14:41:28.491 INFO  [main]com.gaobug.GaobugApplication.logStarting:55 -Starting GaobugApplication using Java 1.8.0_301 on PC-20220222BTLW with PID 8664 (E:\lr\数据处理内容\Javaproduct\greatSeo\xxxseo1second\target\classes started by Administrator in E:\lr\数据处理内容\Javaproduct\greatSeo\xxxseo1second)
2023-02-03 14:41:28.493 INFO  [main]com.gaobug.GaobugApplication.logStartupProfileInfo:641 -The following profiles are active: dev
2023-02-03 14:41:28.788 INFO  [main]o.s.d.repository.config.RepositoryConfigurationDelegate.multipleStoresDetected:262 -Multiple Spring Data modules found, entering strict repository configuration mode!
2023-02-03 14:41:28.789 INFO  [main]o.s.d.repository.config.RepositoryConfigurationDelegate.registerRepositoriesIn:132 -Bootstrapping Spring Data Redis repositories in DEFAULT mode.
2023-02-03 14:41:28.800 INFO  [main]o.s.d.repository.config.RepositoryConfigurationDelegate.registerRepositoriesIn:201 -Finished Spring Data repository scanning in 4 ms. Found 0 Redis repository interfaces.
2023-02-03 14:41:29.009 INFO  [main]o.s.boot.web.embedded.tomcat.TomcatWebServer.initialize:108 -Tomcat initialized with port(s): 9156 (http)
2023-02-03 14:41:29.015 INFO  [main]org.apache.coyote.http11.Http11NioProtocol.log:173 -Initializing ProtocolHandler ["http-nio-9156"]
2023-02-03 14:41:29.016 INFO  [main]org.apache.catalina.core.StandardService.log:173 -Starting service [Tomcat]
2023-02-03 14:41:29.017 INFO  [main]org.apache.catalina.core.StandardEngine.log:173 -Starting Servlet engine: [Apache Tomcat/9.0.56]
2023-02-03 14:41:29.071 INFO  [main]o.a.catalina.core.ContainerBase.[Tomcat].[localhost].[/].log:173 -Initializing Spring embedded WebApplicationContext
2023-02-03 14:41:29.072 INFO  [main]o.s.b.w.s.context.ServletWebServerApplicationContext.prepareWebApplicationContext:290 -Root WebApplicationContext: initialization completed in 555 ms
2023-02-03 14:41:29.423 INFO  [main]org.apache.coyote.http11.Http11NioProtocol.log:173 -Starting ProtocolHandler ["http-nio-9156"]
2023-02-03 14:41:29.431 INFO  [main]o.s.boot.web.embedded.tomcat.TomcatWebServer.start:220 -Tomcat started on port(s): 9156 (http) with context path ''
2023-02-03 14:41:29.437 INFO  [main]com.gaobug.GaobugApplication.logStarted:61 -Started GaobugApplication in 1.205 seconds (JVM running for 1.532)
2023-02-03 14:41:32.291 INFO  [http-nio-9156-exec-1]o.a.catalina.core.ContainerBase.[Tomcat].[localhost].[/].log:173 -Initializing Spring DispatcherServlet 'dispatcherServlet'
2023-02-03 14:41:32.291 INFO  [http-nio-9156-exec-1]org.springframework.web.servlet.DispatcherServlet.initServletBean:525 -Initializing Servlet 'dispatcherServlet'
2023-02-03 14:41:32.292 INFO  [http-nio-9156-exec-1]org.springframework.web.servlet.DispatcherServlet.initServletBean:547 -Completed initialization in 1 ms
2023-02-03 14:44:46.531 INFO  [main]com.gaobug.GaobugApplication.logStarting:55 -Starting GaobugApplication using Java 1.8.0_301 on PC-20220222BTLW with PID 6364 (E:\lr\数据处理内容\Javaproduct\greatSeo\xxxseo1second\target\classes started by Administrator in E:\lr\数据处理内容\Javaproduct\greatSeo\xxxseo1second)
2023-02-03 14:44:46.533 INFO  [main]com.gaobug.GaobugApplication.logStartupProfileInfo:641 -The following profiles are active: dev
2023-02-03 14:44:46.862 INFO  [main]o.s.d.repository.config.RepositoryConfigurationDelegate.multipleStoresDetected:262 -Multiple Spring Data modules found, entering strict repository configuration mode!
2023-02-03 14:44:46.863 INFO  [main]o.s.d.repository.config.RepositoryConfigurationDelegate.registerRepositoriesIn:132 -Bootstrapping Spring Data Redis repositories in DEFAULT mode.
2023-02-03 14:44:46.875 INFO  [main]o.s.d.repository.config.RepositoryConfigurationDelegate.registerRepositoriesIn:201 -Finished Spring Data repository scanning in 4 ms. Found 0 Redis repository interfaces.
2023-02-03 14:44:47.100 INFO  [main]o.s.boot.web.embedded.tomcat.TomcatWebServer.initialize:108 -Tomcat initialized with port(s): 9156 (http)
2023-02-03 14:44:47.104 INFO  [main]org.apache.coyote.http11.Http11NioProtocol.log:173 -Initializing ProtocolHandler ["http-nio-9156"]
2023-02-03 14:44:47.105 INFO  [main]org.apache.catalina.core.StandardService.log:173 -Starting service [Tomcat]
2023-02-03 14:44:47.105 INFO  [main]org.apache.catalina.core.StandardEngine.log:173 -Starting Servlet engine: [Apache Tomcat/9.0.56]
2023-02-03 14:44:47.149 INFO  [main]o.a.catalina.core.ContainerBase.[Tomcat].[localhost].[/].log:173 -Initializing Spring embedded WebApplicationContext
2023-02-03 14:44:47.149 INFO  [main]o.s.b.w.s.context.ServletWebServerApplicationContext.prepareWebApplicationContext:290 -Root WebApplicationContext: initialization completed in 589 ms
2023-02-03 14:44:47.480 INFO  [main]org.apache.coyote.http11.Http11NioProtocol.log:173 -Starting ProtocolHandler ["http-nio-9156"]
2023-02-03 14:44:47.488 INFO  [main]o.s.boot.web.embedded.tomcat.TomcatWebServer.start:220 -Tomcat started on port(s): 9156 (http) with context path ''
2023-02-03 14:44:47.493 INFO  [main]com.gaobug.GaobugApplication.logStarted:61 -Started GaobugApplication in 1.228 seconds (JVM running for 1.551)
2023-02-03 14:44:51.753 INFO  [http-nio-9156-exec-1]o.a.catalina.core.ContainerBase.[Tomcat].[localhost].[/].log:173 -Initializing Spring DispatcherServlet 'dispatcherServlet'
2023-02-03 14:44:51.753 INFO  [http-nio-9156-exec-1]org.springframework.web.servlet.DispatcherServlet.initServletBean:525 -Initializing Servlet 'dispatcherServlet'
2023-02-03 14:44:51.754 INFO  [http-nio-9156-exec-1]org.springframework.web.servlet.DispatcherServlet.initServletBean:547 -Completed initialization in 0 ms
2023-02-03 14:45:21.125 INFO  [main]com.gaobug.GaobugApplication.logStarting:55 -Starting GaobugApplication using Java 1.8.0_301 on PC-20220222BTLW with PID 19592 (E:\lr\数据处理内容\Javaproduct\greatSeo\xxxseo1second\target\classes started by Administrator in E:\lr\数据处理内容\Javaproduct\greatSeo\xxxseo1second)
2023-02-03 14:45:21.127 INFO  [main]com.gaobug.GaobugApplication.logStartupProfileInfo:641 -The following profiles are active: dev
2023-02-03 14:45:21.489 INFO  [main]o.s.d.repository.config.RepositoryConfigurationDelegate.multipleStoresDetected:262 -Multiple Spring Data modules found, entering strict repository configuration mode!
2023-02-03 14:45:21.490 INFO  [main]o.s.d.repository.config.RepositoryConfigurationDelegate.registerRepositoriesIn:132 -Bootstrapping Spring Data Redis repositories in DEFAULT mode.
2023-02-03 14:45:21.502 INFO  [main]o.s.d.repository.config.RepositoryConfigurationDelegate.registerRepositoriesIn:201 -Finished Spring Data repository scanning in 4 ms. Found 0 Redis repository interfaces.
2023-02-03 14:45:21.715 INFO  [main]o.s.boot.web.embedded.tomcat.TomcatWebServer.initialize:108 -Tomcat initialized with port(s): 9156 (http)
2023-02-03 14:45:21.720 INFO  [main]org.apache.coyote.http11.Http11NioProtocol.log:173 -Initializing ProtocolHandler ["http-nio-9156"]
2023-02-03 14:45:21.720 INFO  [main]org.apache.catalina.core.StandardService.log:173 -Starting service [Tomcat]
2023-02-03 14:45:21.720 INFO  [main]org.apache.catalina.core.StandardEngine.log:173 -Starting Servlet engine: [Apache Tomcat/9.0.56]
2023-02-03 14:45:21.762 INFO  [main]o.a.catalina.core.ContainerBase.[Tomcat].[localhost].[/].log:173 -Initializing Spring embedded WebApplicationContext
2023-02-03 14:45:21.762 INFO  [main]o.s.b.w.s.context.ServletWebServerApplicationContext.prepareWebApplicationContext:290 -Root WebApplicationContext: initialization completed in 600 ms
2023-02-03 14:45:22.134 INFO  [main]org.apache.coyote.http11.Http11NioProtocol.log:173 -Starting ProtocolHandler ["http-nio-9156"]
2023-02-03 14:45:22.143 INFO  [main]o.s.boot.web.embedded.tomcat.TomcatWebServer.start:220 -Tomcat started on port(s): 9156 (http) with context path ''
2023-02-03 14:45:22.149 INFO  [main]com.gaobug.GaobugApplication.logStarted:61 -Started GaobugApplication in 1.293 seconds (JVM running for 1.603)
2023-02-03 14:45:26.893 INFO  [http-nio-9156-exec-1]o.a.catalina.core.ContainerBase.[Tomcat].[localhost].[/].log:173 -Initializing Spring DispatcherServlet 'dispatcherServlet'
2023-02-03 14:45:26.894 INFO  [http-nio-9156-exec-1]org.springframework.web.servlet.DispatcherServlet.initServletBean:525 -Initializing Servlet 'dispatcherServlet'
2023-02-03 14:45:26.894 INFO  [http-nio-9156-exec-1]org.springframework.web.servlet.DispatcherServlet.initServletBean:547 -Completed initialization in 0 ms
2023-02-03 19:47:44.249 INFO  [main]com.gaobug.GaobugApplication.logStarting:55 -Starting GaobugApplication using Java 1.8.0_301 on PC-20220222BTLW with PID 7108 (E:\lr\数据处理内容\Javaproduct\greatSeo\xxxseo1second\target\classes started by Administrator in E:\lr\数据处理内容\Javaproduct\greatSeo\xxxseo1second)
2023-02-03 19:47:44.251 INFO  [main]com.gaobug.GaobugApplication.logStartupProfileInfo:641 -The following profiles are active: dev
2023-02-03 19:47:44.585 INFO  [main]o.s.d.repository.config.RepositoryConfigurationDelegate.multipleStoresDetected:262 -Multiple Spring Data modules found, entering strict repository configuration mode!
2023-02-03 19:47:44.587 INFO  [main]o.s.d.repository.config.RepositoryConfigurationDelegate.registerRepositoriesIn:132 -Bootstrapping Spring Data Redis repositories in DEFAULT mode.
2023-02-03 19:47:44.599 INFO  [main]o.s.d.repository.config.RepositoryConfigurationDelegate.registerRepositoriesIn:201 -Finished Spring Data repository scanning in 4 ms. Found 0 Redis repository interfaces.
2023-02-03 19:47:44.833 INFO  [main]o.s.boot.web.embedded.tomcat.TomcatWebServer.initialize:108 -Tomcat initialized with port(s): 9156 (http)
2023-02-03 19:47:44.838 INFO  [main]org.apache.coyote.http11.Http11NioProtocol.log:173 -Initializing ProtocolHandler ["http-nio-9156"]
2023-02-03 19:47:44.839 INFO  [main]org.apache.catalina.core.StandardService.log:173 -Starting service [Tomcat]
2023-02-03 19:47:44.839 INFO  [main]org.apache.catalina.core.StandardEngine.log:173 -Starting Servlet engine: [Apache Tomcat/9.0.56]
2023-02-03 19:47:44.883 INFO  [main]o.a.catalina.core.ContainerBase.[Tomcat].[localhost].[/].log:173 -Initializing Spring embedded WebApplicationContext
2023-02-03 19:47:44.883 INFO  [main]o.s.b.w.s.context.ServletWebServerApplicationContext.prepareWebApplicationContext:290 -Root WebApplicationContext: initialization completed in 607 ms
2023-02-03 19:47:45.247 INFO  [main]org.apache.coyote.http11.Http11NioProtocol.log:173 -Starting ProtocolHandler ["http-nio-9156"]
2023-02-03 19:47:45.254 INFO  [main]o.s.boot.web.embedded.tomcat.TomcatWebServer.start:220 -Tomcat started on port(s): 9156 (http) with context path ''
2023-02-03 19:47:45.261 INFO  [main]com.gaobug.GaobugApplication.logStarted:61 -Started GaobugApplication in 1.291 seconds (JVM running for 1.63)
2023-02-03 19:49:35.081 INFO  [http-nio-9156-exec-1]o.a.catalina.core.ContainerBase.[Tomcat].[localhost].[/].log:173 -Initializing Spring DispatcherServlet 'dispatcherServlet'
2023-02-03 19:49:35.081 INFO  [http-nio-9156-exec-1]org.springframework.web.servlet.DispatcherServlet.initServletBean:525 -Initializing Servlet 'dispatcherServlet'
2023-02-03 19:49:35.082 INFO  [http-nio-9156-exec-1]org.springframework.web.servlet.DispatcherServlet.initServletBean:547 -Completed initialization in 1 ms
2023-02-03 19:52:41.123 INFO  [main]com.gaobug.GaobugApplication.logStarting:55 -Starting GaobugApplication using Java 1.8.0_301 on PC-20220222BTLW with PID 25544 (E:\lr\数据处理内容\Javaproduct\greatSeo\xxxseo1second\target\classes started by Administrator in E:\lr\数据处理内容\Javaproduct\greatSeo\xxxseo1second)
2023-02-03 19:52:41.124 INFO  [main]com.gaobug.GaobugApplication.logStartupProfileInfo:641 -The following profiles are active: dev
2023-02-03 19:52:41.447 INFO  [main]o.s.d.repository.config.RepositoryConfigurationDelegate.multipleStoresDetected:262 -Multiple Spring Data modules found, entering strict repository configuration mode!
2023-02-03 19:52:41.448 INFO  [main]o.s.d.repository.config.RepositoryConfigurationDelegate.registerRepositoriesIn:132 -Bootstrapping Spring Data Redis repositories in DEFAULT mode.
2023-02-03 19:52:41.460 INFO  [main]o.s.d.repository.config.RepositoryConfigurationDelegate.registerRepositoriesIn:201 -Finished Spring Data repository scanning in 4 ms. Found 0 Redis repository interfaces.
2023-02-03 19:52:41.696 INFO  [main]o.s.boot.web.embedded.tomcat.TomcatWebServer.initialize:108 -Tomcat initialized with port(s): 9156 (http)
2023-02-03 19:52:41.701 INFO  [main]org.apache.coyote.http11.Http11NioProtocol.log:173 -Initializing ProtocolHandler ["http-nio-9156"]
2023-02-03 19:52:41.702 INFO  [main]org.apache.catalina.core.StandardService.log:173 -Starting service [Tomcat]
2023-02-03 19:52:41.702 INFO  [main]org.apache.catalina.core.StandardEngine.log:173 -Starting Servlet engine: [Apache Tomcat/9.0.56]
2023-02-03 19:52:41.747 INFO  [main]o.a.catalina.core.ContainerBase.[Tomcat].[localhost].[/].log:173 -Initializing Spring embedded WebApplicationContext
2023-02-03 19:52:41.747 INFO  [main]o.s.b.w.s.context.ServletWebServerApplicationContext.prepareWebApplicationContext:290 -Root WebApplicationContext: initialization completed in 600 ms
2023-02-03 19:52:42.123 INFO  [main]org.apache.coyote.http11.Http11NioProtocol.log:173 -Starting ProtocolHandler ["http-nio-9156"]
2023-02-03 19:52:42.130 INFO  [main]o.s.boot.web.embedded.tomcat.TomcatWebServer.start:220 -Tomcat started on port(s): 9156 (http) with context path ''
2023-02-03 19:52:42.136 INFO  [main]com.gaobug.GaobugApplication.logStarted:61 -Started GaobugApplication in 1.284 seconds (JVM running for 1.63)
2023-02-03 19:52:43.135 INFO  [http-nio-9156-exec-1]o.a.catalina.core.ContainerBase.[Tomcat].[localhost].[/].log:173 -Initializing Spring DispatcherServlet 'dispatcherServlet'
2023-02-03 19:52:43.136 INFO  [http-nio-9156-exec-1]org.springframework.web.servlet.DispatcherServlet.initServletBean:525 -Initializing Servlet 'dispatcherServlet'
2023-02-03 19:52:43.136 INFO  [http-nio-9156-exec-1]org.springframework.web.servlet.DispatcherServlet.initServletBean:547 -Completed initialization in 0 ms
2023-02-03 19:53:02.397 INFO  [main]com.gaobug.GaobugApplication.logStarting:55 -Starting GaobugApplication using Java 1.8.0_301 on PC-20220222BTLW with PID 24392 (E:\lr\数据处理内容\Javaproduct\greatSeo\xxxseo1second\target\classes started by Administrator in E:\lr\数据处理内容\Javaproduct\greatSeo\xxxseo1second)
2023-02-03 19:53:02.399 INFO  [main]com.gaobug.GaobugApplication.logStartupProfileInfo:641 -The following profiles are active: dev
2023-02-03 19:53:02.761 INFO  [main]o.s.d.repository.config.RepositoryConfigurationDelegate.multipleStoresDetected:262 -Multiple Spring Data modules found, entering strict repository configuration mode!
2023-02-03 19:53:02.762 INFO  [main]o.s.d.repository.config.RepositoryConfigurationDelegate.registerRepositoriesIn:132 -Bootstrapping Spring Data Redis repositories in DEFAULT mode.
2023-02-03 19:53:02.774 INFO  [main]o.s.d.repository.config.RepositoryConfigurationDelegate.registerRepositoriesIn:201 -Finished Spring Data repository scanning in 4 ms. Found 0 Redis repository interfaces.
2023-02-03 19:53:03.010 INFO  [main]o.s.boot.web.embedded.tomcat.TomcatWebServer.initialize:108 -Tomcat initialized with port(s): 9156 (http)
2023-02-03 19:53:03.015 INFO  [main]org.apache.coyote.http11.Http11NioProtocol.log:173 -Initializing ProtocolHandler ["http-nio-9156"]
2023-02-03 19:53:03.016 INFO  [main]org.apache.catalina.core.StandardService.log:173 -Starting service [Tomcat]
2023-02-03 19:53:03.016 INFO  [main]org.apache.catalina.core.StandardEngine.log:173 -Starting Servlet engine: [Apache Tomcat/9.0.56]
2023-02-03 19:53:03.058 INFO  [main]o.a.catalina.core.ContainerBase.[Tomcat].[localhost].[/].log:173 -Initializing Spring embedded WebApplicationContext
2023-02-03 19:53:03.058 INFO  [main]o.s.b.w.s.context.ServletWebServerApplicationContext.prepareWebApplicationContext:290 -Root WebApplicationContext: initialization completed in 636 ms
2023-02-03 19:53:03.441 INFO  [main]org.apache.coyote.http11.Http11NioProtocol.log:173 -Starting ProtocolHandler ["http-nio-9156"]
2023-02-03 19:53:03.448 INFO  [main]o.s.boot.web.embedded.tomcat.TomcatWebServer.start:220 -Tomcat started on port(s): 9156 (http) with context path ''
2023-02-03 19:53:03.453 INFO  [main]com.gaobug.GaobugApplication.logStarted:61 -Started GaobugApplication in 1.347 seconds (JVM running for 1.725)
2023-02-03 19:53:06.059 INFO  [http-nio-9156-exec-1]o.a.catalina.core.ContainerBase.[Tomcat].[localhost].[/].log:173 -Initializing Spring DispatcherServlet 'dispatcherServlet'
2023-02-03 19:53:06.060 INFO  [http-nio-9156-exec-1]org.springframework.web.servlet.DispatcherServlet.initServletBean:525 -Initializing Servlet 'dispatcherServlet'
2023-02-03 19:53:06.061 INFO  [http-nio-9156-exec-1]org.springframework.web.servlet.DispatcherServlet.initServletBean:547 -Completed initialization in 1 ms
