2023-02-08 10:07:15.320 INFO  [main]com.gaobug.GaobugApplication.logStarting:55 -Starting GaobugApplication using Java 1.8.0_301 on PC-20220222BTLW with PID 17292 (E:\lr\数据处理内容\Javaproduct\greatSeo\xxxseo1second\target\classes started by Administrator in E:\lr\数据处理内容\Javaproduct\greatSeo\xxxseo1second)
2023-02-08 10:07:15.322 INFO  [main]com.gaobug.GaobugApplication.logStartupProfileInfo:641 -The following profiles are active: dev
2023-02-08 10:07:15.646 INFO  [main]o.s.d.repository.config.RepositoryConfigurationDelegate.multipleStoresDetected:262 -Multiple Spring Data modules found, entering strict repository configuration mode!
2023-02-08 10:07:15.647 INFO  [main]o.s.d.repository.config.RepositoryConfigurationDelegate.registerRepositoriesIn:132 -Bootstrapping Spring Data Redis repositories in DEFAULT mode.
2023-02-08 10:07:15.659 INFO  [main]o.s.d.repository.config.RepositoryConfigurationDelegate.registerRepositoriesIn:201 -Finished Spring Data repository scanning in 4 ms. Found 0 Redis repository interfaces.
2023-02-08 10:07:15.884 INFO  [main]o.s.boot.web.embedded.tomcat.TomcatWebServer.initialize:108 -Tomcat initialized with port(s): 9156 (http)
2023-02-08 10:07:15.889 INFO  [main]org.apache.coyote.http11.Http11NioProtocol.log:173 -Initializing ProtocolHandler ["http-nio-9156"]
2023-02-08 10:07:15.889 INFO  [main]org.apache.catalina.core.StandardService.log:173 -Starting service [Tomcat]
2023-02-08 10:07:15.889 INFO  [main]org.apache.catalina.core.StandardEngine.log:173 -Starting Servlet engine: [Apache Tomcat/9.0.56]
2023-02-08 10:07:15.929 INFO  [main]o.a.catalina.core.ContainerBase.[Tomcat].[localhost].[/].log:173 -Initializing Spring embedded WebApplicationContext
2023-02-08 10:07:15.929 INFO  [main]o.s.b.w.s.context.ServletWebServerApplicationContext.prepareWebApplicationContext:290 -Root WebApplicationContext: initialization completed in 585 ms
2023-02-08 10:07:16.271 INFO  [main]org.apache.coyote.http11.Http11NioProtocol.log:173 -Starting ProtocolHandler ["http-nio-9156"]
2023-02-08 10:07:16.279 INFO  [main]o.s.boot.web.embedded.tomcat.TomcatWebServer.start:220 -Tomcat started on port(s): 9156 (http) with context path ''
2023-02-08 10:07:16.284 INFO  [main]com.gaobug.GaobugApplication.logStarted:61 -Started GaobugApplication in 1.282 seconds (JVM running for 1.628)
2023-02-08 10:07:22.201 INFO  [http-nio-9156-exec-1]o.a.catalina.core.ContainerBase.[Tomcat].[localhost].[/].log:173 -Initializing Spring DispatcherServlet 'dispatcherServlet'
2023-02-08 10:07:22.201 INFO  [http-nio-9156-exec-1]org.springframework.web.servlet.DispatcherServlet.initServletBean:525 -Initializing Servlet 'dispatcherServlet'
2023-02-08 10:07:22.202 INFO  [http-nio-9156-exec-1]org.springframework.web.servlet.DispatcherServlet.initServletBean:547 -Completed initialization in 1 ms
2023-02-08 10:12:19.501 INFO  [main]com.gaobug.GaobugApplication.logStarting:55 -Starting GaobugApplication using Java 1.8.0_301 on PC-20220222BTLW with PID 32492 (E:\lr\数据处理内容\Javaproduct\greatSeo\xxxseo1second\target\classes started by Administrator in E:\lr\数据处理内容\Javaproduct\greatSeo\xxxseo1second)
2023-02-08 10:12:19.504 INFO  [main]com.gaobug.GaobugApplication.logStartupProfileInfo:641 -The following profiles are active: dev
2023-02-08 10:12:19.870 INFO  [main]o.s.d.repository.config.RepositoryConfigurationDelegate.multipleStoresDetected:262 -Multiple Spring Data modules found, entering strict repository configuration mode!
2023-02-08 10:12:19.872 INFO  [main]o.s.d.repository.config.RepositoryConfigurationDelegate.registerRepositoriesIn:132 -Bootstrapping Spring Data Redis repositories in DEFAULT mode.
2023-02-08 10:12:19.889 INFO  [main]o.s.d.repository.config.RepositoryConfigurationDelegate.registerRepositoriesIn:201 -Finished Spring Data repository scanning in 5 ms. Found 0 Redis repository interfaces.
2023-02-08 10:12:20.342 INFO  [main]o.s.boot.web.embedded.tomcat.TomcatWebServer.initialize:108 -Tomcat initialized with port(s): 9156 (http)
2023-02-08 10:12:20.353 INFO  [main]org.apache.coyote.http11.Http11NioProtocol.log:173 -Initializing ProtocolHandler ["http-nio-9156"]
2023-02-08 10:12:20.354 INFO  [main]org.apache.catalina.core.StandardService.log:173 -Starting service [Tomcat]
2023-02-08 10:12:20.354 INFO  [main]org.apache.catalina.core.StandardEngine.log:173 -Starting Servlet engine: [Apache Tomcat/9.0.56]
2023-02-08 10:12:20.431 INFO  [main]o.a.catalina.core.ContainerBase.[Tomcat].[localhost].[/].log:173 -Initializing Spring embedded WebApplicationContext
2023-02-08 10:12:20.431 INFO  [main]o.s.b.w.s.context.ServletWebServerApplicationContext.prepareWebApplicationContext:290 -Root WebApplicationContext: initialization completed in 890 ms
2023-02-08 10:12:20.972 INFO  [main]org.apache.coyote.http11.Http11NioProtocol.log:173 -Starting ProtocolHandler ["http-nio-9156"]
2023-02-08 10:12:20.981 INFO  [main]o.s.boot.web.embedded.tomcat.TomcatWebServer.start:220 -Tomcat started on port(s): 9156 (http) with context path ''
2023-02-08 10:12:20.986 INFO  [main]com.gaobug.GaobugApplication.logStarted:61 -Started GaobugApplication in 2.032 seconds (JVM running for 2.55)
2023-02-08 10:12:21.469 INFO  [http-nio-9156-exec-1]o.a.catalina.core.ContainerBase.[Tomcat].[localhost].[/].log:173 -Initializing Spring DispatcherServlet 'dispatcherServlet'
2023-02-08 10:12:21.469 INFO  [http-nio-9156-exec-1]org.springframework.web.servlet.DispatcherServlet.initServletBean:525 -Initializing Servlet 'dispatcherServlet'
2023-02-08 10:12:21.470 INFO  [http-nio-9156-exec-1]org.springframework.web.servlet.DispatcherServlet.initServletBean:547 -Completed initialization in 1 ms
2023-02-08 10:29:38.478 INFO  [main]com.gaobug.GaobugApplication.logStarting:55 -Starting GaobugApplication using Java 1.8.0_301 on PC-20220222BTLW with PID 15688 (E:\lr\数据处理内容\Javaproduct\greatSeo\xxxseo1second\target\classes started by Administrator in E:\lr\数据处理内容\Javaproduct\greatSeo\xxxseo1second)
2023-02-08 10:29:38.480 INFO  [main]com.gaobug.GaobugApplication.logStartupProfileInfo:641 -The following profiles are active: dev
2023-02-08 10:29:38.906 INFO  [main]o.s.d.repository.config.RepositoryConfigurationDelegate.multipleStoresDetected:262 -Multiple Spring Data modules found, entering strict repository configuration mode!
2023-02-08 10:29:38.908 INFO  [main]o.s.d.repository.config.RepositoryConfigurationDelegate.registerRepositoriesIn:132 -Bootstrapping Spring Data Redis repositories in DEFAULT mode.
2023-02-08 10:29:38.922 INFO  [main]o.s.d.repository.config.RepositoryConfigurationDelegate.registerRepositoriesIn:201 -Finished Spring Data repository scanning in 5 ms. Found 0 Redis repository interfaces.
2023-02-08 10:29:39.195 INFO  [main]o.s.boot.web.embedded.tomcat.TomcatWebServer.initialize:108 -Tomcat initialized with port(s): 9156 (http)
2023-02-08 10:29:39.201 INFO  [main]org.apache.coyote.http11.Http11NioProtocol.log:173 -Initializing ProtocolHandler ["http-nio-9156"]
2023-02-08 10:29:39.201 INFO  [main]org.apache.catalina.core.StandardService.log:173 -Starting service [Tomcat]
2023-02-08 10:29:39.202 INFO  [main]org.apache.catalina.core.StandardEngine.log:173 -Starting Servlet engine: [Apache Tomcat/9.0.56]
2023-02-08 10:29:39.251 INFO  [main]o.a.catalina.core.ContainerBase.[Tomcat].[localhost].[/].log:173 -Initializing Spring embedded WebApplicationContext
2023-02-08 10:29:39.252 INFO  [main]o.s.b.w.s.context.ServletWebServerApplicationContext.prepareWebApplicationContext:290 -Root WebApplicationContext: initialization completed in 740 ms
2023-02-08 10:29:39.758 INFO  [main]org.apache.coyote.http11.Http11NioProtocol.log:173 -Starting ProtocolHandler ["http-nio-9156"]
2023-02-08 10:29:39.776 INFO  [main]o.s.boot.web.embedded.tomcat.TomcatWebServer.start:220 -Tomcat started on port(s): 9156 (http) with context path ''
2023-02-08 10:29:39.788 INFO  [main]com.gaobug.GaobugApplication.logStarted:61 -Started GaobugApplication in 1.674 seconds (JVM running for 2.094)
2023-02-08 10:29:44.761 INFO  [http-nio-9156-exec-1]o.a.catalina.core.ContainerBase.[Tomcat].[localhost].[/].log:173 -Initializing Spring DispatcherServlet 'dispatcherServlet'
2023-02-08 10:29:44.761 INFO  [http-nio-9156-exec-1]org.springframework.web.servlet.DispatcherServlet.initServletBean:525 -Initializing Servlet 'dispatcherServlet'
2023-02-08 10:29:44.763 INFO  [http-nio-9156-exec-1]org.springframework.web.servlet.DispatcherServlet.initServletBean:547 -Completed initialization in 1 ms
2023-02-08 10:36:53.680 INFO  [main]com.gaobug.GaobugApplication.logStarting:55 -Starting GaobugApplication using Java 1.8.0_301 on PC-20220222BTLW with PID 19492 (E:\lr\数据处理内容\Javaproduct\greatSeo\xxxseo1second\target\classes started by Administrator in E:\lr\数据处理内容\Javaproduct\greatSeo\xxxseo1second)
2023-02-08 10:36:53.682 INFO  [main]com.gaobug.GaobugApplication.logStartupProfileInfo:641 -The following profiles are active: dev
2023-02-08 10:36:53.988 INFO  [main]o.s.d.repository.config.RepositoryConfigurationDelegate.multipleStoresDetected:262 -Multiple Spring Data modules found, entering strict repository configuration mode!
2023-02-08 10:36:53.989 INFO  [main]o.s.d.repository.config.RepositoryConfigurationDelegate.registerRepositoriesIn:132 -Bootstrapping Spring Data Redis repositories in DEFAULT mode.
2023-02-08 10:36:53.999 INFO  [main]o.s.d.repository.config.RepositoryConfigurationDelegate.registerRepositoriesIn:201 -Finished Spring Data repository scanning in 4 ms. Found 0 Redis repository interfaces.
2023-02-08 10:36:54.220 INFO  [main]o.s.boot.web.embedded.tomcat.TomcatWebServer.initialize:108 -Tomcat initialized with port(s): 9156 (http)
2023-02-08 10:36:54.225 INFO  [main]org.apache.coyote.http11.Http11NioProtocol.log:173 -Initializing ProtocolHandler ["http-nio-9156"]
2023-02-08 10:36:54.225 INFO  [main]org.apache.catalina.core.StandardService.log:173 -Starting service [Tomcat]
2023-02-08 10:36:54.225 INFO  [main]org.apache.catalina.core.StandardEngine.log:173 -Starting Servlet engine: [Apache Tomcat/9.0.56]
2023-02-08 10:36:54.277 INFO  [main]o.a.catalina.core.ContainerBase.[Tomcat].[localhost].[/].log:173 -Initializing Spring embedded WebApplicationContext
2023-02-08 10:36:54.278 INFO  [main]o.s.b.w.s.context.ServletWebServerApplicationContext.prepareWebApplicationContext:290 -Root WebApplicationContext: initialization completed in 574 ms
2023-02-08 10:36:54.640 INFO  [main]org.apache.coyote.http11.Http11NioProtocol.log:173 -Starting ProtocolHandler ["http-nio-9156"]
2023-02-08 10:36:54.648 INFO  [main]o.s.boot.web.embedded.tomcat.TomcatWebServer.start:220 -Tomcat started on port(s): 9156 (http) with context path ''
2023-02-08 10:36:54.654 INFO  [main]com.gaobug.GaobugApplication.logStarted:61 -Started GaobugApplication in 1.242 seconds (JVM running for 1.599)
2023-02-08 10:36:55.312 INFO  [http-nio-9156-exec-1]o.a.catalina.core.ContainerBase.[Tomcat].[localhost].[/].log:173 -Initializing Spring DispatcherServlet 'dispatcherServlet'
2023-02-08 10:36:55.312 INFO  [http-nio-9156-exec-1]org.springframework.web.servlet.DispatcherServlet.initServletBean:525 -Initializing Servlet 'dispatcherServlet'
2023-02-08 10:36:55.313 INFO  [http-nio-9156-exec-1]org.springframework.web.servlet.DispatcherServlet.initServletBean:547 -Completed initialization in 1 ms
2023-02-08 10:38:35.711 INFO  [main]com.gaobug.GaobugApplication.logStarting:55 -Starting GaobugApplication using Java 1.8.0_301 on PC-20220222BTLW with PID 18560 (E:\lr\数据处理内容\Javaproduct\greatSeo\xxxseo1second\target\classes started by Administrator in E:\lr\数据处理内容\Javaproduct\greatSeo\xxxseo1second)
2023-02-08 10:38:35.713 INFO  [main]com.gaobug.GaobugApplication.logStartupProfileInfo:641 -The following profiles are active: dev
2023-02-08 10:38:36.015 INFO  [main]o.s.d.repository.config.RepositoryConfigurationDelegate.multipleStoresDetected:262 -Multiple Spring Data modules found, entering strict repository configuration mode!
2023-02-08 10:38:36.016 INFO  [main]o.s.d.repository.config.RepositoryConfigurationDelegate.registerRepositoriesIn:132 -Bootstrapping Spring Data Redis repositories in DEFAULT mode.
2023-02-08 10:38:36.027 INFO  [main]o.s.d.repository.config.RepositoryConfigurationDelegate.registerRepositoriesIn:201 -Finished Spring Data repository scanning in 4 ms. Found 0 Redis repository interfaces.
2023-02-08 10:38:36.264 INFO  [main]o.s.boot.web.embedded.tomcat.TomcatWebServer.initialize:108 -Tomcat initialized with port(s): 9156 (http)
2023-02-08 10:38:36.269 INFO  [main]org.apache.coyote.http11.Http11NioProtocol.log:173 -Initializing ProtocolHandler ["http-nio-9156"]
2023-02-08 10:38:36.269 INFO  [main]org.apache.catalina.core.StandardService.log:173 -Starting service [Tomcat]
2023-02-08 10:38:36.269 INFO  [main]org.apache.catalina.core.StandardEngine.log:173 -Starting Servlet engine: [Apache Tomcat/9.0.56]
2023-02-08 10:38:36.320 INFO  [main]o.a.catalina.core.ContainerBase.[Tomcat].[localhost].[/].log:173 -Initializing Spring embedded WebApplicationContext
2023-02-08 10:38:36.320 INFO  [main]o.s.b.w.s.context.ServletWebServerApplicationContext.prepareWebApplicationContext:290 -Root WebApplicationContext: initialization completed in 587 ms
2023-02-08 10:38:36.702 INFO  [main]org.apache.coyote.http11.Http11NioProtocol.log:173 -Starting ProtocolHandler ["http-nio-9156"]
2023-02-08 10:38:36.710 INFO  [main]o.s.boot.web.embedded.tomcat.TomcatWebServer.start:220 -Tomcat started on port(s): 9156 (http) with context path ''
2023-02-08 10:38:36.716 INFO  [main]com.gaobug.GaobugApplication.logStarted:61 -Started GaobugApplication in 1.259 seconds (JVM running for 1.59)
2023-02-08 10:38:38.466 INFO  [http-nio-9156-exec-1]o.a.catalina.core.ContainerBase.[Tomcat].[localhost].[/].log:173 -Initializing Spring DispatcherServlet 'dispatcherServlet'
2023-02-08 10:38:38.466 INFO  [http-nio-9156-exec-1]org.springframework.web.servlet.DispatcherServlet.initServletBean:525 -Initializing Servlet 'dispatcherServlet'
2023-02-08 10:38:38.467 INFO  [http-nio-9156-exec-1]org.springframework.web.servlet.DispatcherServlet.initServletBean:547 -Completed initialization in 1 ms
2023-02-08 10:39:00.814 INFO  [main]com.gaobug.GaobugApplication.logStarting:55 -Starting GaobugApplication using Java 1.8.0_301 on PC-20220222BTLW with PID 22380 (E:\lr\数据处理内容\Javaproduct\greatSeo\xxxseo1second\target\classes started by Administrator in E:\lr\数据处理内容\Javaproduct\greatSeo\xxxseo1second)
2023-02-08 10:39:00.816 INFO  [main]com.gaobug.GaobugApplication.logStartupProfileInfo:641 -The following profiles are active: dev
2023-02-08 10:39:01.135 INFO  [main]o.s.d.repository.config.RepositoryConfigurationDelegate.multipleStoresDetected:262 -Multiple Spring Data modules found, entering strict repository configuration mode!
2023-02-08 10:39:01.136 INFO  [main]o.s.d.repository.config.RepositoryConfigurationDelegate.registerRepositoriesIn:132 -Bootstrapping Spring Data Redis repositories in DEFAULT mode.
2023-02-08 10:39:01.147 INFO  [main]o.s.d.repository.config.RepositoryConfigurationDelegate.registerRepositoriesIn:201 -Finished Spring Data repository scanning in 4 ms. Found 0 Redis repository interfaces.
2023-02-08 10:39:01.375 INFO  [main]o.s.boot.web.embedded.tomcat.TomcatWebServer.initialize:108 -Tomcat initialized with port(s): 9156 (http)
2023-02-08 10:39:01.381 INFO  [main]org.apache.coyote.http11.Http11NioProtocol.log:173 -Initializing ProtocolHandler ["http-nio-9156"]
2023-02-08 10:39:01.382 INFO  [main]org.apache.catalina.core.StandardService.log:173 -Starting service [Tomcat]
2023-02-08 10:39:01.382 INFO  [main]org.apache.catalina.core.StandardEngine.log:173 -Starting Servlet engine: [Apache Tomcat/9.0.56]
2023-02-08 10:39:01.427 INFO  [main]o.a.catalina.core.ContainerBase.[Tomcat].[localhost].[/].log:173 -Initializing Spring embedded WebApplicationContext
2023-02-08 10:39:01.428 INFO  [main]o.s.b.w.s.context.ServletWebServerApplicationContext.prepareWebApplicationContext:290 -Root WebApplicationContext: initialization completed in 587 ms
2023-02-08 10:39:01.786 INFO  [main]org.apache.coyote.http11.Http11NioProtocol.log:173 -Starting ProtocolHandler ["http-nio-9156"]
2023-02-08 10:39:01.794 INFO  [main]o.s.boot.web.embedded.tomcat.TomcatWebServer.start:220 -Tomcat started on port(s): 9156 (http) with context path ''
2023-02-08 10:39:01.801 INFO  [main]com.gaobug.GaobugApplication.logStarted:61 -Started GaobugApplication in 1.253 seconds (JVM running for 1.608)
2023-02-08 10:39:02.257 INFO  [http-nio-9156-exec-1]o.a.catalina.core.ContainerBase.[Tomcat].[localhost].[/].log:173 -Initializing Spring DispatcherServlet 'dispatcherServlet'
2023-02-08 10:39:02.257 INFO  [http-nio-9156-exec-1]org.springframework.web.servlet.DispatcherServlet.initServletBean:525 -Initializing Servlet 'dispatcherServlet'
2023-02-08 10:39:02.258 INFO  [http-nio-9156-exec-1]org.springframework.web.servlet.DispatcherServlet.initServletBean:547 -Completed initialization in 1 ms
2023-02-08 10:40:04.213 INFO  [main]com.gaobug.GaobugApplication.logStarting:55 -Starting GaobugApplication using Java 1.8.0_301 on PC-20220222BTLW with PID 18420 (E:\lr\数据处理内容\Javaproduct\greatSeo\xxxseo1second\target\classes started by Administrator in E:\lr\数据处理内容\Javaproduct\greatSeo\xxxseo1second)
2023-02-08 10:40:04.215 INFO  [main]com.gaobug.GaobugApplication.logStartupProfileInfo:641 -The following profiles are active: dev
2023-02-08 10:40:04.613 INFO  [main]o.s.d.repository.config.RepositoryConfigurationDelegate.multipleStoresDetected:262 -Multiple Spring Data modules found, entering strict repository configuration mode!
2023-02-08 10:40:04.615 INFO  [main]o.s.d.repository.config.RepositoryConfigurationDelegate.registerRepositoriesIn:132 -Bootstrapping Spring Data Redis repositories in DEFAULT mode.
2023-02-08 10:40:04.627 INFO  [main]o.s.d.repository.config.RepositoryConfigurationDelegate.registerRepositoriesIn:201 -Finished Spring Data repository scanning in 5 ms. Found 0 Redis repository interfaces.
2023-02-08 10:40:04.890 INFO  [main]o.s.boot.web.embedded.tomcat.TomcatWebServer.initialize:108 -Tomcat initialized with port(s): 9156 (http)
2023-02-08 10:40:04.895 INFO  [main]org.apache.coyote.http11.Http11NioProtocol.log:173 -Initializing ProtocolHandler ["http-nio-9156"]
2023-02-08 10:40:04.895 INFO  [main]org.apache.catalina.core.StandardService.log:173 -Starting service [Tomcat]
2023-02-08 10:40:04.895 INFO  [main]org.apache.catalina.core.StandardEngine.log:173 -Starting Servlet engine: [Apache Tomcat/9.0.56]
2023-02-08 10:40:04.935 INFO  [main]o.a.catalina.core.ContainerBase.[Tomcat].[localhost].[/].log:173 -Initializing Spring embedded WebApplicationContext
2023-02-08 10:40:04.936 INFO  [main]o.s.b.w.s.context.ServletWebServerApplicationContext.prepareWebApplicationContext:290 -Root WebApplicationContext: initialization completed in 699 ms
2023-02-08 10:40:05.396 INFO  [main]org.apache.coyote.http11.Http11NioProtocol.log:173 -Starting ProtocolHandler ["http-nio-9156"]
2023-02-08 10:40:05.409 INFO  [main]o.s.boot.web.embedded.tomcat.TomcatWebServer.start:220 -Tomcat started on port(s): 9156 (http) with context path ''
2023-02-08 10:40:05.427 INFO  [main]com.gaobug.GaobugApplication.logStarted:61 -Started GaobugApplication in 1.541 seconds (JVM running for 1.88)
2023-02-08 10:40:08.979 INFO  [http-nio-9156-exec-1]o.a.catalina.core.ContainerBase.[Tomcat].[localhost].[/].log:173 -Initializing Spring DispatcherServlet 'dispatcherServlet'
2023-02-08 10:40:08.980 INFO  [http-nio-9156-exec-1]org.springframework.web.servlet.DispatcherServlet.initServletBean:525 -Initializing Servlet 'dispatcherServlet'
2023-02-08 10:40:08.982 INFO  [http-nio-9156-exec-1]org.springframework.web.servlet.DispatcherServlet.initServletBean:547 -Completed initialization in 1 ms
2023-02-08 10:59:48.034 INFO  [main]com.gaobug.GaobugApplication.logStarting:55 -Starting GaobugApplication using Java 1.8.0_301 on PC-20220222BTLW with PID 18536 (E:\lr\数据处理内容\Javaproduct\greatSeo\xxxseo1second\target\classes started by Administrator in E:\lr\数据处理内容\Javaproduct\greatSeo\xxxseo1second)
2023-02-08 10:59:48.036 INFO  [main]com.gaobug.GaobugApplication.logStartupProfileInfo:641 -The following profiles are active: dev
2023-02-08 10:59:48.355 INFO  [main]o.s.d.repository.config.RepositoryConfigurationDelegate.multipleStoresDetected:262 -Multiple Spring Data modules found, entering strict repository configuration mode!
2023-02-08 10:59:48.356 INFO  [main]o.s.d.repository.config.RepositoryConfigurationDelegate.registerRepositoriesIn:132 -Bootstrapping Spring Data Redis repositories in DEFAULT mode.
2023-02-08 10:59:48.368 INFO  [main]o.s.d.repository.config.RepositoryConfigurationDelegate.registerRepositoriesIn:201 -Finished Spring Data repository scanning in 4 ms. Found 0 Redis repository interfaces.
2023-02-08 10:59:48.599 INFO  [main]o.s.boot.web.embedded.tomcat.TomcatWebServer.initialize:108 -Tomcat initialized with port(s): 9156 (http)
2023-02-08 10:59:48.603 INFO  [main]org.apache.coyote.http11.Http11NioProtocol.log:173 -Initializing ProtocolHandler ["http-nio-9156"]
2023-02-08 10:59:48.603 INFO  [main]org.apache.catalina.core.StandardService.log:173 -Starting service [Tomcat]
2023-02-08 10:59:48.603 INFO  [main]org.apache.catalina.core.StandardEngine.log:173 -Starting Servlet engine: [Apache Tomcat/9.0.56]
2023-02-08 10:59:48.644 INFO  [main]o.a.catalina.core.ContainerBase.[Tomcat].[localhost].[/].log:173 -Initializing Spring embedded WebApplicationContext
2023-02-08 10:59:48.644 INFO  [main]o.s.b.w.s.context.ServletWebServerApplicationContext.prepareWebApplicationContext:290 -Root WebApplicationContext: initialization completed in 586 ms
2023-02-08 10:59:48.978 INFO  [main]org.apache.coyote.http11.Http11NioProtocol.log:173 -Starting ProtocolHandler ["http-nio-9156"]
2023-02-08 10:59:48.985 INFO  [main]o.s.boot.web.embedded.tomcat.TomcatWebServer.start:220 -Tomcat started on port(s): 9156 (http) with context path ''
2023-02-08 10:59:48.990 INFO  [main]com.gaobug.GaobugApplication.logStarted:61 -Started GaobugApplication in 1.235 seconds (JVM running for 1.57)
2023-02-08 11:04:21.941 INFO  [main]com.gaobug.GaobugApplication.logStarting:55 -Starting GaobugApplication using Java 1.8.0_301 on PC-20220222BTLW with PID 15284 (E:\lr\数据处理内容\Javaproduct\greatSeo\xxxseo1second\target\classes started by Administrator in E:\lr\数据处理内容\Javaproduct\greatSeo\xxxseo1second)
2023-02-08 11:04:21.942 INFO  [main]com.gaobug.GaobugApplication.logStartupProfileInfo:641 -The following profiles are active: dev
2023-02-08 11:04:22.275 INFO  [main]o.s.d.repository.config.RepositoryConfigurationDelegate.multipleStoresDetected:262 -Multiple Spring Data modules found, entering strict repository configuration mode!
2023-02-08 11:04:22.277 INFO  [main]o.s.d.repository.config.RepositoryConfigurationDelegate.registerRepositoriesIn:132 -Bootstrapping Spring Data Redis repositories in DEFAULT mode.
2023-02-08 11:04:22.292 INFO  [main]o.s.d.repository.config.RepositoryConfigurationDelegate.registerRepositoriesIn:201 -Finished Spring Data repository scanning in 4 ms. Found 0 Redis repository interfaces.
2023-02-08 11:04:22.557 INFO  [main]o.s.boot.web.embedded.tomcat.TomcatWebServer.initialize:108 -Tomcat initialized with port(s): 9156 (http)
2023-02-08 11:04:22.562 INFO  [main]org.apache.coyote.http11.Http11NioProtocol.log:173 -Initializing ProtocolHandler ["http-nio-9156"]
2023-02-08 11:04:22.563 INFO  [main]org.apache.catalina.core.StandardService.log:173 -Starting service [Tomcat]
2023-02-08 11:04:22.563 INFO  [main]org.apache.catalina.core.StandardEngine.log:173 -Starting Servlet engine: [Apache Tomcat/9.0.56]
2023-02-08 11:04:22.618 INFO  [main]o.a.catalina.core.ContainerBase.[Tomcat].[localhost].[/].log:173 -Initializing Spring embedded WebApplicationContext
2023-02-08 11:04:22.618 INFO  [main]o.s.b.w.s.context.ServletWebServerApplicationContext.prepareWebApplicationContext:290 -Root WebApplicationContext: initialization completed in 651 ms
2023-02-08 11:04:23.005 INFO  [main]org.apache.coyote.http11.Http11NioProtocol.log:173 -Starting ProtocolHandler ["http-nio-9156"]
2023-02-08 11:04:23.015 INFO  [main]o.s.boot.web.embedded.tomcat.TomcatWebServer.start:220 -Tomcat started on port(s): 9156 (http) with context path ''
2023-02-08 11:04:23.022 INFO  [main]com.gaobug.GaobugApplication.logStarted:61 -Started GaobugApplication in 1.333 seconds (JVM running for 1.695)
2023-02-08 11:04:51.766 INFO  [main]com.gaobug.GaobugApplication.logStarting:55 -Starting GaobugApplication using Java 1.8.0_301 on PC-20220222BTLW with PID 30740 (E:\lr\数据处理内容\Javaproduct\greatSeo\xxxseo1second\target\classes started by Administrator in E:\lr\数据处理内容\Javaproduct\greatSeo\xxxseo1second)
2023-02-08 11:04:51.767 INFO  [main]com.gaobug.GaobugApplication.logStartupProfileInfo:641 -The following profiles are active: dev
2023-02-08 11:04:52.081 INFO  [main]o.s.d.repository.config.RepositoryConfigurationDelegate.multipleStoresDetected:262 -Multiple Spring Data modules found, entering strict repository configuration mode!
2023-02-08 11:04:52.082 INFO  [main]o.s.d.repository.config.RepositoryConfigurationDelegate.registerRepositoriesIn:132 -Bootstrapping Spring Data Redis repositories in DEFAULT mode.
2023-02-08 11:04:52.094 INFO  [main]o.s.d.repository.config.RepositoryConfigurationDelegate.registerRepositoriesIn:201 -Finished Spring Data repository scanning in 4 ms. Found 0 Redis repository interfaces.
2023-02-08 11:04:52.310 INFO  [main]o.s.boot.web.embedded.tomcat.TomcatWebServer.initialize:108 -Tomcat initialized with port(s): 9156 (http)
2023-02-08 11:04:52.315 INFO  [main]org.apache.coyote.http11.Http11NioProtocol.log:173 -Initializing ProtocolHandler ["http-nio-9156"]
2023-02-08 11:04:52.316 INFO  [main]org.apache.catalina.core.StandardService.log:173 -Starting service [Tomcat]
2023-02-08 11:04:52.316 INFO  [main]org.apache.catalina.core.StandardEngine.log:173 -Starting Servlet engine: [Apache Tomcat/9.0.56]
2023-02-08 11:04:52.358 INFO  [main]o.a.catalina.core.ContainerBase.[Tomcat].[localhost].[/].log:173 -Initializing Spring embedded WebApplicationContext
2023-02-08 11:04:52.358 INFO  [main]o.s.b.w.s.context.ServletWebServerApplicationContext.prepareWebApplicationContext:290 -Root WebApplicationContext: initialization completed in 568 ms
2023-02-08 11:04:52.718 INFO  [main]org.apache.coyote.http11.Http11NioProtocol.log:173 -Starting ProtocolHandler ["http-nio-9156"]
2023-02-08 11:04:52.726 INFO  [main]o.s.boot.web.embedded.tomcat.TomcatWebServer.start:220 -Tomcat started on port(s): 9156 (http) with context path ''
2023-02-08 11:04:52.731 INFO  [main]com.gaobug.GaobugApplication.logStarted:61 -Started GaobugApplication in 1.225 seconds (JVM running for 1.611)
2023-02-08 11:05:13.444 INFO  [http-nio-9156-exec-1]o.a.catalina.core.ContainerBase.[Tomcat].[localhost].[/].log:173 -Initializing Spring DispatcherServlet 'dispatcherServlet'
2023-02-08 11:05:13.445 INFO  [http-nio-9156-exec-1]org.springframework.web.servlet.DispatcherServlet.initServletBean:525 -Initializing Servlet 'dispatcherServlet'
2023-02-08 11:05:13.446 INFO  [http-nio-9156-exec-1]org.springframework.web.servlet.DispatcherServlet.initServletBean:547 -Completed initialization in 1 ms
2023-02-08 15:10:18.610 INFO  [main]com.gaobug.GaobugApplication.logStarting:55 -Starting GaobugApplication using Java 1.8.0_301 on PC-20220222BTLW with PID 18488 (E:\lr\数据处理内容\Javaproduct\greatSeo\xxxseo1second\target\classes started by Administrator in E:\lr\数据处理内容\Javaproduct\greatSeo\xxxseo1second)
2023-02-08 15:10:18.612 INFO  [main]com.gaobug.GaobugApplication.logStartupProfileInfo:641 -The following profiles are active: dev
2023-02-08 15:10:18.930 INFO  [main]o.s.d.repository.config.RepositoryConfigurationDelegate.multipleStoresDetected:262 -Multiple Spring Data modules found, entering strict repository configuration mode!
2023-02-08 15:10:18.931 INFO  [main]o.s.d.repository.config.RepositoryConfigurationDelegate.registerRepositoriesIn:132 -Bootstrapping Spring Data Redis repositories in DEFAULT mode.
2023-02-08 15:10:18.942 INFO  [main]o.s.d.repository.config.RepositoryConfigurationDelegate.registerRepositoriesIn:201 -Finished Spring Data repository scanning in 4 ms. Found 0 Redis repository interfaces.
2023-02-08 15:10:19.169 INFO  [main]o.s.boot.web.embedded.tomcat.TomcatWebServer.initialize:108 -Tomcat initialized with port(s): 9156 (http)
2023-02-08 15:10:19.174 INFO  [main]org.apache.coyote.http11.Http11NioProtocol.log:173 -Initializing ProtocolHandler ["http-nio-9156"]
2023-02-08 15:10:19.174 INFO  [main]org.apache.catalina.core.StandardService.log:173 -Starting service [Tomcat]
2023-02-08 15:10:19.174 INFO  [main]org.apache.catalina.core.StandardEngine.log:173 -Starting Servlet engine: [Apache Tomcat/9.0.56]
2023-02-08 15:10:19.215 INFO  [main]o.a.catalina.core.ContainerBase.[Tomcat].[localhost].[/].log:173 -Initializing Spring embedded WebApplicationContext
2023-02-08 15:10:19.215 INFO  [main]o.s.b.w.s.context.ServletWebServerApplicationContext.prepareWebApplicationContext:290 -Root WebApplicationContext: initialization completed in 576 ms
2023-02-08 15:10:19.577 INFO  [main]org.apache.coyote.http11.Http11NioProtocol.log:173 -Starting ProtocolHandler ["http-nio-9156"]
2023-02-08 15:10:19.587 INFO  [main]o.s.boot.web.embedded.tomcat.TomcatWebServer.start:220 -Tomcat started on port(s): 9156 (http) with context path ''
2023-02-08 15:10:19.593 INFO  [main]com.gaobug.GaobugApplication.logStarted:61 -Started GaobugApplication in 1.278 seconds (JVM running for 1.63)
2023-02-08 15:10:43.685 INFO  [http-nio-9156-exec-1]o.a.catalina.core.ContainerBase.[Tomcat].[localhost].[/].log:173 -Initializing Spring DispatcherServlet 'dispatcherServlet'
2023-02-08 15:10:43.685 INFO  [http-nio-9156-exec-1]org.springframework.web.servlet.DispatcherServlet.initServletBean:525 -Initializing Servlet 'dispatcherServlet'
2023-02-08 15:10:43.686 INFO  [http-nio-9156-exec-1]org.springframework.web.servlet.DispatcherServlet.initServletBean:547 -Completed initialization in 1 ms
2023-02-08 15:12:16.255 INFO  [main]com.gaobug.GaobugApplication.logStarting:55 -Starting GaobugApplication using Java 1.8.0_301 on PC-20220222BTLW with PID 23852 (E:\lr\数据处理内容\Javaproduct\greatSeo\xxxseo1second\target\classes started by Administrator in E:\lr\数据处理内容\Javaproduct\greatSeo\xxxseo1second)
2023-02-08 15:12:16.257 INFO  [main]com.gaobug.GaobugApplication.logStartupProfileInfo:641 -The following profiles are active: dev
2023-02-08 15:12:16.543 INFO  [main]o.s.d.repository.config.RepositoryConfigurationDelegate.multipleStoresDetected:262 -Multiple Spring Data modules found, entering strict repository configuration mode!
2023-02-08 15:12:16.545 INFO  [main]o.s.d.repository.config.RepositoryConfigurationDelegate.registerRepositoriesIn:132 -Bootstrapping Spring Data Redis repositories in DEFAULT mode.
2023-02-08 15:12:16.556 INFO  [main]o.s.d.repository.config.RepositoryConfigurationDelegate.registerRepositoriesIn:201 -Finished Spring Data repository scanning in 4 ms. Found 0 Redis repository interfaces.
2023-02-08 15:12:16.779 INFO  [main]o.s.boot.web.embedded.tomcat.TomcatWebServer.initialize:108 -Tomcat initialized with port(s): 9156 (http)
2023-02-08 15:12:16.784 INFO  [main]org.apache.coyote.http11.Http11NioProtocol.log:173 -Initializing ProtocolHandler ["http-nio-9156"]
2023-02-08 15:12:16.785 INFO  [main]org.apache.catalina.core.StandardService.log:173 -Starting service [Tomcat]
2023-02-08 15:12:16.785 INFO  [main]org.apache.catalina.core.StandardEngine.log:173 -Starting Servlet engine: [Apache Tomcat/9.0.56]
2023-02-08 15:12:16.828 INFO  [main]o.a.catalina.core.ContainerBase.[Tomcat].[localhost].[/].log:173 -Initializing Spring embedded WebApplicationContext
2023-02-08 15:12:16.829 INFO  [main]o.s.b.w.s.context.ServletWebServerApplicationContext.prepareWebApplicationContext:290 -Root WebApplicationContext: initialization completed in 551 ms
2023-02-08 15:12:17.180 INFO  [main]org.apache.coyote.http11.Http11NioProtocol.log:173 -Starting ProtocolHandler ["http-nio-9156"]
2023-02-08 15:12:17.191 INFO  [main]o.s.boot.web.embedded.tomcat.TomcatWebServer.start:220 -Tomcat started on port(s): 9156 (http) with context path ''
2023-02-08 15:12:17.197 INFO  [main]com.gaobug.GaobugApplication.logStarted:61 -Started GaobugApplication in 1.232 seconds (JVM running for 1.608)
2023-02-08 15:12:17.662 INFO  [http-nio-9156-exec-1]o.a.catalina.core.ContainerBase.[Tomcat].[localhost].[/].log:173 -Initializing Spring DispatcherServlet 'dispatcherServlet'
2023-02-08 15:12:17.662 INFO  [http-nio-9156-exec-1]org.springframework.web.servlet.DispatcherServlet.initServletBean:525 -Initializing Servlet 'dispatcherServlet'
2023-02-08 15:12:17.663 INFO  [http-nio-9156-exec-1]org.springframework.web.servlet.DispatcherServlet.initServletBean:547 -Completed initialization in 0 ms
2023-02-08 15:39:41.274 INFO  [main]com.gaobug.GaobugApplication.logStarting:55 -Starting GaobugApplication using Java 1.8.0_301 on PC-20220222BTLW with PID 32492 (E:\lr\数据处理内容\Javaproduct\greatSeo\xxxseo1second\target\classes started by Administrator in E:\lr\数据处理内容\Javaproduct\greatSeo\xxxseo1second)
2023-02-08 15:39:41.276 INFO  [main]com.gaobug.GaobugApplication.logStartupProfileInfo:641 -The following profiles are active: dev
2023-02-08 15:39:41.611 INFO  [main]o.s.d.repository.config.RepositoryConfigurationDelegate.multipleStoresDetected:262 -Multiple Spring Data modules found, entering strict repository configuration mode!
2023-02-08 15:39:41.612 INFO  [main]o.s.d.repository.config.RepositoryConfigurationDelegate.registerRepositoriesIn:132 -Bootstrapping Spring Data Redis repositories in DEFAULT mode.
2023-02-08 15:39:41.622 INFO  [main]o.s.d.repository.config.RepositoryConfigurationDelegate.registerRepositoriesIn:201 -Finished Spring Data repository scanning in 4 ms. Found 0 Redis repository interfaces.
2023-02-08 15:39:41.844 INFO  [main]o.s.boot.web.embedded.tomcat.TomcatWebServer.initialize:108 -Tomcat initialized with port(s): 9156 (http)
2023-02-08 15:39:41.848 INFO  [main]org.apache.coyote.http11.Http11NioProtocol.log:173 -Initializing ProtocolHandler ["http-nio-9156"]
2023-02-08 15:39:41.848 INFO  [main]org.apache.catalina.core.StandardService.log:173 -Starting service [Tomcat]
2023-02-08 15:39:41.849 INFO  [main]org.apache.catalina.core.StandardEngine.log:173 -Starting Servlet engine: [Apache Tomcat/9.0.56]
2023-02-08 15:39:41.886 INFO  [main]o.a.catalina.core.ContainerBase.[Tomcat].[localhost].[/].log:173 -Initializing Spring embedded WebApplicationContext
2023-02-08 15:39:41.886 INFO  [main]o.s.b.w.s.context.ServletWebServerApplicationContext.prepareWebApplicationContext:290 -Root WebApplicationContext: initialization completed in 584 ms
2023-02-08 15:39:42.252 INFO  [main]org.apache.coyote.http11.Http11NioProtocol.log:173 -Starting ProtocolHandler ["http-nio-9156"]
2023-02-08 15:39:42.259 INFO  [main]o.s.boot.web.embedded.tomcat.TomcatWebServer.start:220 -Tomcat started on port(s): 9156 (http) with context path ''
2023-02-08 15:39:42.265 INFO  [main]com.gaobug.GaobugApplication.logStarted:61 -Started GaobugApplication in 1.277 seconds (JVM running for 1.63)
2023-02-08 15:39:45.958 INFO  [http-nio-9156-exec-1]o.a.catalina.core.ContainerBase.[Tomcat].[localhost].[/].log:173 -Initializing Spring DispatcherServlet 'dispatcherServlet'
2023-02-08 15:39:45.958 INFO  [http-nio-9156-exec-1]org.springframework.web.servlet.DispatcherServlet.initServletBean:525 -Initializing Servlet 'dispatcherServlet'
2023-02-08 15:39:45.959 INFO  [http-nio-9156-exec-1]org.springframework.web.servlet.DispatcherServlet.initServletBean:547 -Completed initialization in 1 ms
2023-02-08 15:40:04.106 INFO  [main]com.gaobug.GaobugApplication.logStarting:55 -Starting GaobugApplication using Java 1.8.0_301 on PC-20220222BTLW with PID 23884 (E:\lr\数据处理内容\Javaproduct\greatSeo\xxxseo1second\target\classes started by Administrator in E:\lr\数据处理内容\Javaproduct\greatSeo\xxxseo1second)
2023-02-08 15:40:04.108 INFO  [main]com.gaobug.GaobugApplication.logStartupProfileInfo:641 -The following profiles are active: dev
2023-02-08 15:40:04.470 INFO  [main]o.s.d.repository.config.RepositoryConfigurationDelegate.multipleStoresDetected:262 -Multiple Spring Data modules found, entering strict repository configuration mode!
2023-02-08 15:40:04.471 INFO  [main]o.s.d.repository.config.RepositoryConfigurationDelegate.registerRepositoriesIn:132 -Bootstrapping Spring Data Redis repositories in DEFAULT mode.
2023-02-08 15:40:04.484 INFO  [main]o.s.d.repository.config.RepositoryConfigurationDelegate.registerRepositoriesIn:201 -Finished Spring Data repository scanning in 4 ms. Found 0 Redis repository interfaces.
2023-02-08 15:40:04.717 INFO  [main]o.s.boot.web.embedded.tomcat.TomcatWebServer.initialize:108 -Tomcat initialized with port(s): 9156 (http)
2023-02-08 15:40:04.722 INFO  [main]org.apache.coyote.http11.Http11NioProtocol.log:173 -Initializing ProtocolHandler ["http-nio-9156"]
2023-02-08 15:40:04.723 INFO  [main]org.apache.catalina.core.StandardService.log:173 -Starting service [Tomcat]
2023-02-08 15:40:04.723 INFO  [main]org.apache.catalina.core.StandardEngine.log:173 -Starting Servlet engine: [Apache Tomcat/9.0.56]
2023-02-08 15:40:04.765 INFO  [main]o.a.catalina.core.ContainerBase.[Tomcat].[localhost].[/].log:173 -Initializing Spring embedded WebApplicationContext
2023-02-08 15:40:04.766 INFO  [main]o.s.b.w.s.context.ServletWebServerApplicationContext.prepareWebApplicationContext:290 -Root WebApplicationContext: initialization completed in 631 ms
2023-02-08 15:40:05.137 INFO  [main]org.apache.coyote.http11.Http11NioProtocol.log:173 -Starting ProtocolHandler ["http-nio-9156"]
2023-02-08 15:40:05.145 INFO  [main]o.s.boot.web.embedded.tomcat.TomcatWebServer.start:220 -Tomcat started on port(s): 9156 (http) with context path ''
2023-02-08 15:40:05.151 INFO  [main]com.gaobug.GaobugApplication.logStarted:61 -Started GaobugApplication in 1.366 seconds (JVM running for 1.735)
2023-02-08 15:40:05.454 INFO  [http-nio-9156-exec-1]o.a.catalina.core.ContainerBase.[Tomcat].[localhost].[/].log:173 -Initializing Spring DispatcherServlet 'dispatcherServlet'
2023-02-08 15:40:05.454 INFO  [http-nio-9156-exec-1]org.springframework.web.servlet.DispatcherServlet.initServletBean:525 -Initializing Servlet 'dispatcherServlet'
2023-02-08 15:40:05.455 INFO  [http-nio-9156-exec-1]org.springframework.web.servlet.DispatcherServlet.initServletBean:547 -Completed initialization in 1 ms
2023-02-08 15:46:13.338 INFO  [main]com.gaobug.GaobugApplication.logStarting:55 -Starting GaobugApplication using Java 1.8.0_301 on PC-20220222BTLW with PID 24136 (E:\lr\数据处理内容\Javaproduct\greatSeo\xxxseo1second\target\classes started by Administrator in E:\lr\数据处理内容\Javaproduct\greatSeo\xxxseo1second)
2023-02-08 15:46:13.341 INFO  [main]com.gaobug.GaobugApplication.logStartupProfileInfo:641 -The following profiles are active: dev
2023-02-08 15:46:13.684 INFO  [main]o.s.d.repository.config.RepositoryConfigurationDelegate.multipleStoresDetected:262 -Multiple Spring Data modules found, entering strict repository configuration mode!
2023-02-08 15:46:13.685 INFO  [main]o.s.d.repository.config.RepositoryConfigurationDelegate.registerRepositoriesIn:132 -Bootstrapping Spring Data Redis repositories in DEFAULT mode.
2023-02-08 15:46:13.697 INFO  [main]o.s.d.repository.config.RepositoryConfigurationDelegate.registerRepositoriesIn:201 -Finished Spring Data repository scanning in 4 ms. Found 0 Redis repository interfaces.
2023-02-08 15:46:13.927 INFO  [main]o.s.boot.web.embedded.tomcat.TomcatWebServer.initialize:108 -Tomcat initialized with port(s): 9156 (http)
2023-02-08 15:46:13.932 INFO  [main]org.apache.coyote.http11.Http11NioProtocol.log:173 -Initializing ProtocolHandler ["http-nio-9156"]
2023-02-08 15:46:13.932 INFO  [main]org.apache.catalina.core.StandardService.log:173 -Starting service [Tomcat]
2023-02-08 15:46:13.932 INFO  [main]org.apache.catalina.core.StandardEngine.log:173 -Starting Servlet engine: [Apache Tomcat/9.0.56]
2023-02-08 15:46:13.973 INFO  [main]o.a.catalina.core.ContainerBase.[Tomcat].[localhost].[/].log:173 -Initializing Spring embedded WebApplicationContext
2023-02-08 15:46:13.973 INFO  [main]o.s.b.w.s.context.ServletWebServerApplicationContext.prepareWebApplicationContext:290 -Root WebApplicationContext: initialization completed in 601 ms
2023-02-08 15:46:14.307 INFO  [main]org.apache.coyote.http11.Http11NioProtocol.log:173 -Starting ProtocolHandler ["http-nio-9156"]
2023-02-08 15:46:14.316 INFO  [main]o.s.boot.web.embedded.tomcat.TomcatWebServer.start:220 -Tomcat started on port(s): 9156 (http) with context path ''
2023-02-08 15:46:14.322 INFO  [main]com.gaobug.GaobugApplication.logStarted:61 -Started GaobugApplication in 1.33 seconds (JVM running for 1.787)
2023-02-08 15:46:15.188 INFO  [http-nio-9156-exec-1]o.a.catalina.core.ContainerBase.[Tomcat].[localhost].[/].log:173 -Initializing Spring DispatcherServlet 'dispatcherServlet'
2023-02-08 15:46:15.188 INFO  [http-nio-9156-exec-1]org.springframework.web.servlet.DispatcherServlet.initServletBean:525 -Initializing Servlet 'dispatcherServlet'
2023-02-08 15:46:15.189 INFO  [http-nio-9156-exec-1]org.springframework.web.servlet.DispatcherServlet.initServletBean:547 -Completed initialization in 1 ms
2023-02-08 15:47:00.712 INFO  [main]com.gaobug.GaobugApplication.logStarting:55 -Starting GaobugApplication using Java 1.8.0_301 on PC-20220222BTLW with PID 13064 (E:\lr\数据处理内容\Javaproduct\greatSeo\xxxseo1second\target\classes started by Administrator in E:\lr\数据处理内容\Javaproduct\greatSeo\xxxseo1second)
2023-02-08 15:47:00.714 INFO  [main]com.gaobug.GaobugApplication.logStartupProfileInfo:641 -The following profiles are active: dev
2023-02-08 15:47:00.993 INFO  [main]o.s.d.repository.config.RepositoryConfigurationDelegate.multipleStoresDetected:262 -Multiple Spring Data modules found, entering strict repository configuration mode!
2023-02-08 15:47:00.994 INFO  [main]o.s.d.repository.config.RepositoryConfigurationDelegate.registerRepositoriesIn:132 -Bootstrapping Spring Data Redis repositories in DEFAULT mode.
2023-02-08 15:47:01.004 INFO  [main]o.s.d.repository.config.RepositoryConfigurationDelegate.registerRepositoriesIn:201 -Finished Spring Data repository scanning in 4 ms. Found 0 Redis repository interfaces.
2023-02-08 15:47:01.218 INFO  [main]o.s.boot.web.embedded.tomcat.TomcatWebServer.initialize:108 -Tomcat initialized with port(s): 9156 (http)
2023-02-08 15:47:01.223 INFO  [main]org.apache.coyote.http11.Http11NioProtocol.log:173 -Initializing ProtocolHandler ["http-nio-9156"]
2023-02-08 15:47:01.223 INFO  [main]org.apache.catalina.core.StandardService.log:173 -Starting service [Tomcat]
2023-02-08 15:47:01.223 INFO  [main]org.apache.catalina.core.StandardEngine.log:173 -Starting Servlet engine: [Apache Tomcat/9.0.56]
2023-02-08 15:47:01.264 INFO  [main]o.a.catalina.core.ContainerBase.[Tomcat].[localhost].[/].log:173 -Initializing Spring embedded WebApplicationContext
2023-02-08 15:47:01.265 INFO  [main]o.s.b.w.s.context.ServletWebServerApplicationContext.prepareWebApplicationContext:290 -Root WebApplicationContext: initialization completed in 530 ms
2023-02-08 15:47:01.615 INFO  [main]org.apache.coyote.http11.Http11NioProtocol.log:173 -Starting ProtocolHandler ["http-nio-9156"]
2023-02-08 15:47:01.623 INFO  [main]o.s.boot.web.embedded.tomcat.TomcatWebServer.start:220 -Tomcat started on port(s): 9156 (http) with context path ''
2023-02-08 15:47:01.629 INFO  [main]com.gaobug.GaobugApplication.logStarted:61 -Started GaobugApplication in 1.173 seconds (JVM running for 1.499)
2023-02-08 15:47:02.523 INFO  [http-nio-9156-exec-1]o.a.catalina.core.ContainerBase.[Tomcat].[localhost].[/].log:173 -Initializing Spring DispatcherServlet 'dispatcherServlet'
2023-02-08 15:47:02.524 INFO  [http-nio-9156-exec-1]org.springframework.web.servlet.DispatcherServlet.initServletBean:525 -Initializing Servlet 'dispatcherServlet'
2023-02-08 15:47:02.524 INFO  [http-nio-9156-exec-1]org.springframework.web.servlet.DispatcherServlet.initServletBean:547 -Completed initialization in 0 ms
2023-02-08 16:23:40.716 INFO  [main]com.gaobug.GaobugApplication.logStarting:55 -Starting GaobugApplication using Java 1.8.0_301 on PC-20220222BTLW with PID 25448 (E:\lr\数据处理内容\Javaproduct\greatSeo\xxxseo1second\target\classes started by Administrator in E:\lr\数据处理内容\Javaproduct\greatSeo\xxxseo1second)
2023-02-08 16:23:40.718 INFO  [main]com.gaobug.GaobugApplication.logStartupProfileInfo:641 -The following profiles are active: dev
2023-02-08 16:23:41.057 INFO  [main]o.s.d.repository.config.RepositoryConfigurationDelegate.multipleStoresDetected:262 -Multiple Spring Data modules found, entering strict repository configuration mode!
2023-02-08 16:23:41.058 INFO  [main]o.s.d.repository.config.RepositoryConfigurationDelegate.registerRepositoriesIn:132 -Bootstrapping Spring Data Redis repositories in DEFAULT mode.
2023-02-08 16:23:41.070 INFO  [main]o.s.d.repository.config.RepositoryConfigurationDelegate.registerRepositoriesIn:201 -Finished Spring Data repository scanning in 4 ms. Found 0 Redis repository interfaces.
2023-02-08 16:23:41.295 INFO  [main]o.s.boot.web.embedded.tomcat.TomcatWebServer.initialize:108 -Tomcat initialized with port(s): 9156 (http)
2023-02-08 16:23:41.300 INFO  [main]org.apache.coyote.http11.Http11NioProtocol.log:173 -Initializing ProtocolHandler ["http-nio-9156"]
2023-02-08 16:23:41.301 INFO  [main]org.apache.catalina.core.StandardService.log:173 -Starting service [Tomcat]
2023-02-08 16:23:41.301 INFO  [main]org.apache.catalina.core.StandardEngine.log:173 -Starting Servlet engine: [Apache Tomcat/9.0.56]
2023-02-08 16:23:41.341 INFO  [main]o.a.catalina.core.ContainerBase.[Tomcat].[localhost].[/].log:173 -Initializing Spring embedded WebApplicationContext
2023-02-08 16:23:41.342 INFO  [main]o.s.b.w.s.context.ServletWebServerApplicationContext.prepareWebApplicationContext:290 -Root WebApplicationContext: initialization completed in 602 ms
2023-02-08 16:23:41.686 INFO  [main]org.apache.coyote.http11.Http11NioProtocol.log:173 -Starting ProtocolHandler ["http-nio-9156"]
2023-02-08 16:23:41.693 INFO  [main]o.s.boot.web.embedded.tomcat.TomcatWebServer.start:220 -Tomcat started on port(s): 9156 (http) with context path ''
2023-02-08 16:23:41.698 INFO  [main]com.gaobug.GaobugApplication.logStarted:61 -Started GaobugApplication in 1.29 seconds (JVM running for 1.665)
2023-02-08 16:23:44.726 INFO  [http-nio-9156-exec-1]o.a.catalina.core.ContainerBase.[Tomcat].[localhost].[/].log:173 -Initializing Spring DispatcherServlet 'dispatcherServlet'
2023-02-08 16:23:44.726 INFO  [http-nio-9156-exec-1]org.springframework.web.servlet.DispatcherServlet.initServletBean:525 -Initializing Servlet 'dispatcherServlet'
2023-02-08 16:23:44.727 INFO  [http-nio-9156-exec-1]org.springframework.web.servlet.DispatcherServlet.initServletBean:547 -Completed initialization in 1 ms
2023-02-08 16:23:59.033 INFO  [main]com.gaobug.GaobugApplication.logStarting:55 -Starting GaobugApplication using Java 1.8.0_301 on PC-20220222BTLW with PID 864 (E:\lr\数据处理内容\Javaproduct\greatSeo\xxxseo1second\target\classes started by Administrator in E:\lr\数据处理内容\Javaproduct\greatSeo\xxxseo1second)
2023-02-08 16:23:59.035 INFO  [main]com.gaobug.GaobugApplication.logStartupProfileInfo:641 -The following profiles are active: dev
2023-02-08 16:23:59.336 INFO  [main]o.s.d.repository.config.RepositoryConfigurationDelegate.multipleStoresDetected:262 -Multiple Spring Data modules found, entering strict repository configuration mode!
2023-02-08 16:23:59.337 INFO  [main]o.s.d.repository.config.RepositoryConfigurationDelegate.registerRepositoriesIn:132 -Bootstrapping Spring Data Redis repositories in DEFAULT mode.
2023-02-08 16:23:59.348 INFO  [main]o.s.d.repository.config.RepositoryConfigurationDelegate.registerRepositoriesIn:201 -Finished Spring Data repository scanning in 4 ms. Found 0 Redis repository interfaces.
2023-02-08 16:23:59.564 INFO  [main]o.s.boot.web.embedded.tomcat.TomcatWebServer.initialize:108 -Tomcat initialized with port(s): 9156 (http)
2023-02-08 16:23:59.568 INFO  [main]org.apache.coyote.http11.Http11NioProtocol.log:173 -Initializing ProtocolHandler ["http-nio-9156"]
2023-02-08 16:23:59.569 INFO  [main]org.apache.catalina.core.StandardService.log:173 -Starting service [Tomcat]
2023-02-08 16:23:59.569 INFO  [main]org.apache.catalina.core.StandardEngine.log:173 -Starting Servlet engine: [Apache Tomcat/9.0.56]
2023-02-08 16:23:59.616 INFO  [main]o.a.catalina.core.ContainerBase.[Tomcat].[localhost].[/].log:173 -Initializing Spring embedded WebApplicationContext
2023-02-08 16:23:59.617 INFO  [main]o.s.b.w.s.context.ServletWebServerApplicationContext.prepareWebApplicationContext:290 -Root WebApplicationContext: initialization completed in 559 ms
2023-02-08 16:23:59.983 INFO  [main]org.apache.coyote.http11.Http11NioProtocol.log:173 -Starting ProtocolHandler ["http-nio-9156"]
2023-02-08 16:23:59.991 INFO  [main]o.s.boot.web.embedded.tomcat.TomcatWebServer.start:220 -Tomcat started on port(s): 9156 (http) with context path ''
2023-02-08 16:23:59.997 INFO  [main]com.gaobug.GaobugApplication.logStarted:61 -Started GaobugApplication in 1.217 seconds (JVM running for 1.564)
2023-02-08 16:24:01.707 INFO  [http-nio-9156-exec-1]o.a.catalina.core.ContainerBase.[Tomcat].[localhost].[/].log:173 -Initializing Spring DispatcherServlet 'dispatcherServlet'
2023-02-08 16:24:01.707 INFO  [http-nio-9156-exec-1]org.springframework.web.servlet.DispatcherServlet.initServletBean:525 -Initializing Servlet 'dispatcherServlet'
2023-02-08 16:24:01.708 INFO  [http-nio-9156-exec-1]org.springframework.web.servlet.DispatcherServlet.initServletBean:547 -Completed initialization in 0 ms
2023-02-08 16:25:09.884 INFO  [main]com.gaobug.GaobugApplication.logStarting:55 -Starting GaobugApplication using Java 1.8.0_301 on PC-20220222BTLW with PID 21388 (E:\lr\数据处理内容\Javaproduct\greatSeo\xxxseo1second\target\classes started by Administrator in E:\lr\数据处理内容\Javaproduct\greatSeo\xxxseo1second)
2023-02-08 16:25:09.885 INFO  [main]com.gaobug.GaobugApplication.logStartupProfileInfo:641 -The following profiles are active: dev
2023-02-08 16:25:10.187 INFO  [main]o.s.d.repository.config.RepositoryConfigurationDelegate.multipleStoresDetected:262 -Multiple Spring Data modules found, entering strict repository configuration mode!
2023-02-08 16:25:10.188 INFO  [main]o.s.d.repository.config.RepositoryConfigurationDelegate.registerRepositoriesIn:132 -Bootstrapping Spring Data Redis repositories in DEFAULT mode.
2023-02-08 16:25:10.199 INFO  [main]o.s.d.repository.config.RepositoryConfigurationDelegate.registerRepositoriesIn:201 -Finished Spring Data repository scanning in 4 ms. Found 0 Redis repository interfaces.
2023-02-08 16:25:10.411 INFO  [main]o.s.boot.web.embedded.tomcat.TomcatWebServer.initialize:108 -Tomcat initialized with port(s): 9156 (http)
2023-02-08 16:25:10.416 INFO  [main]org.apache.coyote.http11.Http11NioProtocol.log:173 -Initializing ProtocolHandler ["http-nio-9156"]
2023-02-08 16:25:10.416 INFO  [main]org.apache.catalina.core.StandardService.log:173 -Starting service [Tomcat]
2023-02-08 16:25:10.417 INFO  [main]org.apache.catalina.core.StandardEngine.log:173 -Starting Servlet engine: [Apache Tomcat/9.0.56]
2023-02-08 16:25:10.456 INFO  [main]o.a.catalina.core.ContainerBase.[Tomcat].[localhost].[/].log:173 -Initializing Spring embedded WebApplicationContext
2023-02-08 16:25:10.457 INFO  [main]o.s.b.w.s.context.ServletWebServerApplicationContext.prepareWebApplicationContext:290 -Root WebApplicationContext: initialization completed in 552 ms
2023-02-08 16:25:10.795 INFO  [main]org.apache.coyote.http11.Http11NioProtocol.log:173 -Starting ProtocolHandler ["http-nio-9156"]
2023-02-08 16:25:10.803 INFO  [main]o.s.boot.web.embedded.tomcat.TomcatWebServer.start:220 -Tomcat started on port(s): 9156 (http) with context path ''
2023-02-08 16:25:10.808 INFO  [main]com.gaobug.GaobugApplication.logStarted:61 -Started GaobugApplication in 1.189 seconds (JVM running for 1.516)
2023-02-08 16:25:12.384 INFO  [http-nio-9156-exec-1]o.a.catalina.core.ContainerBase.[Tomcat].[localhost].[/].log:173 -Initializing Spring DispatcherServlet 'dispatcherServlet'
2023-02-08 16:25:12.384 INFO  [http-nio-9156-exec-1]org.springframework.web.servlet.DispatcherServlet.initServletBean:525 -Initializing Servlet 'dispatcherServlet'
2023-02-08 16:25:12.385 INFO  [http-nio-9156-exec-1]org.springframework.web.servlet.DispatcherServlet.initServletBean:547 -Completed initialization in 1 ms
