2022-10-07 09:02:00.287 INFO  [main]com.gaobug.GaobugApplication.logStarting:55 -Starting GaobugApplication using Java 1.8.0_301 on PC-20220222BTLW with PID 27260 (E:\lr\数据处理内容\Javaproduct\greatSeo\xxxx\target\classes started by Administrator in E:\lr\数据处理内容\Javaproduct\greatSeo\xxxx)
2022-10-07 09:02:00.290 INFO  [main]com.gaobug.GaobugApplication.logStartupProfileInfo:641 -The following profiles are active: dev
2022-10-07 09:02:00.577 INFO  [main]o.s.d.repository.config.RepositoryConfigurationDelegate.multipleStoresDetected:262 -Multiple Spring Data modules found, entering strict repository configuration mode!
2022-10-07 09:02:00.578 INFO  [main]o.s.d.repository.config.RepositoryConfigurationDelegate.registerRepositoriesIn:132 -Bootstrapping Spring Data Redis repositories in DEFAULT mode.
2022-10-07 09:02:00.589 INFO  [main]o.s.d.repository.config.RepositoryConfigurationDelegate.registerRepositoriesIn:201 -Finished Spring Data repository scanning in 4 ms. Found 0 Redis repository interfaces.
2022-10-07 09:02:00.829 INFO  [main]o.s.boot.web.embedded.tomcat.TomcatWebServer.initialize:108 -Tomcat initialized with port(s): 9156 (http)
2022-10-07 09:02:00.834 INFO  [main]org.apache.coyote.http11.Http11NioProtocol.log:173 -Initializing ProtocolHandler ["http-nio-9156"]
2022-10-07 09:02:00.834 INFO  [main]org.apache.catalina.core.StandardService.log:173 -Starting service [Tomcat]
2022-10-07 09:02:00.834 INFO  [main]org.apache.catalina.core.StandardEngine.log:173 -Starting Servlet engine: [Apache Tomcat/9.0.56]
2022-10-07 09:02:00.874 INFO  [main]o.a.catalina.core.ContainerBase.[Tomcat].[localhost].[/].log:173 -Initializing Spring embedded WebApplicationContext
2022-10-07 09:02:00.874 INFO  [main]o.s.b.w.s.context.ServletWebServerApplicationContext.prepareWebApplicationContext:290 -Root WebApplicationContext: initialization completed in 563 ms
2022-10-07 09:02:03.497 INFO  [main]org.apache.coyote.http11.Http11NioProtocol.log:173 -Starting ProtocolHandler ["http-nio-9156"]
2022-10-07 09:02:03.505 INFO  [main]o.s.boot.web.embedded.tomcat.TomcatWebServer.start:220 -Tomcat started on port(s): 9156 (http) with context path ''
2022-10-07 09:02:03.510 INFO  [main]com.gaobug.GaobugApplication.logStarted:61 -Started GaobugApplication in 3.523 seconds (JVM running for 3.927)
2022-10-07 09:02:10.221 INFO  [http-nio-9156-exec-1]o.a.catalina.core.ContainerBase.[Tomcat].[localhost].[/].log:173 -Initializing Spring DispatcherServlet 'dispatcherServlet'
2022-10-07 09:02:10.221 INFO  [http-nio-9156-exec-1]org.springframework.web.servlet.DispatcherServlet.initServletBean:525 -Initializing Servlet 'dispatcherServlet'
2022-10-07 09:02:10.222 INFO  [http-nio-9156-exec-1]org.springframework.web.servlet.DispatcherServlet.initServletBean:547 -Completed initialization in 1 ms
2022-10-07 09:27:52.846 INFO  [main]com.gaobug.GaobugApplication.logStarting:55 -Starting GaobugApplication using Java 1.8.0_301 on PC-20220222BTLW with PID 56704 (E:\lr\数据处理内容\Javaproduct\greatSeo\xxxx\target\classes started by Administrator in E:\lr\数据处理内容\Javaproduct\greatSeo\xxxx)
2022-10-07 09:27:52.848 INFO  [main]com.gaobug.GaobugApplication.logStartupProfileInfo:641 -The following profiles are active: dev
2022-10-07 09:27:53.151 INFO  [main]o.s.d.repository.config.RepositoryConfigurationDelegate.multipleStoresDetected:262 -Multiple Spring Data modules found, entering strict repository configuration mode!
2022-10-07 09:27:53.152 INFO  [main]o.s.d.repository.config.RepositoryConfigurationDelegate.registerRepositoriesIn:132 -Bootstrapping Spring Data Redis repositories in DEFAULT mode.
2022-10-07 09:27:53.163 INFO  [main]o.s.d.repository.config.RepositoryConfigurationDelegate.registerRepositoriesIn:201 -Finished Spring Data repository scanning in 3 ms. Found 0 Redis repository interfaces.
2022-10-07 09:27:53.396 INFO  [main]o.s.boot.web.embedded.tomcat.TomcatWebServer.initialize:108 -Tomcat initialized with port(s): 9156 (http)
2022-10-07 09:27:53.401 INFO  [main]org.apache.coyote.http11.Http11NioProtocol.log:173 -Initializing ProtocolHandler ["http-nio-9156"]
2022-10-07 09:27:53.401 INFO  [main]org.apache.catalina.core.StandardService.log:173 -Starting service [Tomcat]
2022-10-07 09:27:53.401 INFO  [main]org.apache.catalina.core.StandardEngine.log:173 -Starting Servlet engine: [Apache Tomcat/9.0.56]
2022-10-07 09:27:53.448 INFO  [main]o.a.catalina.core.ContainerBase.[Tomcat].[localhost].[/].log:173 -Initializing Spring embedded WebApplicationContext
2022-10-07 09:27:53.448 INFO  [main]o.s.b.w.s.context.ServletWebServerApplicationContext.prepareWebApplicationContext:290 -Root WebApplicationContext: initialization completed in 573 ms
2022-10-07 09:27:56.092 INFO  [main]org.apache.coyote.http11.Http11NioProtocol.log:173 -Starting ProtocolHandler ["http-nio-9156"]
2022-10-07 09:27:56.101 INFO  [main]o.s.boot.web.embedded.tomcat.TomcatWebServer.start:220 -Tomcat started on port(s): 9156 (http) with context path ''
2022-10-07 09:27:56.106 INFO  [main]com.gaobug.GaobugApplication.logStarted:61 -Started GaobugApplication in 3.551 seconds (JVM running for 3.89)
2022-10-07 09:28:06.866 INFO  [http-nio-9156-exec-1]o.a.catalina.core.ContainerBase.[Tomcat].[localhost].[/].log:173 -Initializing Spring DispatcherServlet 'dispatcherServlet'
2022-10-07 09:28:06.867 INFO  [http-nio-9156-exec-1]org.springframework.web.servlet.DispatcherServlet.initServletBean:525 -Initializing Servlet 'dispatcherServlet'
2022-10-07 09:28:06.868 INFO  [http-nio-9156-exec-1]org.springframework.web.servlet.DispatcherServlet.initServletBean:547 -Completed initialization in 1 ms
2022-10-07 09:29:12.311 INFO  [main]com.gaobug.GaobugApplication.logStarting:55 -Starting GaobugApplication using Java 1.8.0_301 on PC-20220222BTLW with PID 61124 (E:\lr\数据处理内容\Javaproduct\greatSeo\xxxx\target\classes started by Administrator in E:\lr\数据处理内容\Javaproduct\greatSeo\xxxx)
2022-10-07 09:29:12.313 INFO  [main]com.gaobug.GaobugApplication.logStartupProfileInfo:641 -The following profiles are active: dev
2022-10-07 09:29:12.627 INFO  [main]o.s.d.repository.config.RepositoryConfigurationDelegate.multipleStoresDetected:262 -Multiple Spring Data modules found, entering strict repository configuration mode!
2022-10-07 09:29:12.628 INFO  [main]o.s.d.repository.config.RepositoryConfigurationDelegate.registerRepositoriesIn:132 -Bootstrapping Spring Data Redis repositories in DEFAULT mode.
2022-10-07 09:29:12.641 INFO  [main]o.s.d.repository.config.RepositoryConfigurationDelegate.registerRepositoriesIn:201 -Finished Spring Data repository scanning in 4 ms. Found 0 Redis repository interfaces.
2022-10-07 09:29:12.851 INFO  [main]o.s.boot.web.embedded.tomcat.TomcatWebServer.initialize:108 -Tomcat initialized with port(s): 9156 (http)
2022-10-07 09:29:12.855 INFO  [main]org.apache.coyote.http11.Http11NioProtocol.log:173 -Initializing ProtocolHandler ["http-nio-9156"]
2022-10-07 09:29:12.856 INFO  [main]org.apache.catalina.core.StandardService.log:173 -Starting service [Tomcat]
2022-10-07 09:29:12.856 INFO  [main]org.apache.catalina.core.StandardEngine.log:173 -Starting Servlet engine: [Apache Tomcat/9.0.56]
2022-10-07 09:29:12.894 INFO  [main]o.a.catalina.core.ContainerBase.[Tomcat].[localhost].[/].log:173 -Initializing Spring embedded WebApplicationContext
2022-10-07 09:29:12.894 INFO  [main]o.s.b.w.s.context.ServletWebServerApplicationContext.prepareWebApplicationContext:290 -Root WebApplicationContext: initialization completed in 561 ms
2022-10-07 09:29:15.219 INFO  [main]org.apache.coyote.http11.Http11NioProtocol.log:173 -Starting ProtocolHandler ["http-nio-9156"]
2022-10-07 09:29:15.227 INFO  [main]o.s.boot.web.embedded.tomcat.TomcatWebServer.start:220 -Tomcat started on port(s): 9156 (http) with context path ''
2022-10-07 09:29:15.232 INFO  [main]com.gaobug.GaobugApplication.logStarted:61 -Started GaobugApplication in 3.177 seconds (JVM running for 3.521)
2022-10-07 09:29:15.454 INFO  [http-nio-9156-exec-1]o.a.catalina.core.ContainerBase.[Tomcat].[localhost].[/].log:173 -Initializing Spring DispatcherServlet 'dispatcherServlet'
2022-10-07 09:29:15.454 INFO  [http-nio-9156-exec-1]org.springframework.web.servlet.DispatcherServlet.initServletBean:525 -Initializing Servlet 'dispatcherServlet'
2022-10-07 09:29:15.455 INFO  [http-nio-9156-exec-1]org.springframework.web.servlet.DispatcherServlet.initServletBean:547 -Completed initialization in 1 ms
2022-10-07 14:37:00.413 INFO  [main]com.gaobug.GaobugApplication.logStarting:55 -Starting GaobugApplication using Java 1.8.0_301 on PC-20220222BTLW with PID 62652 (E:\lr\数据处理内容\Javaproduct\greatSeo\xxxx\target\classes started by Administrator in E:\lr\数据处理内容\Javaproduct\greatSeo\xxxx)
2022-10-07 14:37:00.415 INFO  [main]com.gaobug.GaobugApplication.logStartupProfileInfo:641 -The following profiles are active: dev
2022-10-07 14:37:00.702 INFO  [main]o.s.d.repository.config.RepositoryConfigurationDelegate.multipleStoresDetected:262 -Multiple Spring Data modules found, entering strict repository configuration mode!
2022-10-07 14:37:00.703 INFO  [main]o.s.d.repository.config.RepositoryConfigurationDelegate.registerRepositoriesIn:132 -Bootstrapping Spring Data Redis repositories in DEFAULT mode.
2022-10-07 14:37:00.714 INFO  [main]o.s.d.repository.config.RepositoryConfigurationDelegate.registerRepositoriesIn:201 -Finished Spring Data repository scanning in 4 ms. Found 0 Redis repository interfaces.
2022-10-07 14:37:00.933 INFO  [main]o.s.boot.web.embedded.tomcat.TomcatWebServer.initialize:108 -Tomcat initialized with port(s): 9156 (http)
2022-10-07 14:37:00.938 INFO  [main]org.apache.coyote.http11.Http11NioProtocol.log:173 -Initializing ProtocolHandler ["http-nio-9156"]
2022-10-07 14:37:00.938 INFO  [main]org.apache.catalina.core.StandardService.log:173 -Starting service [Tomcat]
2022-10-07 14:37:00.938 INFO  [main]org.apache.catalina.core.StandardEngine.log:173 -Starting Servlet engine: [Apache Tomcat/9.0.56]
2022-10-07 14:37:00.977 INFO  [main]o.a.catalina.core.ContainerBase.[Tomcat].[localhost].[/].log:173 -Initializing Spring embedded WebApplicationContext
2022-10-07 14:37:00.977 INFO  [main]o.s.b.w.s.context.ServletWebServerApplicationContext.prepareWebApplicationContext:290 -Root WebApplicationContext: initialization completed in 541 ms
2022-10-07 14:37:03.664 INFO  [main]org.apache.coyote.http11.Http11NioProtocol.log:173 -Starting ProtocolHandler ["http-nio-9156"]
2022-10-07 14:37:03.671 INFO  [main]o.s.boot.web.embedded.tomcat.TomcatWebServer.start:220 -Tomcat started on port(s): 9156 (http) with context path ''
2022-10-07 14:37:03.676 INFO  [main]com.gaobug.GaobugApplication.logStarted:61 -Started GaobugApplication in 3.562 seconds (JVM running for 3.969)
2022-10-07 14:37:09.616 INFO  [main]com.gaobug.GaobugApplication.logStarting:55 -Starting GaobugApplication using Java 1.8.0_301 on PC-20220222BTLW with PID 42936 (E:\lr\数据处理内容\Javaproduct\greatSeo\xxxx\target\classes started by Administrator in E:\lr\数据处理内容\Javaproduct\greatSeo\xxxx)
2022-10-07 14:37:09.617 INFO  [main]com.gaobug.GaobugApplication.logStartupProfileInfo:641 -The following profiles are active: dev
2022-10-07 14:37:09.906 INFO  [main]o.s.d.repository.config.RepositoryConfigurationDelegate.multipleStoresDetected:262 -Multiple Spring Data modules found, entering strict repository configuration mode!
2022-10-07 14:37:09.907 INFO  [main]o.s.d.repository.config.RepositoryConfigurationDelegate.registerRepositoriesIn:132 -Bootstrapping Spring Data Redis repositories in DEFAULT mode.
2022-10-07 14:37:09.918 INFO  [main]o.s.d.repository.config.RepositoryConfigurationDelegate.registerRepositoriesIn:201 -Finished Spring Data repository scanning in 3 ms. Found 0 Redis repository interfaces.
2022-10-07 14:37:10.123 INFO  [main]o.s.boot.web.embedded.tomcat.TomcatWebServer.initialize:108 -Tomcat initialized with port(s): 9156 (http)
2022-10-07 14:37:10.129 INFO  [main]org.apache.coyote.http11.Http11NioProtocol.log:173 -Initializing ProtocolHandler ["http-nio-9156"]
2022-10-07 14:37:10.130 INFO  [main]org.apache.catalina.core.StandardService.log:173 -Starting service [Tomcat]
2022-10-07 14:37:10.130 INFO  [main]org.apache.catalina.core.StandardEngine.log:173 -Starting Servlet engine: [Apache Tomcat/9.0.56]
2022-10-07 14:37:10.171 INFO  [main]o.a.catalina.core.ContainerBase.[Tomcat].[localhost].[/].log:173 -Initializing Spring embedded WebApplicationContext
2022-10-07 14:37:10.172 INFO  [main]o.s.b.w.s.context.ServletWebServerApplicationContext.prepareWebApplicationContext:290 -Root WebApplicationContext: initialization completed in 534 ms
2022-10-07 14:37:12.522 INFO  [main]org.apache.coyote.http11.Http11NioProtocol.log:173 -Starting ProtocolHandler ["http-nio-9156"]
2022-10-07 14:37:12.531 INFO  [main]o.s.boot.web.embedded.tomcat.TomcatWebServer.start:220 -Tomcat started on port(s): 9156 (http) with context path ''
2022-10-07 14:37:12.536 INFO  [main]com.gaobug.GaobugApplication.logStarted:61 -Started GaobugApplication in 3.172 seconds (JVM running for 3.476)
2022-10-07 14:37:28.633 INFO  [http-nio-9156-exec-1]o.a.catalina.core.ContainerBase.[Tomcat].[localhost].[/].log:173 -Initializing Spring DispatcherServlet 'dispatcherServlet'
2022-10-07 14:37:28.633 INFO  [http-nio-9156-exec-1]org.springframework.web.servlet.DispatcherServlet.initServletBean:525 -Initializing Servlet 'dispatcherServlet'
2022-10-07 14:37:28.634 INFO  [http-nio-9156-exec-1]org.springframework.web.servlet.DispatcherServlet.initServletBean:547 -Completed initialization in 1 ms
2022-10-07 14:39:04.524 INFO  [main]com.gaobug.GaobugApplication.logStarting:55 -Starting GaobugApplication using Java 1.8.0_301 on PC-20220222BTLW with PID 13236 (E:\lr\数据处理内容\Javaproduct\greatSeo\xxxx\target\classes started by Administrator in E:\lr\数据处理内容\Javaproduct\greatSeo\xxxx)
2022-10-07 14:39:04.526 INFO  [main]com.gaobug.GaobugApplication.logStartupProfileInfo:641 -The following profiles are active: dev
2022-10-07 14:39:04.801 INFO  [main]o.s.d.repository.config.RepositoryConfigurationDelegate.multipleStoresDetected:262 -Multiple Spring Data modules found, entering strict repository configuration mode!
2022-10-07 14:39:04.802 INFO  [main]o.s.d.repository.config.RepositoryConfigurationDelegate.registerRepositoriesIn:132 -Bootstrapping Spring Data Redis repositories in DEFAULT mode.
2022-10-07 14:39:04.812 INFO  [main]o.s.d.repository.config.RepositoryConfigurationDelegate.registerRepositoriesIn:201 -Finished Spring Data repository scanning in 3 ms. Found 0 Redis repository interfaces.
2022-10-07 14:39:05.009 INFO  [main]o.s.boot.web.embedded.tomcat.TomcatWebServer.initialize:108 -Tomcat initialized with port(s): 9156 (http)
2022-10-07 14:39:05.014 INFO  [main]org.apache.coyote.http11.Http11NioProtocol.log:173 -Initializing ProtocolHandler ["http-nio-9156"]
2022-10-07 14:39:05.014 INFO  [main]org.apache.catalina.core.StandardService.log:173 -Starting service [Tomcat]
2022-10-07 14:39:05.014 INFO  [main]org.apache.catalina.core.StandardEngine.log:173 -Starting Servlet engine: [Apache Tomcat/9.0.56]
2022-10-07 14:39:05.058 INFO  [main]o.a.catalina.core.ContainerBase.[Tomcat].[localhost].[/].log:173 -Initializing Spring embedded WebApplicationContext
2022-10-07 14:39:05.058 INFO  [main]o.s.b.w.s.context.ServletWebServerApplicationContext.prepareWebApplicationContext:290 -Root WebApplicationContext: initialization completed in 512 ms
2022-10-07 14:39:07.381 INFO  [main]org.apache.coyote.http11.Http11NioProtocol.log:173 -Starting ProtocolHandler ["http-nio-9156"]
2022-10-07 14:39:07.389 INFO  [main]o.s.boot.web.embedded.tomcat.TomcatWebServer.start:220 -Tomcat started on port(s): 9156 (http) with context path ''
2022-10-07 14:39:07.396 INFO  [main]com.gaobug.GaobugApplication.logStarted:61 -Started GaobugApplication in 3.113 seconds (JVM running for 3.425)
2022-10-07 14:39:07.531 INFO  [http-nio-9156-exec-1]o.a.catalina.core.ContainerBase.[Tomcat].[localhost].[/].log:173 -Initializing Spring DispatcherServlet 'dispatcherServlet'
2022-10-07 14:39:07.531 INFO  [http-nio-9156-exec-1]org.springframework.web.servlet.DispatcherServlet.initServletBean:525 -Initializing Servlet 'dispatcherServlet'
2022-10-07 14:39:07.533 INFO  [http-nio-9156-exec-1]org.springframework.web.servlet.DispatcherServlet.initServletBean:547 -Completed initialization in 1 ms
2022-10-07 14:39:37.212 INFO  [main]com.gaobug.GaobugApplication.logStarting:55 -Starting GaobugApplication using Java 1.8.0_301 on PC-20220222BTLW with PID 81656 (E:\lr\数据处理内容\Javaproduct\greatSeo\xxxx\target\classes started by Administrator in E:\lr\数据处理内容\Javaproduct\greatSeo\xxxx)
2022-10-07 14:39:37.213 INFO  [main]com.gaobug.GaobugApplication.logStartupProfileInfo:641 -The following profiles are active: dev
2022-10-07 14:39:37.504 INFO  [main]o.s.d.repository.config.RepositoryConfigurationDelegate.multipleStoresDetected:262 -Multiple Spring Data modules found, entering strict repository configuration mode!
2022-10-07 14:39:37.505 INFO  [main]o.s.d.repository.config.RepositoryConfigurationDelegate.registerRepositoriesIn:132 -Bootstrapping Spring Data Redis repositories in DEFAULT mode.
2022-10-07 14:39:37.516 INFO  [main]o.s.d.repository.config.RepositoryConfigurationDelegate.registerRepositoriesIn:201 -Finished Spring Data repository scanning in 3 ms. Found 0 Redis repository interfaces.
2022-10-07 14:39:37.719 INFO  [main]o.s.boot.web.embedded.tomcat.TomcatWebServer.initialize:108 -Tomcat initialized with port(s): 9156 (http)
2022-10-07 14:39:37.726 INFO  [main]org.apache.coyote.http11.Http11NioProtocol.log:173 -Initializing ProtocolHandler ["http-nio-9156"]
2022-10-07 14:39:37.727 INFO  [main]org.apache.catalina.core.StandardService.log:173 -Starting service [Tomcat]
2022-10-07 14:39:37.727 INFO  [main]org.apache.catalina.core.StandardEngine.log:173 -Starting Servlet engine: [Apache Tomcat/9.0.56]
2022-10-07 14:39:37.770 INFO  [main]o.a.catalina.core.ContainerBase.[Tomcat].[localhost].[/].log:173 -Initializing Spring embedded WebApplicationContext
2022-10-07 14:39:37.770 INFO  [main]o.s.b.w.s.context.ServletWebServerApplicationContext.prepareWebApplicationContext:290 -Root WebApplicationContext: initialization completed in 537 ms
2022-10-07 14:39:40.049 INFO  [main]org.apache.coyote.http11.Http11NioProtocol.log:173 -Starting ProtocolHandler ["http-nio-9156"]
2022-10-07 14:39:40.056 INFO  [main]o.s.boot.web.embedded.tomcat.TomcatWebServer.start:220 -Tomcat started on port(s): 9156 (http) with context path ''
2022-10-07 14:39:40.062 INFO  [main]com.gaobug.GaobugApplication.logStarted:61 -Started GaobugApplication in 3.095 seconds (JVM running for 3.401)
2022-10-07 14:39:40.607 INFO  [http-nio-9156-exec-1]o.a.catalina.core.ContainerBase.[Tomcat].[localhost].[/].log:173 -Initializing Spring DispatcherServlet 'dispatcherServlet'
2022-10-07 14:39:40.607 INFO  [http-nio-9156-exec-1]org.springframework.web.servlet.DispatcherServlet.initServletBean:525 -Initializing Servlet 'dispatcherServlet'
2022-10-07 14:39:40.607 INFO  [http-nio-9156-exec-1]org.springframework.web.servlet.DispatcherServlet.initServletBean:547 -Completed initialization in 0 ms
2022-10-07 14:40:03.730 INFO  [main]com.gaobug.GaobugApplication.logStarting:55 -Starting GaobugApplication using Java 1.8.0_301 on PC-20220222BTLW with PID 28020 (E:\lr\数据处理内容\Javaproduct\greatSeo\xxxx\target\classes started by Administrator in E:\lr\数据处理内容\Javaproduct\greatSeo\xxxx)
2022-10-07 14:40:03.731 INFO  [main]com.gaobug.GaobugApplication.logStartupProfileInfo:641 -The following profiles are active: dev
2022-10-07 14:40:04.020 INFO  [main]o.s.d.repository.config.RepositoryConfigurationDelegate.multipleStoresDetected:262 -Multiple Spring Data modules found, entering strict repository configuration mode!
2022-10-07 14:40:04.021 INFO  [main]o.s.d.repository.config.RepositoryConfigurationDelegate.registerRepositoriesIn:132 -Bootstrapping Spring Data Redis repositories in DEFAULT mode.
2022-10-07 14:40:04.032 INFO  [main]o.s.d.repository.config.RepositoryConfigurationDelegate.registerRepositoriesIn:201 -Finished Spring Data repository scanning in 4 ms. Found 0 Redis repository interfaces.
2022-10-07 14:40:04.238 INFO  [main]o.s.boot.web.embedded.tomcat.TomcatWebServer.initialize:108 -Tomcat initialized with port(s): 9156 (http)
2022-10-07 14:40:04.242 INFO  [main]org.apache.coyote.http11.Http11NioProtocol.log:173 -Initializing ProtocolHandler ["http-nio-9156"]
2022-10-07 14:40:04.243 INFO  [main]org.apache.catalina.core.StandardService.log:173 -Starting service [Tomcat]
2022-10-07 14:40:04.243 INFO  [main]org.apache.catalina.core.StandardEngine.log:173 -Starting Servlet engine: [Apache Tomcat/9.0.56]
2022-10-07 14:40:04.288 INFO  [main]o.a.catalina.core.ContainerBase.[Tomcat].[localhost].[/].log:173 -Initializing Spring embedded WebApplicationContext
2022-10-07 14:40:04.289 INFO  [main]o.s.b.w.s.context.ServletWebServerApplicationContext.prepareWebApplicationContext:290 -Root WebApplicationContext: initialization completed in 537 ms
2022-10-07 14:40:06.662 INFO  [main]org.apache.coyote.http11.Http11NioProtocol.log:173 -Starting ProtocolHandler ["http-nio-9156"]
2022-10-07 14:40:06.671 INFO  [main]o.s.boot.web.embedded.tomcat.TomcatWebServer.start:220 -Tomcat started on port(s): 9156 (http) with context path ''
2022-10-07 14:40:06.676 INFO  [main]com.gaobug.GaobugApplication.logStarted:61 -Started GaobugApplication in 3.204 seconds (JVM running for 3.549)
2022-10-07 14:40:06.695 INFO  [http-nio-9156-exec-1]o.a.catalina.core.ContainerBase.[Tomcat].[localhost].[/].log:173 -Initializing Spring DispatcherServlet 'dispatcherServlet'
2022-10-07 14:40:06.695 INFO  [http-nio-9156-exec-1]org.springframework.web.servlet.DispatcherServlet.initServletBean:525 -Initializing Servlet 'dispatcherServlet'
2022-10-07 14:40:06.696 INFO  [http-nio-9156-exec-1]org.springframework.web.servlet.DispatcherServlet.initServletBean:547 -Completed initialization in 0 ms
2022-10-07 14:46:45.399 INFO  [main]com.gaobug.GaobugApplication.logStarting:55 -Starting GaobugApplication using Java 1.8.0_301 on PC-20220222BTLW with PID 68884 (E:\lr\数据处理内容\Javaproduct\greatSeo\xxxx\target\classes started by Administrator in E:\lr\数据处理内容\Javaproduct\greatSeo\xxxx)
2022-10-07 14:46:45.400 INFO  [main]com.gaobug.GaobugApplication.logStartupProfileInfo:641 -The following profiles are active: dev
2022-10-07 14:46:45.697 INFO  [main]o.s.d.repository.config.RepositoryConfigurationDelegate.multipleStoresDetected:262 -Multiple Spring Data modules found, entering strict repository configuration mode!
2022-10-07 14:46:45.698 INFO  [main]o.s.d.repository.config.RepositoryConfigurationDelegate.registerRepositoriesIn:132 -Bootstrapping Spring Data Redis repositories in DEFAULT mode.
2022-10-07 14:46:45.708 INFO  [main]o.s.d.repository.config.RepositoryConfigurationDelegate.registerRepositoriesIn:201 -Finished Spring Data repository scanning in 3 ms. Found 0 Redis repository interfaces.
2022-10-07 14:46:45.926 INFO  [main]o.s.boot.web.embedded.tomcat.TomcatWebServer.initialize:108 -Tomcat initialized with port(s): 9156 (http)
2022-10-07 14:46:45.931 INFO  [main]org.apache.coyote.http11.Http11NioProtocol.log:173 -Initializing ProtocolHandler ["http-nio-9156"]
2022-10-07 14:46:45.932 INFO  [main]org.apache.catalina.core.StandardService.log:173 -Starting service [Tomcat]
2022-10-07 14:46:45.932 INFO  [main]org.apache.catalina.core.StandardEngine.log:173 -Starting Servlet engine: [Apache Tomcat/9.0.56]
2022-10-07 14:46:45.976 INFO  [main]o.a.catalina.core.ContainerBase.[Tomcat].[localhost].[/].log:173 -Initializing Spring embedded WebApplicationContext
2022-10-07 14:46:45.976 INFO  [main]o.s.b.w.s.context.ServletWebServerApplicationContext.prepareWebApplicationContext:290 -Root WebApplicationContext: initialization completed in 552 ms
2022-10-07 14:46:48.478 INFO  [main]org.apache.coyote.http11.Http11NioProtocol.log:173 -Starting ProtocolHandler ["http-nio-9156"]
2022-10-07 14:46:48.487 INFO  [main]o.s.boot.web.embedded.tomcat.TomcatWebServer.start:220 -Tomcat started on port(s): 9156 (http) with context path ''
2022-10-07 14:46:48.492 INFO  [main]com.gaobug.GaobugApplication.logStarted:61 -Started GaobugApplication in 3.386 seconds (JVM running for 3.761)
2022-10-07 14:46:49.127 INFO  [http-nio-9156-exec-1]o.a.catalina.core.ContainerBase.[Tomcat].[localhost].[/].log:173 -Initializing Spring DispatcherServlet 'dispatcherServlet'
2022-10-07 14:46:49.127 INFO  [http-nio-9156-exec-1]org.springframework.web.servlet.DispatcherServlet.initServletBean:525 -Initializing Servlet 'dispatcherServlet'
2022-10-07 14:46:49.128 INFO  [http-nio-9156-exec-1]org.springframework.web.servlet.DispatcherServlet.initServletBean:547 -Completed initialization in 1 ms
